TN:
SF:server.js
FN:43,(anonymous_0)
FN:49,(anonymous_1)
FN:59,(anonymous_2)
FN:63,(anonymous_3)
FN:72,(anonymous_4)
FN:96,(anonymous_5)
FNF:6
FNH:0
FNDA:0,(anonymous_0)
FNDA:0,(anonymous_1)
FNDA:0,(anonymous_2)
FNDA:0,(anonymous_3)
FNDA:0,(anonymous_4)
FNDA:0,(anonymous_5)
DA:1,2
DA:2,2
DA:3,2
DA:4,2
DA:5,2
DA:6,2
DA:7,2
DA:8,2
DA:9,2
DA:10,2
DA:12,2
DA:14,2
DA:15,2
DA:16,2
DA:19,2
DA:22,2
DA:43,2
DA:44,0
DA:45,0
DA:49,2
DA:50,0
DA:51,0
DA:54,2
DA:59,2
DA:60,0
DA:63,2
DA:64,0
DA:65,0
DA:66,0
DA:68,0
DA:72,2
DA:73,0
DA:74,0
DA:81,0
DA:82,0
DA:83,0
DA:85,0
DA:89,2
DA:91,2
DA:93,2
DA:95,2
DA:96,0
DA:99,2
LF:43
LH:27
BRDA:56,0,0,0
BRDA:56,0,1,2
BRDA:93,1,0,2
BRDA:93,1,1,0
BRDA:95,2,0,0
BRDA:95,2,1,2
BRF:6
BRH:3
end_of_record
TN:
SF:src\config\database.js
FNF:0
FNH:0
DA:1,2
DA:3,2
DA:7,2
LF:3
LH:3
BRDA:4,0,0,0
BRDA:4,0,1,2
BRF:2
BRH:1
end_of_record
TN:
SF:src\config\jwt.js
FNF:0
FNH:0
DA:1,2
LF:1
LH:1
BRDA:3,0,0,2
BRDA:3,0,1,0
BRDA:4,1,0,2
BRDA:4,1,1,0
BRDA:7,2,0,2
BRDA:7,2,1,0
BRDA:8,3,0,2
BRDA:8,3,1,0
BRDA:11,4,0,2
BRDA:11,4,1,0
BRDA:12,5,0,2
BRDA:12,5,1,0
BRDA:15,6,0,2
BRDA:15,6,1,0
BRDA:16,7,0,2
BRDA:16,7,1,0
BRF:16
BRH:8
end_of_record
TN:
SF:src\controllers\allocationController.js
FN:4,holder
FN:16,createAllocation
FN:39,(anonymous_2)
FN:56,returnAllocation
FN:61,(anonymous_4)
FNF:5
FNH:0
FNDA:0,holder
FNDA:0,createAllocation
FNDA:0,(anonymous_2)
FNDA:0,returnAllocation
FNDA:0,(anonymous_4)
DA:1,2
DA:2,2
DA:5,0
DA:6,0
DA:7,0
DA:9,0
DA:10,0
DA:11,0
DA:13,0
DA:17,0
DA:18,0
DA:19,0
DA:21,0
DA:22,0
DA:23,0
DA:24,0
DA:26,0
DA:30,0
DA:31,0
DA:39,0
DA:40,0
DA:50,0
DA:51,0
DA:53,0
DA:57,0
DA:58,0
DA:59,0
DA:60,0
DA:61,0
DA:62,0
DA:67,0
DA:68,0
DA:70,0
DA:79,2
LF:34
LH:3
BRDA:5,0,0,0
BRDA:5,0,1,0
BRDA:7,1,0,0
BRDA:7,1,1,0
BRDA:9,2,0,0
BRDA:9,2,1,0
BRDA:11,3,0,0
BRDA:11,3,1,0
BRDA:17,4,0,0
BRDA:18,5,0,0
BRDA:18,5,1,0
BRDA:18,6,0,0
BRDA:18,6,1,0
BRDA:18,6,2,0
BRDA:22,7,0,0
BRDA:22,7,1,0
BRDA:24,8,0,0
BRDA:24,8,1,0
BRDA:30,9,0,0
BRDA:30,9,1,0
BRDA:46,10,0,0
BRDA:46,10,1,0
BRDA:50,11,0,0
BRDA:50,11,1,0
BRDA:58,12,0,0
BRDA:58,12,1,0
BRDA:59,13,0,0
BRDA:59,13,1,0
BRF:28
BRH:0
end_of_record
TN:
SF:src\controllers\assetCategoryController.js
FN:7,validateCategoryData
FN:51,parseQueryOptions
FN:86,createCategory
FN:134,listCategories
FN:152,getCategory
FN:179,updateCategory
FN:252,deleteCategory
FN:278,getCategoryHierarchy
FN:297,getCategoryStatistics
FN:315,searchCategories
FN:338,getRootCategories
FN:351,getChildCategories
FNF:12
FNH:0
FNDA:0,validateCategoryData
FNDA:0,parseQueryOptions
FNDA:0,createCategory
FNDA:0,listCategories
FNDA:0,getCategory
FNDA:0,updateCategory
FNDA:0,deleteCategory
FNDA:0,getCategoryHierarchy
FNDA:0,getCategoryStatistics
FNDA:0,searchCategories
FNDA:0,getRootCategories
FNDA:0,getChildCategories
DA:1,2
DA:2,2
DA:8,0
DA:10,0
DA:11,0
DA:14,0
DA:15,0
DA:18,0
DA:19,0
DA:22,0
DA:23,0
DA:26,0
DA:27,0
DA:30,0
DA:31,0
DA:32,0
DA:33,0
DA:37,0
DA:38,0
DA:41,0
DA:42,0
DA:45,0
DA:52,0
DA:66,0
DA:67,0
DA:70,0
DA:71,0
DA:75,0
DA:76,0
DA:77,0
DA:80,0
DA:87,0
DA:88,0
DA:89,0
DA:90,0
DA:93,0
DA:96,0
DA:97,0
DA:98,0
DA:102,0
DA:103,0
DA:104,0
DA:105,0
DA:109,0
DA:120,0
DA:121,0
DA:123,0
DA:124,0
DA:125,0
DA:127,0
DA:135,0
DA:136,0
DA:137,0
DA:139,0
DA:144,0
DA:145,0
DA:153,0
DA:154,0
DA:155,0
DA:157,0
DA:158,0
DA:159,0
DA:162,0
DA:164,0
DA:165,0
DA:166,0
DA:169,0
DA:171,0
DA:172,0
DA:180,0
DA:181,0
DA:182,0
DA:183,0
DA:186,0
DA:187,0
DA:188,0
DA:191,0
DA:193,0
DA:195,0
DA:196,0
DA:197,0
DA:198,0
DA:201,0
DA:204,0
DA:205,0
DA:208,0
DA:209,0
DA:212,0
DA:213,0
DA:216,0
DA:217,0
DA:220,0
DA:221,0
DA:224,0
DA:225,0
DA:226,0
DA:228,0
DA:229,0
DA:231,0
DA:234,0
DA:235,0
DA:238,0
DA:239,0
DA:241,0
DA:242,0
DA:243,0
DA:245,0
DA:253,0
DA:254,0
DA:255,0
DA:256,0
DA:259,0
DA:260,0
DA:261,0
DA:267,0
DA:268,0
DA:270,0
DA:271,0
DA:279,0
DA:280,0
DA:281,0
DA:283,0
DA:284,0
DA:287,0
DA:289,0
DA:290,0
DA:298,0
DA:299,0
DA:301,0
DA:302,0
DA:305,0
DA:307,0
DA:308,0
DA:316,0
DA:317,0
DA:318,0
DA:319,0
DA:322,0
DA:323,0
DA:325,0
DA:330,0
DA:331,0
DA:339,0
DA:340,0
DA:341,0
DA:343,0
DA:344,0
DA:352,0
DA:353,0
DA:354,0
DA:356,0
DA:357,0
DA:361,2
LF:153
LH:3
BRDA:7,0,0,0
BRDA:10,1,0,0
BRDA:10,1,1,0
BRDA:10,2,0,0
BRDA:10,2,1,0
BRDA:14,3,0,0
BRDA:14,3,1,0
BRDA:14,4,0,0
BRDA:14,4,1,0
BRDA:14,4,2,0
BRDA:18,5,0,0
BRDA:18,5,1,0
BRDA:18,6,0,0
BRDA:18,6,1,0
BRDA:22,7,0,0
BRDA:22,7,1,0
BRDA:22,8,0,0
BRDA:22,8,1,0
BRDA:26,9,0,0
BRDA:26,9,1,0
BRDA:26,10,0,0
BRDA:26,10,1,0
BRDA:30,11,0,0
BRDA:30,11,1,0
BRDA:32,12,0,0
BRDA:32,12,1,0
BRDA:32,13,0,0
BRDA:32,13,1,0
BRDA:37,14,0,0
BRDA:37,14,1,0
BRDA:37,15,0,0
BRDA:37,15,1,0
BRDA:41,16,0,0
BRDA:41,16,1,0
BRDA:41,17,0,0
BRDA:41,17,1,0
BRDA:53,18,0,0
BRDA:53,18,1,0
BRDA:54,19,0,0
BRDA:54,19,1,0
BRDA:56,20,0,0
BRDA:56,20,1,0
BRDA:58,21,0,0
BRDA:58,21,1,0
BRDA:59,22,0,0
BRDA:59,22,1,0
BRDA:60,23,0,0
BRDA:60,23,1,0
BRDA:66,24,0,0
BRDA:66,24,1,0
BRDA:67,25,0,0
BRDA:67,25,1,0
BRDA:67,26,0,0
BRDA:67,26,1,0
BRDA:70,27,0,0
BRDA:70,27,1,0
BRDA:76,28,0,0
BRDA:76,28,1,0
BRDA:89,29,0,0
BRDA:89,29,1,0
BRDA:97,30,0,0
BRDA:97,30,1,0
BRDA:102,31,0,0
BRDA:102,31,1,0
BRDA:104,32,0,0
BRDA:104,32,1,0
BRDA:113,33,0,0
BRDA:113,33,1,0
BRDA:114,34,0,0
BRDA:114,34,1,0
BRDA:116,35,0,0
BRDA:116,35,1,0
BRDA:117,36,0,0
BRDA:117,36,1,0
BRDA:124,37,0,0
BRDA:124,37,1,0
BRDA:158,38,0,0
BRDA:158,38,1,0
BRDA:164,39,0,0
BRDA:164,39,1,0
BRDA:182,40,0,0
BRDA:182,40,1,0
BRDA:187,41,0,0
BRDA:187,41,1,0
BRDA:193,42,0,0
BRDA:193,42,1,0
BRDA:195,43,0,0
BRDA:195,43,1,0
BRDA:197,44,0,0
BRDA:197,44,1,0
BRDA:204,45,0,0
BRDA:204,45,1,0
BRDA:208,46,0,0
BRDA:208,46,1,0
BRDA:212,47,0,0
BRDA:212,47,1,0
BRDA:216,48,0,0
BRDA:216,48,1,0
BRDA:217,49,0,0
BRDA:217,49,1,0
BRDA:220,50,0,0
BRDA:220,50,1,0
BRDA:224,51,0,0
BRDA:224,51,1,0
BRDA:225,52,0,0
BRDA:225,52,1,0
BRDA:225,53,0,0
BRDA:225,53,1,0
BRDA:228,54,0,0
BRDA:228,54,1,0
BRDA:228,55,0,0
BRDA:228,55,1,0
BRDA:234,56,0,0
BRDA:234,56,1,0
BRDA:242,57,0,0
BRDA:242,57,1,0
BRDA:255,58,0,0
BRDA:255,58,1,0
BRDA:260,59,0,0
BRDA:260,59,1,0
BRDA:280,60,0,0
BRDA:280,60,1,0
BRDA:283,61,0,0
BRDA:283,61,1,0
BRDA:301,62,0,0
BRDA:301,62,1,0
BRDA:318,63,0,0
BRDA:318,63,1,0
BRF:128
BRH:0
end_of_record
TN:
SF:src\controllers\assetController.js
FN:17,validateCategoryExists
FN:25,validateDepartmentExists
FN:33,validateEmployeeExists
FN:41,generateUniqueBarcode
FN:54,createAsset
FN:146,getAsset
FN:183,listAssets
FN:223,updateAsset
FN:296,deleteAsset
FN:336,generateCodes
FN:386,uploadAttachment
FN:419,listAttachments
FN:440,deleteAttachment
FN:464,importAssetsFromCSV
FN:496,importPreview
FN:511,downloadCSVTemplate
FN:522,getAssetStats
FN:537,getAssetHistory
FN:557,getAuditLogs
FNF:19
FNH:0
FNDA:0,validateCategoryExists
FNDA:0,validateDepartmentExists
FNDA:0,validateEmployeeExists
FNDA:0,generateUniqueBarcode
FNDA:0,createAsset
FNDA:0,getAsset
FNDA:0,listAssets
FNDA:0,updateAsset
FNDA:0,deleteAsset
FNDA:0,generateCodes
FNDA:0,uploadAttachment
FNDA:0,listAttachments
FNDA:0,deleteAttachment
FNDA:0,importAssetsFromCSV
FNDA:0,importPreview
FNDA:0,downloadCSVTemplate
FNDA:0,getAssetStats
FNDA:0,getAssetHistory
FNDA:0,getAuditLogs
DA:1,2
DA:2,2
DA:3,2
DA:4,2
DA:10,2
DA:14,2
DA:15,2
DA:18,0
DA:19,0
DA:20,0
DA:22,0
DA:26,0
DA:27,0
DA:28,0
DA:30,0
DA:34,0
DA:35,0
DA:36,0
DA:38,0
DA:43,0
DA:44,0
DA:46,0
DA:47,0
DA:48,0
DA:51,0
DA:55,0
DA:56,0
DA:57,0
DA:58,0
DA:82,0
DA:84,0
DA:85,0
DA:86,0
DA:88,0
DA:89,0
DA:90,0
DA:93,0
DA:116,0
DA:118,0
DA:119,0
DA:121,0
DA:130,0
DA:136,0
DA:137,0
DA:140,0
DA:142,0
DA:147,0
DA:148,0
DA:149,0
DA:150,0
DA:153,0
DA:154,0
DA:155,0
DA:157,0
DA:159,0
DA:160,0
DA:163,0
DA:164,0
DA:165,0
DA:168,0
DA:169,0
DA:170,0
DA:173,0
DA:178,0
DA:179,0
DA:184,0
DA:185,0
DA:192,0
DA:209,0
DA:211,0
DA:218,0
DA:219,0
DA:224,0
DA:225,0
DA:226,0
DA:227,0
DA:230,0
DA:231,0
DA:233,0
DA:234,0
DA:235,0
DA:238,0
DA:240,0
DA:241,0
DA:242,0
DA:243,0
DA:244,0
DA:245,0
DA:249,0
DA:250,0
DA:251,0
DA:252,0
DA:256,0
DA:257,0
DA:260,0
DA:261,0
DA:264,0
DA:265,0
DA:268,0
DA:269,0
DA:271,0
DA:280,0
DA:286,0
DA:287,0
DA:290,0
DA:292,0
DA:297,0
DA:298,0
DA:299,0
DA:300,0
DA:303,0
DA:305,0
DA:306,0
DA:307,0
DA:310,0
DA:312,0
DA:313,0
DA:315,0
DA:324,0
DA:326,0
DA:327,0
DA:330,0
DA:332,0
DA:337,0
DA:338,0
DA:339,0
DA:341,0
DA:342,0
DA:343,0
DA:348,0
DA:350,0
DA:356,0
DA:359,0
DA:360,0
DA:363,0
DA:369,0
DA:372,0
DA:375,0
DA:381,0
DA:382,0
DA:387,0
DA:388,0
DA:389,0
DA:392,0
DA:393,0
DA:395,0
DA:396,0
DA:397,0
DA:400,0
DA:408,0
DA:414,0
DA:415,0
DA:420,0
DA:421,0
DA:423,0
DA:424,0
DA:425,0
DA:428,0
DA:430,0
DA:435,0
DA:436,0
DA:441,0
DA:442,0
DA:444,0
DA:445,0
DA:446,0
DA:449,0
DA:451,0
DA:452,0
DA:455,0
DA:457,0
DA:459,0
DA:460,0
DA:465,0
DA:466,0
DA:467,0
DA:470,0
DA:471,0
DA:472,0
DA:474,0
DA:475,0
DA:482,0
DA:484,0
DA:491,0
DA:492,0
DA:497,0
DA:498,0
DA:499,0
DA:502,0
DA:504,0
DA:506,0
DA:507,0
DA:512,0
DA:513,0
DA:515,0
DA:517,0
DA:518,0
DA:523,0
DA:524,0
DA:526,0
DA:532,0
DA:533,0
DA:538,0
DA:539,0
DA:540,0
DA:545,0
DA:547,0
DA:552,0
DA:553,0
DA:558,0
DA:559,0
DA:569,0
DA:574,0
DA:576,0
DA:581,0
DA:582,0
DA:586,2
LF:217
LH:8
BRDA:19,0,0,0
BRDA:19,0,1,0
BRDA:27,1,0,0
BRDA:27,1,1,0
BRDA:35,2,0,0
BRDA:35,2,1,0
BRDA:57,3,0,0
BRDA:57,3,1,0
BRDA:77,4,0,0
BRDA:85,5,0,0
BRDA:85,5,1,0
BRDA:86,6,0,0
BRDA:86,6,1,0
BRDA:88,7,0,0
BRDA:88,7,1,0
BRDA:89,8,0,0
BRDA:89,8,1,0
BRDA:95,9,0,0
BRDA:95,9,1,0
BRDA:97,10,0,0
BRDA:97,10,1,0
BRDA:98,11,0,0
BRDA:98,11,1,0
BRDA:99,12,0,0
BRDA:99,12,1,0
BRDA:102,13,0,0
BRDA:102,13,1,0
BRDA:103,14,0,0
BRDA:103,14,1,0
BRDA:104,15,0,0
BRDA:104,15,1,0
BRDA:105,16,0,0
BRDA:105,16,1,0
BRDA:108,17,0,0
BRDA:108,17,1,0
BRDA:110,18,0,0
BRDA:110,18,1,0
BRDA:111,19,0,0
BRDA:111,19,1,0
BRDA:112,20,0,0
BRDA:112,20,1,0
BRDA:113,21,0,0
BRDA:113,21,1,0
BRDA:137,22,0,0
BRDA:137,22,1,0
BRDA:137,23,0,0
BRDA:137,23,1,0
BRDA:137,23,2,0
BRDA:149,24,0,0
BRDA:149,24,1,0
BRDA:159,25,0,0
BRDA:159,25,1,0
BRDA:163,26,0,0
BRDA:163,26,1,0
BRDA:168,27,0,0
BRDA:168,27,1,0
BRDA:186,28,0,0
BRDA:186,28,1,0
BRDA:187,29,0,0
BRDA:187,29,1,0
BRDA:188,30,0,0
BRDA:188,30,1,0
BRDA:189,31,0,0
BRDA:189,31,1,0
BRDA:226,32,0,0
BRDA:226,32,1,0
BRDA:234,33,0,0
BRDA:234,33,1,0
BRDA:242,34,0,0
BRDA:242,34,1,0
BRDA:243,35,0,0
BRDA:243,35,1,0
BRDA:244,36,0,0
BRDA:244,36,1,0
BRDA:245,37,0,0
BRDA:245,37,1,0
BRDA:249,38,0,0
BRDA:249,38,1,0
BRDA:251,39,0,0
BRDA:251,39,1,0
BRDA:251,40,0,0
BRDA:251,40,1,0
BRDA:256,41,0,0
BRDA:256,41,1,0
BRDA:260,42,0,0
BRDA:260,42,1,0
BRDA:264,43,0,0
BRDA:264,43,1,0
BRDA:287,44,0,0
BRDA:287,44,1,0
BRDA:287,45,0,0
BRDA:287,45,1,0
BRDA:287,45,2,0
BRDA:299,46,0,0
BRDA:299,46,1,0
BRDA:306,47,0,0
BRDA:306,47,1,0
BRDA:327,48,0,0
BRDA:327,48,1,0
BRDA:327,49,0,0
BRDA:327,49,1,0
BRDA:327,49,2,0
BRDA:339,50,0,0
BRDA:339,51,0,0
BRDA:342,52,0,0
BRDA:342,52,1,0
BRDA:348,53,0,0
BRDA:348,53,1,0
BRDA:348,53,2,0
BRDA:348,53,3,0
BRDA:359,54,0,0
BRDA:359,54,1,0
BRDA:359,55,0,0
BRDA:359,55,1,0
BRDA:388,56,0,0
BRDA:388,56,1,0
BRDA:396,57,0,0
BRDA:396,57,1,0
BRDA:401,58,0,0
BRDA:401,58,1,0
BRDA:424,59,0,0
BRDA:424,59,1,0
BRDA:445,60,0,0
BRDA:445,60,1,0
BRDA:451,61,0,0
BRDA:451,61,1,0
BRDA:466,62,0,0
BRDA:466,62,1,0
BRDA:470,63,0,0
BRDA:470,64,0,0
BRDA:474,65,0,0
BRDA:474,65,1,0
BRDA:498,66,0,0
BRDA:498,66,1,0
BRDA:541,67,0,0
BRDA:541,67,1,0
BRDA:542,68,0,0
BRDA:542,68,1,0
BRDA:561,69,0,0
BRDA:561,69,1,0
BRDA:562,70,0,0
BRDA:562,70,1,0
BRDA:563,71,0,0
BRDA:563,71,1,0
BRDA:564,72,0,0
BRDA:564,72,1,0
BRDA:565,73,0,0
BRDA:565,73,1,0
BRDA:566,74,0,0
BRDA:566,74,1,0
BRDA:570,75,0,0
BRDA:570,75,1,0
BRDA:571,76,0,0
BRDA:571,76,1,0
BRF:154
BRH:0
end_of_record
TN:
SF:src\controllers\audit.controller.js
FN:4,(anonymous_0)
FN:9,(anonymous_1)
FN:15,(anonymous_2)
FN:21,(anonymous_3)
FN:26,(anonymous_4)
FNF:5
FNH:0
FNDA:0,(anonymous_0)
FNDA:0,(anonymous_1)
FNDA:0,(anonymous_2)
FNDA:0,(anonymous_3)
FNDA:0,(anonymous_4)
DA:1,2
DA:2,2
DA:4,2
DA:5,0
DA:6,0
DA:9,2
DA:10,0
DA:11,0
DA:12,0
DA:15,2
DA:16,0
DA:17,0
DA:18,0
DA:21,2
DA:22,0
DA:23,0
DA:26,2
DA:27,0
DA:28,0
DA:29,0
DA:30,0
DA:31,0
DA:34,2
LF:23
LH:8
BRDA:11,0,0,0
BRDA:11,0,1,0
BRDA:27,1,0,0
BRDA:27,1,1,0
BRF:4
BRH:0
end_of_record
TN:
SF:src\controllers\auth.controller.js
FN:5,(anonymous_0)
FN:6,(anonymous_1)
FN:8,(anonymous_2)
FN:14,(anonymous_3)
FN:20,(anonymous_4)
FN:26,(anonymous_5)
FN:32,(anonymous_6)
FN:37,(anonymous_7)
FN:42,(anonymous_8)
FN:47,(anonymous_9)
FN:52,(anonymous_10)
FN:57,(anonymous_11)
FNF:12
FNH:0
FNDA:0,(anonymous_0)
FNDA:0,(anonymous_1)
FNDA:0,(anonymous_2)
FNDA:0,(anonymous_3)
FNDA:0,(anonymous_4)
FNDA:0,(anonymous_5)
FNDA:0,(anonymous_6)
FNDA:0,(anonymous_7)
FNDA:0,(anonymous_8)
FNDA:0,(anonymous_9)
FNDA:0,(anonymous_10)
FNDA:0,(anonymous_11)
DA:1,2
DA:2,2
DA:3,2
DA:5,2
DA:6,2
DA:8,2
DA:9,0
DA:10,0
DA:11,0
DA:14,2
DA:15,0
DA:16,0
DA:17,0
DA:20,2
DA:21,0
DA:22,0
DA:23,0
DA:26,2
DA:27,0
DA:28,0
DA:29,0
DA:32,2
DA:33,0
DA:34,0
DA:37,2
DA:38,0
DA:39,0
DA:42,2
DA:43,0
DA:44,0
DA:47,2
DA:48,0
DA:49,0
DA:52,2
DA:53,0
DA:54,0
DA:57,2
DA:58,0
DA:59,0
DA:62,2
LF:40
LH:16
BRDA:5,0,0,0
BRDA:5,0,1,0
BRDA:5,0,2,0
BRDA:5,0,3,0
BRDA:6,1,0,0
BRDA:6,1,1,0
BRF:6
BRH:0
end_of_record
TN:
SF:src\controllers\bookingController.js
FN:3,createBooking
FN:49,listBookings
FN:71,getBooking
FN:80,cancelBooking
FNF:4
FNH:0
FNDA:0,createBooking
FNDA:0,listBookings
FNDA:0,getBooking
FNDA:0,cancelBooking
DA:1,2
DA:4,0
DA:5,0
DA:7,0
DA:8,0
DA:11,0
DA:12,0
DA:14,0
DA:15,0
DA:18,0
DA:29,0
DA:30,0
DA:33,0
DA:46,0
DA:50,0
DA:52,0
DA:53,0
DA:54,0
DA:55,0
DA:56,0
DA:57,0
DA:58,0
DA:59,0
DA:62,0
DA:68,0
DA:72,0
DA:76,0
DA:77,0
DA:81,0
DA:82,0
DA:84,0
DA:85,0
DA:88,0
DA:92,0
DA:95,2
LF:35
LH:2
BRDA:7,0,0,0
BRDA:7,0,1,0
BRDA:7,1,0,0
BRDA:7,1,1,0
BRDA:7,1,2,0
BRDA:7,1,3,0
BRDA:14,2,0,0
BRDA:14,2,1,0
BRDA:29,3,0,0
BRDA:29,3,1,0
BRDA:53,4,0,0
BRDA:53,4,1,0
BRDA:54,5,0,0
BRDA:54,5,1,0
BRDA:55,6,0,0
BRDA:55,6,1,0
BRDA:56,7,0,0
BRDA:56,7,1,0
BRDA:56,8,0,0
BRDA:56,8,1,0
BRDA:58,9,0,0
BRDA:58,9,1,0
BRDA:59,10,0,0
BRDA:59,10,1,0
BRDA:76,11,0,0
BRDA:76,11,1,0
BRDA:82,12,0,0
BRDA:82,12,1,0
BRDA:84,13,0,0
BRDA:84,13,1,0
BRDA:84,14,0,0
BRDA:84,14,1,0
BRF:32
BRH:0
end_of_record
TN:
SF:src\controllers\dashboardController.js
FN:4,kpis
FN:27,(anonymous_1)
FNF:2
FNH:0
FNDA:0,kpis
FNDA:0,(anonymous_1)
DA:1,2
DA:2,2
DA:5,0
DA:6,0
DA:7,0
DA:20,0
DA:27,0
DA:39,2
LF:8
LH:3
BRF:0
BRH:0
end_of_record
TN:
SF:src\controllers\departmentController.js
FN:7,validateDepartmentData
FN:36,parseQueryOptions
FN:71,createDepartment
FN:120,listDepartments
FN:138,getDepartment
FN:165,updateDepartment
FN:224,deleteDepartment
FN:250,getDepartmentHierarchy
FN:269,getDepartmentStatistics
FN:287,searchDepartments
FN:310,getDepartmentsByHead
FN:323,setDepartmentHead
FN:362,removeDepartmentHead
FNF:13
FNH:0
FNDA:0,validateDepartmentData
FNDA:0,parseQueryOptions
FNDA:0,createDepartment
FNDA:0,listDepartments
FNDA:0,getDepartment
FNDA:0,updateDepartment
FNDA:0,deleteDepartment
FNDA:0,getDepartmentHierarchy
FNDA:0,getDepartmentStatistics
FNDA:0,searchDepartments
FNDA:0,getDepartmentsByHead
FNDA:0,setDepartmentHead
FNDA:0,removeDepartmentHead
DA:1,2
DA:2,2
DA:8,0
DA:10,0
DA:11,0
DA:14,0
DA:15,0
DA:18,0
DA:19,0
DA:22,0
DA:23,0
DA:26,0
DA:27,0
DA:30,0
DA:37,0
DA:51,0
DA:52,0
DA:55,0
DA:56,0
DA:60,0
DA:61,0
DA:62,0
DA:65,0
DA:72,0
DA:73,0
DA:74,0
DA:75,0
DA:78,0
DA:81,0
DA:82,0
DA:83,0
DA:84,0
DA:89,0
DA:90,0
DA:91,0
DA:94,0
DA:95,0
DA:97,0
DA:98,0
DA:102,0
DA:109,0
DA:110,0
DA:112,0
DA:113,0
DA:121,0
DA:122,0
DA:123,0
DA:125,0
DA:130,0
DA:131,0
DA:139,0
DA:140,0
DA:141,0
DA:143,0
DA:144,0
DA:145,0
DA:148,0
DA:150,0
DA:151,0
DA:152,0
DA:155,0
DA:157,0
DA:158,0
DA:166,0
DA:167,0
DA:168,0
DA:169,0
DA:172,0
DA:173,0
DA:174,0
DA:177,0
DA:179,0
DA:180,0
DA:183,0
DA:184,0
DA:187,0
DA:188,0
DA:189,0
DA:191,0
DA:192,0
DA:194,0
DA:197,0
DA:198,0
DA:199,0
DA:200,0
DA:203,0
DA:204,0
DA:206,0
DA:207,0
DA:210,0
DA:213,0
DA:214,0
DA:216,0
DA:217,0
DA:225,0
DA:226,0
DA:227,0
DA:228,0
DA:231,0
DA:232,0
DA:233,0
DA:239,0
DA:240,0
DA:242,0
DA:243,0
DA:251,0
DA:252,0
DA:253,0
DA:255,0
DA:256,0
DA:259,0
DA:261,0
DA:262,0
DA:270,0
DA:271,0
DA:273,0
DA:274,0
DA:277,0
DA:279,0
DA:280,0
DA:288,0
DA:289,0
DA:290,0
DA:291,0
DA:294,0
DA:295,0
DA:297,0
DA:302,0
DA:303,0
DA:311,0
DA:312,0
DA:313,0
DA:315,0
DA:316,0
DA:324,0
DA:325,0
DA:326,0
DA:327,0
DA:330,0
DA:331,0
DA:332,0
DA:335,0
DA:336,0
DA:340,0
DA:341,0
DA:344,0
DA:345,0
DA:348,0
DA:352,0
DA:354,0
DA:355,0
DA:363,0
DA:364,0
DA:365,0
DA:366,0
DA:369,0
DA:373,0
DA:375,0
DA:376,0
DA:380,2
LF:160
LH:3
BRDA:7,0,0,0
BRDA:10,1,0,0
BRDA:10,1,1,0
BRDA:10,2,0,0
BRDA:10,2,1,0
BRDA:14,3,0,0
BRDA:14,3,1,0
BRDA:14,4,0,0
BRDA:14,4,1,0
BRDA:14,4,2,0
BRDA:18,5,0,0
BRDA:18,5,1,0
BRDA:18,6,0,0
BRDA:18,6,1,0
BRDA:22,7,0,0
BRDA:22,7,1,0
BRDA:22,8,0,0
BRDA:22,8,1,0
BRDA:26,9,0,0
BRDA:26,9,1,0
BRDA:26,10,0,0
BRDA:26,10,1,0
BRDA:38,11,0,0
BRDA:38,11,1,0
BRDA:39,12,0,0
BRDA:39,12,1,0
BRDA:41,13,0,0
BRDA:41,13,1,0
BRDA:44,14,0,0
BRDA:44,14,1,0
BRDA:45,15,0,0
BRDA:45,15,1,0
BRDA:51,16,0,0
BRDA:51,16,1,0
BRDA:52,17,0,0
BRDA:52,17,1,0
BRDA:52,18,0,0
BRDA:52,18,1,0
BRDA:55,19,0,0
BRDA:55,19,1,0
BRDA:61,20,0,0
BRDA:61,20,1,0
BRDA:74,21,0,0
BRDA:74,21,1,0
BRDA:81,22,0,0
BRDA:81,22,1,0
BRDA:83,23,0,0
BRDA:83,23,1,0
BRDA:89,24,0,0
BRDA:89,24,1,0
BRDA:94,25,0,0
BRDA:94,25,1,0
BRDA:97,26,0,0
BRDA:97,26,1,0
BRDA:97,27,0,0
BRDA:97,27,1,0
BRDA:106,28,0,0
BRDA:106,28,1,0
BRDA:144,29,0,0
BRDA:144,29,1,0
BRDA:150,30,0,0
BRDA:150,30,1,0
BRDA:168,31,0,0
BRDA:168,31,1,0
BRDA:173,32,0,0
BRDA:173,32,1,0
BRDA:179,33,0,0
BRDA:179,33,1,0
BRDA:183,34,0,0
BRDA:183,34,1,0
BRDA:187,35,0,0
BRDA:187,35,1,0
BRDA:188,36,0,0
BRDA:188,36,1,0
BRDA:188,37,0,0
BRDA:188,37,1,0
BRDA:191,38,0,0
BRDA:191,38,1,0
BRDA:191,39,0,0
BRDA:191,39,1,0
BRDA:197,40,0,0
BRDA:197,40,1,0
BRDA:198,41,0,0
BRDA:198,41,1,0
BRDA:203,42,0,0
BRDA:203,42,1,0
BRDA:206,43,0,0
BRDA:206,43,1,0
BRDA:206,44,0,0
BRDA:206,44,1,0
BRDA:227,45,0,0
BRDA:227,45,1,0
BRDA:232,46,0,0
BRDA:232,46,1,0
BRDA:252,47,0,0
BRDA:252,47,1,0
BRDA:255,48,0,0
BRDA:255,48,1,0
BRDA:273,49,0,0
BRDA:273,49,1,0
BRDA:290,50,0,0
BRDA:290,50,1,0
BRDA:326,51,0,0
BRDA:326,51,1,0
BRDA:331,52,0,0
BRDA:331,52,1,0
BRDA:340,53,0,0
BRDA:340,53,1,0
BRDA:344,54,0,0
BRDA:344,54,1,0
BRDA:344,55,0,0
BRDA:344,55,1,0
BRDA:365,56,0,0
BRDA:365,56,1,0
BRF:114
BRH:0
end_of_record
TN:
SF:src\controllers\maintenance.controller.js
FN:6,(anonymous_0)
FN:7,(anonymous_1)
FN:9,(anonymous_2)
FN:14,(anonymous_3)
FN:19,(anonymous_4)
FN:29,(anonymous_5)
FN:36,(anonymous_6)
FN:57,(anonymous_7)
FN:64,(anonymous_8)
FN:71,(anonymous_9)
FN:76,(anonymous_10)
FN:81,(anonymous_11)
FN:86,(anonymous_12)
FN:91,(anonymous_13)
FN:97,(anonymous_14)
FN:102,(anonymous_15)
FN:107,(anonymous_16)
FN:113,(anonymous_17)
FNF:18
FNH:0
FNDA:0,(anonymous_0)
FNDA:0,(anonymous_1)
FNDA:0,(anonymous_2)
FNDA:0,(anonymous_3)
FNDA:0,(anonymous_4)
FNDA:0,(anonymous_5)
FNDA:0,(anonymous_6)
FNDA:0,(anonymous_7)
FNDA:0,(anonymous_8)
FNDA:0,(anonymous_9)
FNDA:0,(anonymous_10)
FNDA:0,(anonymous_11)
FNDA:0,(anonymous_12)
FNDA:0,(anonymous_13)
FNDA:0,(anonymous_14)
FNDA:0,(anonymous_15)
FNDA:0,(anonymous_16)
FNDA:0,(anonymous_17)
DA:1,2
DA:2,2
DA:3,2
DA:4,2
DA:6,2
DA:7,2
DA:9,2
DA:10,0
DA:11,0
DA:14,2
DA:15,0
DA:16,0
DA:19,2
DA:20,0
DA:21,0
DA:22,0
DA:23,0
DA:24,0
DA:26,0
DA:29,2
DA:30,0
DA:31,0
DA:32,0
DA:33,0
DA:36,2
DA:37,0
DA:38,0
DA:39,0
DA:40,0
DA:41,0
DA:42,0
DA:43,0
DA:45,0
DA:46,0
DA:48,0
DA:49,0
DA:51,0
DA:52,0
DA:54,0
DA:57,2
DA:58,0
DA:59,0
DA:60,0
DA:61,0
DA:64,2
DA:65,0
DA:66,0
DA:67,0
DA:68,0
DA:71,2
DA:72,0
DA:73,0
DA:76,2
DA:77,0
DA:78,0
DA:81,2
DA:82,0
DA:83,0
DA:86,2
DA:87,0
DA:88,0
DA:91,2
DA:92,0
DA:93,0
DA:94,0
DA:97,2
DA:98,0
DA:99,0
DA:102,2
DA:103,0
DA:104,0
DA:107,2
DA:108,0
DA:109,0
DA:110,0
DA:113,2
DA:114,0
DA:115,0
DA:116,0
DA:117,0
DA:120,2
LF:81
LH:23
BRDA:6,0,0,0
BRDA:6,0,1,0
BRDA:6,0,2,0
BRDA:6,0,3,0
BRDA:7,1,0,0
BRDA:7,1,1,0
BRDA:23,2,0,0
BRDA:23,2,1,0
BRDA:23,3,0,0
BRDA:23,3,1,0
BRDA:39,4,0,0
BRDA:39,4,1,0
BRDA:39,5,0,0
BRDA:39,5,1,0
BRDA:39,6,0,0
BRDA:39,6,1,0
BRDA:42,7,0,0
BRDA:42,7,1,0
BRDA:42,8,0,0
BRDA:42,8,1,0
BRDA:45,9,0,0
BRDA:45,9,1,0
BRDA:45,10,0,0
BRDA:45,10,1,0
BRDA:48,11,0,0
BRDA:48,11,1,0
BRDA:51,12,0,0
BRDA:51,12,1,0
BRF:28
BRH:0
end_of_record
TN:
SF:src\controllers\notification.controller.js
FN:4,(anonymous_0)
FN:9,(anonymous_1)
FN:14,(anonymous_2)
FN:19,(anonymous_3)
FN:24,(anonymous_4)
FNF:5
FNH:0
FNDA:0,(anonymous_0)
FNDA:0,(anonymous_1)
FNDA:0,(anonymous_2)
FNDA:0,(anonymous_3)
FNDA:0,(anonymous_4)
DA:1,2
DA:2,2
DA:4,2
DA:5,0
DA:6,0
DA:9,2
DA:10,0
DA:11,0
DA:14,2
DA:15,0
DA:16,0
DA:19,2
DA:20,0
DA:21,0
DA:24,2
DA:25,0
DA:26,0
DA:29,2
LF:18
LH:8
BRF:0
BRH:0
end_of_record
TN:
SF:src\controllers\orgController.js
FN:4,wouldCycle
FN:13,createDepartment
FN:24,listDepartments
FN:30,getDepartment
FN:36,updateDepartment
FN:67,deleteDepartment
FN:79,createCategory
FN:91,listCategories
FN:96,getCategory
FN:102,updateCategory
FN:120,deleteCategory
FN:128,listEmployees
FN:136,updateEmployee
FN:156,promoteEmployee
FNF:14
FNH:0
FNDA:0,wouldCycle
FNDA:0,createDepartment
FNDA:0,listDepartments
FNDA:0,getDepartment
FNDA:0,updateDepartment
FNDA:0,deleteDepartment
FNDA:0,createCategory
FNDA:0,listCategories
FNDA:0,getCategory
FNDA:0,updateCategory
FNDA:0,deleteCategory
FNDA:0,listEmployees
FNDA:0,updateEmployee
FNDA:0,promoteEmployee
DA:1,2
DA:2,2
DA:5,0
DA:6,0
DA:7,0
DA:8,0
DA:10,0
DA:14,0
DA:15,0
DA:16,0
DA:17,0
DA:18,0
DA:20,0
DA:21,0
DA:25,0
DA:26,0
DA:27,0
DA:31,0
DA:32,0
DA:33,0
DA:37,0
DA:38,0
DA:39,0
DA:40,0
DA:41,0
DA:42,0
DA:43,0
DA:45,0
DA:46,0
DA:47,0
DA:49,0
DA:50,0
DA:52,0
DA:54,0
DA:55,0
DA:56,0
DA:58,0
DA:59,0
DA:61,0
DA:63,0
DA:64,0
DA:68,0
DA:69,0
DA:70,0
DA:74,0
DA:75,0
DA:76,0
DA:80,0
DA:81,0
DA:82,0
DA:83,0
DA:84,0
DA:86,0
DA:87,0
DA:92,0
DA:93,0
DA:97,0
DA:98,0
DA:99,0
DA:103,0
DA:104,0
DA:112,0
DA:114,0
DA:115,0
DA:116,0
DA:121,0
DA:122,0
DA:123,0
DA:124,0
DA:125,0
DA:129,0
DA:130,0
DA:131,0
DA:132,0
DA:133,0
DA:137,0
DA:138,0
DA:139,0
DA:147,0
DA:149,0
DA:150,0
DA:151,0
DA:152,0
DA:157,0
DA:158,0
DA:159,0
DA:160,0
DA:161,0
DA:163,0
DA:164,0
DA:168,2
LF:91
LH:3
BRDA:6,0,0,0
BRDA:6,0,1,0
BRDA:14,1,0,0
BRDA:15,2,0,0
BRDA:15,2,1,0
BRDA:15,2,2,0
BRDA:16,3,0,0
BRDA:16,3,1,0
BRDA:16,4,0,0
BRDA:16,4,1,0
BRDA:17,5,0,0
BRDA:17,5,1,0
BRDA:17,6,0,0
BRDA:17,6,1,0
BRDA:25,7,0,0
BRDA:25,7,1,0
BRDA:32,8,0,0
BRDA:32,8,1,0
BRDA:38,9,0,0
BRDA:38,9,1,0
BRDA:40,10,0,0
BRDA:40,10,1,0
BRDA:41,11,0,0
BRDA:41,11,1,0
BRDA:42,12,0,0
BRDA:42,12,1,0
BRDA:45,13,0,0
BRDA:45,13,1,0
BRDA:46,14,0,0
BRDA:46,14,1,0
BRDA:46,15,0,0
BRDA:46,15,1,0
BRDA:49,16,0,0
BRDA:49,16,1,0
BRDA:49,17,0,0
BRDA:49,17,1,0
BRDA:54,18,0,0
BRDA:54,18,1,0
BRDA:55,19,0,0
BRDA:55,19,1,0
BRDA:55,20,0,0
BRDA:55,20,1,0
BRDA:58,21,0,0
BRDA:58,21,1,0
BRDA:58,22,0,0
BRDA:58,22,1,0
BRDA:69,23,0,0
BRDA:69,23,1,0
BRDA:74,24,0,0
BRDA:74,24,1,0
BRDA:74,25,0,0
BRDA:74,25,1,0
BRDA:80,26,0,0
BRDA:80,27,0,0
BRDA:81,28,0,0
BRDA:81,28,1,0
BRDA:81,29,0,0
BRDA:81,29,1,0
BRDA:81,29,2,0
BRDA:86,30,0,0
BRDA:86,30,1,0
BRDA:98,31,0,0
BRDA:98,31,1,0
BRDA:107,32,0,0
BRDA:107,32,1,0
BRDA:108,33,0,0
BRDA:108,33,1,0
BRDA:109,34,0,0
BRDA:109,34,1,0
BRDA:114,35,0,0
BRDA:114,35,1,0
BRDA:115,36,0,0
BRDA:115,36,1,0
BRDA:122,37,0,0
BRDA:122,37,1,0
BRDA:123,38,0,0
BRDA:123,38,1,0
BRDA:130,39,0,0
BRDA:130,39,1,0
BRDA:131,40,0,0
BRDA:131,40,1,0
BRDA:131,41,0,0
BRDA:131,41,1,0
BRDA:137,42,0,0
BRDA:137,42,1,0
BRDA:142,43,0,0
BRDA:142,43,1,0
BRDA:143,44,0,0
BRDA:143,44,1,0
BRDA:144,45,0,0
BRDA:144,45,1,0
BRDA:149,46,0,0
BRDA:149,46,1,0
BRDA:150,47,0,0
BRDA:150,47,1,0
BRDA:151,48,0,0
BRDA:151,48,1,0
BRDA:158,49,0,0
BRDA:158,49,1,0
BRDA:163,50,0,0
BRDA:163,50,1,0
BRF:101
BRH:0
end_of_record
TN:
SF:src\middleware\auth.js
FN:6,(anonymous_0)
FN:32,(anonymous_1)
FN:33,(anonymous_2)
FNF:3
FNH:1
FNDA:0,(anonymous_0)
FNDA:20,(anonymous_1)
FNDA:0,(anonymous_2)
DA:1,2
DA:2,2
DA:3,2
DA:4,2
DA:6,2
DA:7,0
DA:8,0
DA:9,0
DA:12,0
DA:14,0
DA:15,0
DA:16,0
DA:21,0
DA:22,0
DA:25,0
DA:26,0
DA:28,0
DA:32,2
DA:33,20
DA:34,0
DA:35,0
DA:37,0
DA:38,0
DA:40,0
DA:44,2
LF:25
LH:8
BRDA:8,0,0,0
BRDA:8,0,1,0
BRDA:8,1,0,0
BRDA:8,1,1,0
BRDA:21,2,0,0
BRDA:21,2,1,0
BRDA:34,3,0,0
BRDA:34,3,1,0
BRDA:37,4,0,0
BRDA:37,4,1,0
BRF:10
BRH:0
end_of_record
TN:
SF:src\middleware\errorHandler.js
FN:1,(anonymous_0)
FNF:1
FNH:0
FNDA:0,(anonymous_0)
DA:1,2
DA:2,0
DA:3,0
DA:6,0
DA:7,0
DA:8,0
DA:11,0
DA:12,0
DA:13,0
DA:16,0
DA:17,0
DA:18,0
DA:21,0
DA:22,0
DA:23,0
DA:26,0
DA:27,0
DA:30,0
DA:37,2
LF:19
LH:2
BRDA:2,0,0,0
BRDA:2,0,1,0
BRDA:2,0,2,0
BRDA:3,1,0,0
BRDA:3,1,1,0
BRDA:6,2,0,0
BRDA:6,2,1,0
BRDA:11,3,0,0
BRDA:11,3,1,0
BRDA:11,4,0,0
BRDA:11,4,1,0
BRDA:16,5,0,0
BRDA:16,5,1,0
BRDA:21,6,0,0
BRDA:21,6,1,0
BRDA:26,7,0,0
BRDA:26,7,1,0
BRDA:33,8,0,0
BRDA:33,8,1,0
BRF:19
BRH:0
end_of_record
TN:
SF:src\middleware\rateLimiter.js
FNF:0
FNH:0
DA:1,2
DA:3,2
DA:11,2
DA:19,2
LF:4
LH:4
BRF:0
BRH:0
end_of_record
TN:
SF:src\middleware\validate.js
FN:3,(anonymous_0)
FN:9,(anonymous_1)
FNF:2
FNH:0
FNDA:0,(anonymous_0)
FNDA:0,(anonymous_1)
DA:1,2
DA:3,2
DA:4,0
DA:5,0
DA:6,0
DA:9,0
DA:12,0
DA:15,2
LF:8
LH:3
BRDA:5,0,0,0
BRDA:5,0,1,0
BRF:2
BRH:0
end_of_record
TN:
SF:src\repositories\employee.repository.js
FN:3,(anonymous_0)
FN:6,(anonymous_1)
FN:9,(anonymous_2)
FN:12,(anonymous_3)
FN:15,(anonymous_4)
FN:20,(anonymous_5)
FNF:6
FNH:0
FNDA:0,(anonymous_0)
FNDA:0,(anonymous_1)
FNDA:0,(anonymous_2)
FNDA:0,(anonymous_3)
FNDA:0,(anonymous_4)
FNDA:0,(anonymous_5)
DA:1,2
DA:3,2
DA:4,0
DA:6,2
DA:7,0
DA:9,2
DA:10,0
DA:12,2
DA:13,0
DA:15,2
DA:16,0
DA:20,2
DA:21,0
DA:25,2
LF:14
LH:8
BRF:0
BRH:0
end_of_record
TN:
SF:src\repositories\maintenance.repository.js
FN:3,(anonymous_0)
FN:40,(anonymous_1)
FN:56,(anonymous_2)
FN:65,(anonymous_3)
FN:76,(anonymous_4)
FN:82,(anonymous_5)
FN:88,(anonymous_6)
FN:95,(anonymous_7)
FNF:8
FNH:0
FNDA:0,(anonymous_0)
FNDA:0,(anonymous_1)
FNDA:0,(anonymous_2)
FNDA:0,(anonymous_3)
FNDA:0,(anonymous_4)
FNDA:0,(anonymous_5)
FNDA:0,(anonymous_6)
FNDA:0,(anonymous_7)
DA:1,2
DA:3,2
DA:4,0
DA:5,0
DA:7,0
DA:8,0
DA:9,0
DA:10,0
DA:11,0
DA:12,0
DA:13,0
DA:14,0
DA:15,0
DA:16,0
DA:18,0
DA:19,0
DA:26,0
DA:40,2
DA:41,0
DA:56,2
DA:57,0
DA:65,2
DA:66,0
DA:76,2
DA:77,0
DA:82,2
DA:83,0
DA:88,2
DA:89,0
DA:95,2
DA:96,0
DA:102,2
LF:32
LH:10
BRDA:3,0,0,0
BRDA:7,1,0,0
BRDA:7,1,1,0
BRDA:8,2,0,0
BRDA:8,2,1,0
BRDA:9,3,0,0
BRDA:9,3,1,0
BRDA:10,4,0,0
BRDA:10,4,1,0
BRDA:11,5,0,0
BRDA:11,5,1,0
BRDA:12,6,0,0
BRDA:12,6,1,0
BRDA:13,7,0,0
BRDA:13,7,1,0
BRDA:13,8,0,0
BRDA:13,8,1,0
BRDA:15,9,0,0
BRDA:15,9,1,0
BRDA:16,10,0,0
BRDA:16,10,1,0
BRDA:18,11,0,0
BRDA:18,11,1,0
BRF:23
BRH:0
end_of_record
TN:
SF:src\repositories\maintenanceAttachment.repository.js
FN:3,(anonymous_0)
FN:6,(anonymous_1)
FN:13,(anonymous_2)
FN:16,(anonymous_3)
FNF:4
FNH:0
FNDA:0,(anonymous_0)
FNDA:0,(anonymous_1)
FNDA:0,(anonymous_2)
FNDA:0,(anonymous_3)
DA:1,2
DA:3,2
DA:4,0
DA:6,2
DA:7,0
DA:13,2
DA:14,0
DA:16,2
DA:17,0
DA:19,2
LF:10
LH:6
BRF:0
BRH:0
end_of_record
TN:
SF:src\repositories\notification.repository.js
FN:3,(anonymous_0)
FN:21,(anonymous_1)
FN:24,(anonymous_2)
FN:27,(anonymous_3)
FN:33,(anonymous_4)
FN:43,(anonymous_5)
FN:48,(anonymous_6)
FN:51,(anonymous_7)
FNF:8
FNH:0
FNDA:0,(anonymous_0)
FNDA:0,(anonymous_1)
FNDA:0,(anonymous_2)
FNDA:0,(anonymous_3)
FNDA:0,(anonymous_4)
FNDA:0,(anonymous_5)
FNDA:0,(anonymous_6)
FNDA:0,(anonymous_7)
DA:1,2
DA:3,2
DA:4,0
DA:5,0
DA:7,0
DA:8,0
DA:9,0
DA:10,0
DA:11,0
DA:12,0
DA:15,0
DA:21,2
DA:22,0
DA:24,2
DA:25,0
DA:27,2
DA:28,0
DA:33,2
DA:34,0
DA:35,0
DA:37,0
DA:43,2
DA:44,0
DA:48,2
DA:49,0
DA:51,2
DA:52,0
DA:56,2
LF:28
LH:10
BRDA:3,0,0,0
BRDA:7,1,0,0
BRDA:7,1,1,0
BRDA:8,2,0,0
BRDA:8,2,1,0
BRDA:8,3,0,0
BRDA:8,3,1,0
BRDA:9,4,0,0
BRDA:9,4,1,0
BRDA:9,5,0,0
BRDA:9,5,1,0
BRDA:11,6,0,0
BRDA:11,6,1,0
BRDA:12,7,0,0
BRDA:12,7,1,0
BRDA:35,8,0,0
BRDA:35,8,1,0
BRF:17
BRH:0
end_of_record
TN:
SF:src\repositories\organization.repository.js
FN:3,(anonymous_0)
FN:6,(anonymous_1)
FN:9,(anonymous_2)
FNF:3
FNH:0
FNDA:0,(anonymous_0)
FNDA:0,(anonymous_1)
FNDA:0,(anonymous_2)
DA:1,2
DA:3,2
DA:4,0
DA:6,2
DA:7,0
DA:9,2
DA:10,0
DA:12,2
LF:8
LH:5
BRF:0
BRH:0
end_of_record
TN:
SF:src\repositories\refreshToken.repository.js
FN:3,(anonymous_0)
FN:6,(anonymous_1)
FN:9,(anonymous_2)
FN:12,(anonymous_3)
FN:18,(anonymous_4)
FNF:5
FNH:0
FNDA:0,(anonymous_0)
FNDA:0,(anonymous_1)
FNDA:0,(anonymous_2)
FNDA:0,(anonymous_3)
FNDA:0,(anonymous_4)
DA:1,2
DA:3,2
DA:4,0
DA:6,2
DA:7,0
DA:9,2
DA:10,0
DA:12,2
DA:13,0
DA:18,2
DA:19,0
DA:23,2
LF:12
LH:7
BRF:0
BRH:0
end_of_record
TN:
SF:src\repositories\vendor.repository.js
FN:3,(anonymous_0)
FN:20,(anonymous_1)
FN:26,(anonymous_2)
FN:29,(anonymous_3)
FN:32,(anonymous_4)
FNF:5
FNH:0
FNDA:0,(anonymous_0)
FNDA:0,(anonymous_1)
FNDA:0,(anonymous_2)
FNDA:0,(anonymous_3)
FNDA:0,(anonymous_4)
DA:1,2
DA:3,2
DA:4,0
DA:5,0
DA:6,0
DA:7,0
DA:8,0
DA:14,0
DA:20,2
DA:21,0
DA:26,2
DA:27,0
DA:29,2
DA:30,0
DA:32,2
DA:33,0
DA:35,2
LF:17
LH:7
BRDA:3,0,0,0
BRDA:5,1,0,0
BRDA:5,1,1,0
BRDA:6,2,0,0
BRDA:6,2,1,0
BRDA:7,3,0,0
BRDA:7,3,1,0
BRF:7
BRH:0
end_of_record
TN:
SF:src\routes\allocationRoutes.js
FNF:0
FNH:0
DA:1,2
DA:2,2
DA:3,2
DA:5,2
DA:6,2
DA:7,2
DA:9,2
LF:7
LH:7
BRF:0
BRH:0
end_of_record
TN:
SF:src\routes\assetCategoryRoutes.js
FNF:0
FNH:0
DA:1,2
DA:2,2
DA:3,2
DA:5,2
DA:8,2
DA:11,2
DA:12,2
DA:13,2
DA:14,2
DA:15,2
DA:16,2
DA:17,2
DA:18,2
DA:19,2
DA:20,2
DA:22,2
LF:16
LH:16
BRF:0
BRH:0
end_of_record
TN:
SF:src\routes\assetRoutes.js
FNF:0
FNH:0
DA:1,2
DA:2,2
DA:3,2
DA:5,2
DA:6,2
DA:7,2
DA:9,2
LF:7
LH:7
BRF:0
BRH:0
end_of_record
TN:
SF:src\routes\audit.routes.js
FNF:0
FNH:0
DA:1,2
DA:2,2
DA:3,2
DA:5,2
DA:7,2
DA:9,2
DA:10,2
DA:11,2
DA:12,2
DA:13,2
DA:15,2
LF:11
LH:11
BRF:0
BRH:0
end_of_record
TN:
SF:src\routes\auditCycleRoutes.js
FN:5,(anonymous_0)
FNF:1
FNH:0
FNDA:0,(anonymous_0)
DA:1,2
DA:2,2
DA:5,2
DA:6,0
DA:9,2
LF:5
LH:4
BRF:0
BRH:0
end_of_record
TN:
SF:src\routes\auth.routes.js
FNF:0
FNH:0
DA:1,2
DA:2,2
DA:3,2
DA:4,2
DA:5,2
DA:6,2
DA:8,2
DA:10,2
DA:11,2
DA:12,2
DA:13,2
DA:14,2
DA:15,2
DA:16,2
DA:17,2
DA:18,2
DA:19,2
DA:21,2
LF:18
LH:18
BRF:0
BRH:0
end_of_record
TN:
SF:src\routes\bookingRoutes.js
FNF:0
FNH:0
DA:1,2
DA:2,2
DA:3,2
DA:5,2
DA:7,2
DA:9,2
DA:10,2
DA:11,2
DA:12,2
DA:14,2
LF:10
LH:10
BRF:0
BRH:0
end_of_record
TN:
SF:src\routes\dashboardRoutes.js
FNF:0
FNH:0
DA:1,2
DA:2,2
DA:3,2
DA:5,2
DA:6,2
DA:8,2
LF:6
LH:6
BRF:0
BRH:0
end_of_record
TN:
SF:src\routes\departmentRoutes.js
FNF:0
FNH:0
DA:1,2
DA:2,2
DA:3,2
DA:5,2
DA:8,2
DA:11,2
DA:12,2
DA:13,2
DA:14,2
DA:15,2
DA:16,2
DA:17,2
DA:20,2
DA:21,2
DA:24,2
DA:27,2
DA:29,2
LF:17
LH:17
BRF:0
BRH:0
end_of_record
TN:
SF:src\routes\index.js
FNF:0
FNH:0
DA:1,2
DA:2,2
DA:3,2
DA:4,2
DA:5,2
DA:6,2
DA:7,2
DA:8,2
DA:9,2
DA:10,2
DA:11,2
DA:12,2
DA:13,2
DA:14,2
DA:15,2
DA:16,2
DA:18,2
DA:20,2
DA:21,2
DA:22,2
DA:23,2
DA:24,2
DA:25,2
DA:26,2
DA:27,2
DA:28,2
DA:29,2
DA:30,2
DA:31,2
DA:32,2
DA:33,2
DA:34,2
DA:36,2
LF:33
LH:33
BRF:0
BRH:0
end_of_record
TN:
SF:src\routes\maintenance.routes.js
FNF:0
FNH:0
DA:1,2
DA:2,2
DA:3,2
DA:4,2
DA:5,2
DA:7,2
DA:9,2
DA:11,2
DA:12,2
DA:13,2
DA:14,2
DA:15,2
DA:16,2
DA:17,2
DA:18,2
DA:19,2
DA:20,2
DA:21,2
DA:23,2
LF:19
LH:19
BRF:0
BRH:0
end_of_record
TN:
SF:src\routes\notification.routes.js
FNF:0
FNH:0
DA:1,2
DA:2,2
DA:3,2
DA:4,2
DA:5,2
DA:7,2
DA:9,2
DA:11,2
DA:12,2
DA:13,2
DA:14,2
DA:15,2
DA:17,2
LF:13
LH:13
BRF:0
BRH:0
end_of_record
TN:
SF:src\routes\orgRoutes.js
FNF:0
FNH:0
DA:1,2
DA:2,2
DA:3,2
DA:5,2
DA:6,2
DA:8,2
DA:9,2
DA:10,2
DA:11,2
DA:12,2
DA:13,2
DA:14,2
DA:15,2
DA:16,2
DA:17,2
DA:18,2
DA:19,2
DA:20,2
DA:22,2
LF:19
LH:19
BRF:0
BRH:0
end_of_record
TN:
SF:src\routes\reportRoutes.js
FN:5,(anonymous_0)
FNF:1
FNH:0
FNDA:0,(anonymous_0)
DA:1,2
DA:2,2
DA:5,2
DA:6,0
DA:9,2
LF:5
LH:4
BRF:0
BRH:0
end_of_record
TN:
SF:src\routes\transferRoutes.js
FN:5,(anonymous_0)
FNF:1
FNH:0
FNDA:0,(anonymous_0)
DA:1,2
DA:2,2
DA:5,2
DA:6,0
DA:9,2
LF:5
LH:4
BRF:0
BRH:0
end_of_record
TN:
SF:src\routes\vendor.routes.js
FNF:0
FNH:0
DA:1,2
DA:2,2
DA:3,2
DA:4,2
DA:5,2
DA:7,2
DA:9,2
DA:11,2
DA:12,2
DA:13,2
DA:14,2
DA:15,2
DA:17,2
LF:13
LH:13
BRF:0
BRH:0
end_of_record
TN:
SF:src\services\assetCategoryRepository.js
FN:7,(anonymous_0)
FN:26,(anonymous_1)
FN:36,(anonymous_2)
FN:46,(anonymous_3)
FN:108,(anonymous_4)
FN:128,(anonymous_5)
FN:137,(anonymous_6)
FN:155,(anonymous_7)
FN:163,(anonymous_8)
FN:177,(anonymous_9)
FN:187,(anonymous_10)
FN:241,(anonymous_11)
FN:258,(anonymous_12)
FN:276,(anonymous_13)
FN:296,(anonymous_14)
FN:306,(anonymous_15)
FN:317,(anonymous_16)
FN:328,(anonymous_17)
FNF:18
FNH:0
FNDA:0,(anonymous_0)
FNDA:0,(anonymous_1)
FNDA:0,(anonymous_2)
FNDA:0,(anonymous_3)
FNDA:0,(anonymous_4)
FNDA:0,(anonymous_5)
FNDA:0,(anonymous_6)
FNDA:0,(anonymous_7)
FNDA:0,(anonymous_8)
FNDA:0,(anonymous_9)
FNDA:0,(anonymous_10)
FNDA:0,(anonymous_11)
FNDA:0,(anonymous_12)
FNDA:0,(anonymous_13)
FNDA:0,(anonymous_14)
FNDA:0,(anonymous_15)
FNDA:0,(anonymous_16)
FNDA:0,(anonymous_17)
DA:1,2
DA:8,0
DA:27,0
DA:37,0
DA:58,0
DA:60,0
DA:61,0
DA:64,0
DA:65,0
DA:71,0
DA:72,0
DA:75,0
DA:76,0
DA:79,0
DA:80,0
DA:83,0
DA:94,0
DA:109,0
DA:129,0
DA:138,0
DA:140,0
DA:146,0
DA:147,0
DA:150,0
DA:151,0
DA:154,0
DA:155,0
DA:157,0
DA:164,0
DA:170,0
DA:175,0
DA:176,0
DA:177,0
DA:181,0
DA:188,0
DA:189,0
DA:190,0
DA:197,0
DA:207,0
DA:210,0
DA:217,0
DA:224,0
DA:242,0
DA:247,0
DA:248,0
DA:249,0
DA:252,0
DA:259,0
DA:261,0
DA:262,0
DA:263,0
DA:264,0
DA:268,0
DA:270,0
DA:277,0
DA:284,0
DA:297,0
DA:307,0
DA:318,0
DA:329,0
DA:331,0
DA:332,0
DA:337,0
DA:338,0
DA:346,0
DA:350,2
LF:66
LH:2
BRDA:13,0,0,0
BRDA:13,0,1,0
BRDA:16,1,0,0
BRDA:16,1,1,0
BRDA:17,2,0,0
BRDA:17,2,1,0
BRDA:46,3,0,0
BRDA:48,4,0,0
BRDA:49,5,0,0
BRDA:54,6,0,0
BRDA:55,7,0,0
BRDA:56,8,0,0
BRDA:57,9,0,0
BRDA:64,10,0,0
BRDA:64,10,1,0
BRDA:71,11,0,0
BRDA:71,11,1,0
BRDA:75,12,0,0
BRDA:75,12,1,0
BRDA:79,13,0,0
BRDA:79,13,1,0
BRDA:112,14,0,0
BRDA:112,14,1,0
BRDA:113,15,0,0
BRDA:113,15,1,0
BRDA:114,16,0,0
BRDA:114,16,1,0
BRDA:115,17,0,0
BRDA:115,17,1,0
BRDA:116,18,0,0
BRDA:116,18,1,0
BRDA:117,19,0,0
BRDA:117,19,1,0
BRDA:118,20,0,0
BRDA:118,20,1,0
BRDA:119,21,0,0
BRDA:119,21,1,0
BRDA:137,22,0,0
BRDA:138,23,0,0
BRDA:138,23,1,0
BRDA:146,24,0,0
BRDA:146,24,1,0
BRDA:146,25,0,0
BRDA:146,25,1,0
BRDA:150,26,0,0
BRDA:150,26,1,0
BRDA:175,27,0,0
BRDA:175,27,1,0
BRDA:189,28,0,0
BRDA:189,28,1,0
BRDA:229,29,0,0
BRDA:229,29,1,0
BRDA:233,30,0,0
BRDA:233,30,1,0
BRDA:241,31,0,0
BRDA:259,32,0,0
BRDA:259,32,1,0
BRDA:263,33,0,0
BRDA:263,33,1,0
BRDA:285,34,0,0
BRDA:285,34,1,0
BRDA:296,35,0,0
BRDA:328,36,0,0
BRDA:328,37,0,0
BRDA:331,38,0,0
BRDA:331,38,1,0
BRDA:337,39,0,0
BRDA:337,39,1,0
BRF:68
BRH:0
end_of_record
TN:
SF:src\services\assetService.js
FN:3,(anonymous_0)
FN:44,(anonymous_1)
FN:66,findWithPagination
FN:103,findById
FN:116,findByAssetTag
FN:128,create
FN:140,update
FN:153,deleteAsset
FN:175,search
FN:223,getStats
FN:252,(anonymous_10)
FN:256,(anonymous_11)
FN:260,(anonymous_12)
FN:268,addAttachment
FN:278,getAttachments
FN:286,deleteAttachment
FN:300,createMany
FNF:17
FNH:0
FNDA:0,(anonymous_0)
FNDA:0,(anonymous_1)
FNDA:0,findWithPagination
FNDA:0,findById
FNDA:0,findByAssetTag
FNDA:0,create
FNDA:0,update
FNDA:0,deleteAsset
FNDA:0,search
FNDA:0,getStats
FNDA:0,(anonymous_10)
FNDA:0,(anonymous_11)
FNDA:0,(anonymous_12)
FNDA:0,addAttachment
FNDA:0,getAttachments
FNDA:0,deleteAttachment
FNDA:0,createMany
DA:1,2
DA:3,2
DA:44,2
DA:72,0
DA:74,0
DA:75,0
DA:77,0
DA:92,0
DA:104,0
DA:113,0
DA:117,0
DA:125,0
DA:129,0
DA:137,0
DA:141,0
DA:150,0
DA:154,0
DA:158,0
DA:160,0
DA:164,0
DA:168,0
DA:172,0
DA:176,0
DA:178,0
DA:179,0
DA:182,0
DA:183,0
DA:186,0
DA:187,0
DA:190,0
DA:191,0
DA:194,0
DA:195,0
DA:198,0
DA:199,0
DA:202,0
DA:203,0
DA:206,0
DA:207,0
DA:210,0
DA:211,0
DA:214,0
DA:215,0
DA:218,0
DA:220,0
DA:229,0
DA:250,0
DA:253,0
DA:254,0
DA:257,0
DA:258,0
DA:260,0
DA:269,0
DA:275,0
DA:279,0
DA:283,0
DA:287,0
DA:291,0
DA:293,0
DA:297,0
DA:301,0
DA:305,0
DA:308,2
LF:63
LH:4
BRDA:16,0,0,0
BRDA:16,0,1,0
BRDA:21,1,0,0
BRDA:21,1,1,0
BRDA:39,2,0,0
BRDA:39,2,1,0
BRDA:55,3,0,0
BRDA:55,3,1,0
BRDA:56,4,0,0
BRDA:56,4,1,0
BRDA:58,5,0,0
BRDA:58,5,1,0
BRDA:68,6,0,0
BRDA:69,7,0,0
BRDA:70,8,0,0
BRDA:71,9,0,0
BRDA:75,10,0,0
BRDA:75,10,1,0
BRDA:113,11,0,0
BRDA:113,11,1,0
BRDA:125,12,0,0
BRDA:125,12,1,0
BRDA:158,13,0,0
BRDA:158,13,1,0
BRDA:178,14,0,0
BRDA:178,14,1,0
BRDA:182,15,0,0
BRDA:182,15,1,0
BRDA:186,16,0,0
BRDA:186,16,1,0
BRDA:190,17,0,0
BRDA:190,17,1,0
BRDA:194,18,0,0
BRDA:194,18,1,0
BRDA:198,19,0,0
BRDA:198,19,1,0
BRDA:202,20,0,0
BRDA:202,20,1,0
BRDA:206,21,0,0
BRDA:206,21,1,0
BRDA:210,22,0,0
BRDA:210,22,1,0
BRDA:214,23,0,0
BRDA:214,23,1,0
BRDA:291,24,0,0
BRDA:291,24,1,0
BRF:46
BRH:0
end_of_record
TN:
SF:src\services\auth.service.js
FN:13,(anonymous_0)
FN:17,(anonymous_1)
FN:25,(anonymous_2)
FN:38,(anonymous_3)
FN:42,(anonymous_4)
FN:49,(anonymous_5)
FN:79,(anonymous_6)
FN:107,(anonymous_7)
FN:135,(anonymous_8)
FN:154,(anonymous_9)
FN:185,(anonymous_10)
FN:192,(anonymous_11)
FN:216,(anonymous_12)
FN:230,(anonymous_13)
FN:246,(anonymous_14)
FNF:15
FNH:0
FNDA:0,(anonymous_0)
FNDA:0,(anonymous_1)
FNDA:0,(anonymous_2)
FNDA:0,(anonymous_3)
FNDA:0,(anonymous_4)
FNDA:0,(anonymous_5)
FNDA:0,(anonymous_6)
FNDA:0,(anonymous_7)
FNDA:0,(anonymous_8)
FNDA:0,(anonymous_9)
FNDA:0,(anonymous_10)
FNDA:0,(anonymous_11)
FNDA:0,(anonymous_12)
FNDA:0,(anonymous_13)
FNDA:0,(anonymous_14)
DA:1,2
DA:2,2
DA:3,2
DA:4,2
DA:5,2
DA:6,2
DA:7,2
DA:8,2
DA:9,2
DA:11,2
DA:13,2
DA:14,0
DA:17,2
DA:18,0
DA:25,2
DA:26,0
DA:32,0
DA:33,0
DA:35,0
DA:38,2
DA:39,0
DA:42,2
DA:43,0
DA:44,0
DA:45,0
DA:46,0
DA:49,2
DA:50,0
DA:51,0
DA:52,0
DA:55,0
DA:56,0
DA:57,0
DA:60,0
DA:61,0
DA:63,0
DA:71,0
DA:73,0
DA:79,2
DA:80,0
DA:81,0
DA:82,0
DA:85,0
DA:86,0
DA:87,0
DA:90,0
DA:91,0
DA:99,0
DA:101,0
DA:107,2
DA:108,0
DA:109,0
DA:110,0
DA:113,0
DA:114,0
DA:115,0
DA:118,0
DA:119,0
DA:127,0
DA:129,0
DA:135,2
DA:136,0
DA:137,0
DA:138,0
DA:141,0
DA:142,0
DA:143,0
DA:146,0
DA:148,0
DA:154,2
DA:156,0
DA:157,0
DA:159,0
DA:162,0
DA:163,0
DA:164,0
DA:165,0
DA:167,0
DA:170,0
DA:172,0
DA:173,0
DA:174,0
DA:177,0
DA:179,0
DA:185,2
DA:186,0
DA:187,0
DA:188,0
DA:192,2
DA:193,0
DA:194,0
DA:195,0
DA:198,0
DA:199,0
DA:201,0
DA:206,0
DA:207,0
DA:209,0
DA:216,2
DA:217,0
DA:218,0
DA:219,0
DA:222,0
DA:223,0
DA:230,2
DA:231,0
DA:232,0
DA:233,0
DA:236,0
DA:237,0
DA:238,0
DA:241,0
DA:242,0
DA:243,0
DA:246,2
DA:247,0
DA:248,0
DA:249,0
DA:252,0
DA:259,2
LF:120
LH:26
BRDA:51,0,0,0
BRDA:51,0,1,0
BRDA:56,1,0,0
BRDA:56,1,1,0
BRDA:81,2,0,0
BRDA:81,2,1,0
BRDA:86,3,0,0
BRDA:86,3,1,0
BRDA:109,4,0,0
BRDA:109,4,1,0
BRDA:114,5,0,0
BRDA:114,5,1,0
BRDA:137,6,0,0
BRDA:137,6,1,0
BRDA:142,7,0,0
BRDA:142,7,1,0
BRDA:163,8,0,0
BRDA:163,8,1,0
BRDA:163,9,0,0
BRDA:163,9,1,0
BRDA:164,10,0,0
BRDA:164,10,1,0
BRDA:173,11,0,0
BRDA:173,11,1,0
BRDA:187,12,0,0
BRDA:187,12,1,0
BRDA:187,13,0,0
BRDA:187,13,1,0
BRDA:194,14,0,0
BRDA:194,14,1,0
BRDA:218,15,0,0
BRDA:218,15,1,0
BRDA:232,16,0,0
BRDA:232,16,1,0
BRDA:237,17,0,0
BRDA:237,17,1,0
BRDA:248,18,0,0
BRDA:248,18,1,0
BRF:38
BRH:0
end_of_record
TN:
SF:src\services\departmentRepository.js
FN:7,(anonymous_0)
FN:22,(anonymous_1)
FN:32,(anonymous_2)
FN:93,(anonymous_3)
FN:109,(anonymous_4)
FN:118,(anonymous_5)
FN:136,(anonymous_6)
FN:144,(anonymous_7)
FN:158,(anonymous_8)
FN:168,(anonymous_9)
FN:226,(anonymous_10)
FN:243,(anonymous_11)
FN:261,(anonymous_12)
FN:281,(anonymous_13)
FN:292,(anonymous_14)
FN:302,(anonymous_15)
FNF:16
FNH:0
FNDA:0,(anonymous_0)
FNDA:0,(anonymous_1)
FNDA:0,(anonymous_2)
FNDA:0,(anonymous_3)
FNDA:0,(anonymous_4)
FNDA:0,(anonymous_5)
FNDA:0,(anonymous_6)
FNDA:0,(anonymous_7)
FNDA:0,(anonymous_8)
FNDA:0,(anonymous_9)
FNDA:0,(anonymous_10)
FNDA:0,(anonymous_11)
FNDA:0,(anonymous_12)
FNDA:0,(anonymous_13)
FNDA:0,(anonymous_14)
FNDA:0,(anonymous_15)
DA:1,2
DA:8,0
DA:23,0
DA:44,0
DA:46,0
DA:47,0
DA:50,0
DA:51,0
DA:56,0
DA:57,0
DA:60,0
DA:61,0
DA:64,0
DA:65,0
DA:68,0
DA:79,0
DA:94,0
DA:110,0
DA:119,0
DA:121,0
DA:127,0
DA:128,0
DA:131,0
DA:132,0
DA:135,0
DA:136,0
DA:138,0
DA:145,0
DA:151,0
DA:156,0
DA:157,0
DA:158,0
DA:162,0
DA:169,0
DA:170,0
DA:171,0
DA:179,0
DA:192,0
DA:195,0
DA:202,0
DA:208,0
DA:227,0
DA:232,0
DA:233,0
DA:234,0
DA:237,0
DA:244,0
DA:246,0
DA:247,0
DA:248,0
DA:249,0
DA:253,0
DA:255,0
DA:262,0
DA:269,0
DA:282,0
DA:293,0
DA:303,0
DA:314,0
DA:315,0
DA:329,0
DA:330,0
DA:339,0
DA:343,2
LF:64
LH:2
BRDA:13,0,0,0
BRDA:13,0,1,0
BRDA:32,1,0,0
BRDA:34,2,0,0
BRDA:35,3,0,0
BRDA:40,4,0,0
BRDA:41,5,0,0
BRDA:42,6,0,0
BRDA:43,7,0,0
BRDA:50,8,0,0
BRDA:50,8,1,0
BRDA:56,9,0,0
BRDA:56,9,1,0
BRDA:60,10,0,0
BRDA:60,10,1,0
BRDA:64,11,0,0
BRDA:64,11,1,0
BRDA:97,12,0,0
BRDA:97,12,1,0
BRDA:98,13,0,0
BRDA:98,13,1,0
BRDA:99,14,0,0
BRDA:99,14,1,0
BRDA:100,15,0,0
BRDA:100,15,1,0
BRDA:118,16,0,0
BRDA:119,17,0,0
BRDA:119,17,1,0
BRDA:127,18,0,0
BRDA:127,18,1,0
BRDA:127,19,0,0
BRDA:127,19,1,0
BRDA:131,20,0,0
BRDA:131,20,1,0
BRDA:156,21,0,0
BRDA:156,21,1,0
BRDA:170,22,0,0
BRDA:170,22,1,0
BRDA:226,23,0,0
BRDA:244,24,0,0
BRDA:244,24,1,0
BRDA:248,25,0,0
BRDA:248,25,1,0
BRDA:270,26,0,0
BRDA:270,26,1,0
BRDA:292,27,0,0
BRDA:302,28,0,0
BRDA:302,29,0,0
BRDA:314,30,0,0
BRDA:314,30,1,0
BRDA:329,31,0,0
BRDA:329,31,1,0
BRF:52
BRH:0
end_of_record
TN:
SF:src\services\email.service.js
FN:5,(anonymous_0)
FN:20,(anonymous_1)
FN:30,(anonymous_2)
FN:39,(anonymous_3)
FN:48,(anonymous_4)
FNF:5
FNH:0
FNDA:0,(anonymous_0)
FNDA:0,(anonymous_1)
FNDA:0,(anonymous_2)
FNDA:0,(anonymous_3)
FNDA:0,(anonymous_4)
DA:1,2
DA:5,2
DA:6,0
DA:7,0
DA:17,0
DA:20,2
DA:21,0
DA:22,0
DA:30,2
DA:31,0
DA:32,0
DA:39,2
DA:40,0
DA:41,0
DA:48,2
DA:49,0
DA:58,0
DA:59,0
DA:75,2
LF:19
LH:7
BRDA:6,0,0,0
BRDA:6,0,1,0
BRDA:8,1,0,0
BRDA:8,1,1,0
BRDA:9,2,0,0
BRDA:9,2,1,0
BRDA:23,3,0,0
BRDA:23,3,1,0
BRDA:31,4,0,0
BRDA:31,4,1,0
BRDA:40,5,0,0
BRDA:40,5,1,0
BRDA:58,6,0,0
BRDA:58,6,1,0
BRDA:67,7,0,0
BRDA:67,7,1,0
BRDA:67,8,0,0
BRDA:67,8,1,0
BRF:18
BRH:0
end_of_record
TN:
SF:src\services\maintenance.service.js
FN:18,(anonymous_0)
FN:20,(anonymous_1)
FN:20,(anonymous_2)
FN:26,(anonymous_3)
FN:32,(anonymous_4)
FN:61,(anonymous_5)
FN:82,(anonymous_6)
FN:124,(anonymous_7)
FN:138,(anonymous_8)
FN:144,(anonymous_9)
FN:158,(anonymous_10)
FN:166,(anonymous_11)
FN:169,(anonymous_12)
FN:184,(anonymous_13)
FN:187,(anonymous_14)
FN:203,(anonymous_15)
FN:205,(anonymous_16)
FN:217,(anonymous_17)
FN:225,(anonymous_18)
FN:228,(anonymous_19)
FN:234,(anonymous_20)
FN:240,(anonymous_21)
FNF:22
FNH:0
FNDA:0,(anonymous_0)
FNDA:0,(anonymous_1)
FNDA:0,(anonymous_2)
FNDA:0,(anonymous_3)
FNDA:0,(anonymous_4)
FNDA:0,(anonymous_5)
FNDA:0,(anonymous_6)
FNDA:0,(anonymous_7)
FNDA:0,(anonymous_8)
FNDA:0,(anonymous_9)
FNDA:0,(anonymous_10)
FNDA:0,(anonymous_11)
FNDA:0,(anonymous_12)
FNDA:0,(anonymous_13)
FNDA:0,(anonymous_14)
FNDA:0,(anonymous_15)
FNDA:0,(anonymous_16)
FNDA:0,(anonymous_17)
FNDA:0,(anonymous_18)
FNDA:0,(anonymous_19)
FNDA:0,(anonymous_20)
FNDA:0,(anonymous_21)
DA:1,2
DA:2,2
DA:3,2
DA:4,2
DA:5,2
DA:7,2
DA:18,2
DA:19,0
DA:20,0
DA:21,0
DA:22,0
DA:26,2
DA:27,0
DA:28,0
DA:29,0
DA:32,2
DA:33,0
DA:34,0
DA:36,0
DA:38,0
DA:58,0
DA:61,2
DA:62,0
DA:63,0
DA:65,0
DA:66,0
DA:67,0
DA:68,0
DA:69,0
DA:70,0
DA:72,0
DA:73,0
DA:79,0
DA:82,2
DA:83,0
DA:84,0
DA:86,0
DA:87,0
DA:88,0
DA:91,0
DA:93,0
DA:94,0
DA:95,0
DA:96,0
DA:97,0
DA:98,0
DA:99,0
DA:100,0
DA:101,0
DA:103,0
DA:109,0
DA:110,0
DA:113,0
DA:114,0
DA:117,0
DA:118,0
DA:121,0
DA:124,2
DA:125,0
DA:126,0
DA:128,0
DA:129,0
DA:131,0
DA:138,2
DA:139,0
DA:140,0
DA:141,0
DA:144,2
DA:145,0
DA:146,0
DA:148,0
DA:158,2
DA:159,0
DA:160,0
DA:161,0
DA:163,0
DA:166,2
DA:167,0
DA:168,0
DA:169,0
DA:170,0
DA:172,0
DA:173,0
DA:175,0
DA:181,0
DA:183,0
DA:184,0
DA:186,0
DA:187,0
DA:189,0
DA:203,2
DA:204,0
DA:205,0
DA:207,0
DA:208,0
DA:217,2
DA:218,0
DA:221,0
DA:222,0
DA:225,2
DA:226,0
DA:228,2
DA:229,0
DA:230,0
DA:231,0
DA:234,2
DA:235,0
DA:236,0
DA:237,0
DA:240,2
DA:241,0
DA:242,0
DA:243,0
DA:246,2
LF:114
LH:23
BRDA:18,0,0,0
BRDA:20,1,0,0
BRDA:20,1,1,0
BRDA:28,2,0,0
BRDA:28,2,1,0
BRDA:34,3,0,0
BRDA:34,3,1,0
BRDA:36,4,0,0
BRDA:36,4,1,0
BRDA:40,5,0,0
BRDA:40,5,1,0
BRDA:43,6,0,0
BRDA:43,6,1,0
BRDA:44,7,0,0
BRDA:44,7,1,0
BRDA:45,8,0,0
BRDA:45,8,1,0
BRDA:46,9,0,0
BRDA:46,9,1,0
BRDA:47,10,0,0
BRDA:47,10,1,0
BRDA:48,11,0,0
BRDA:48,11,1,0
BRDA:48,12,0,0
BRDA:48,12,1,0
BRDA:50,13,0,0
BRDA:50,13,1,0
BRDA:51,14,0,0
BRDA:51,14,1,0
BRDA:52,15,0,0
BRDA:52,15,1,0
BRDA:63,16,0,0
BRDA:63,16,1,0
BRDA:66,17,0,0
BRDA:66,17,1,0
BRDA:66,18,0,0
BRDA:66,18,1,0
BRDA:67,19,0,0
BRDA:67,19,1,0
BRDA:67,20,0,0
BRDA:67,20,1,0
BRDA:68,21,0,0
BRDA:68,21,1,0
BRDA:68,22,0,0
BRDA:68,22,1,0
BRDA:69,23,0,0
BRDA:69,23,1,0
BRDA:69,24,0,0
BRDA:69,24,1,0
BRDA:70,25,0,0
BRDA:70,25,1,0
BRDA:70,26,0,0
BRDA:70,26,1,0
BRDA:72,27,0,0
BRDA:72,27,1,0
BRDA:72,28,0,0
BRDA:72,28,1,0
BRDA:72,28,2,0
BRDA:72,28,3,0
BRDA:73,29,0,0
BRDA:73,29,1,0
BRDA:74,30,0,0
BRDA:74,30,1,0
BRDA:75,31,0,0
BRDA:75,31,1,0
BRDA:76,32,0,0
BRDA:76,32,1,0
BRDA:84,33,0,0
BRDA:84,33,1,0
BRDA:87,34,0,0
BRDA:87,34,1,0
BRDA:87,35,0,0
BRDA:87,35,1,0
BRDA:93,36,0,0
BRDA:93,36,1,0
BRDA:97,37,0,0
BRDA:97,37,1,0
BRDA:98,38,0,0
BRDA:98,38,1,0
BRDA:99,39,0,0
BRDA:99,39,1,0
BRDA:100,40,0,0
BRDA:100,40,1,0
BRDA:101,41,0,0
BRDA:101,41,1,0
BRDA:103,42,0,0
BRDA:103,42,1,0
BRDA:104,43,0,0
BRDA:104,43,1,0
BRDA:105,44,0,0
BRDA:105,44,1,0
BRDA:109,45,0,0
BRDA:109,45,1,0
BRDA:109,46,0,0
BRDA:109,46,1,0
BRDA:110,47,0,0
BRDA:110,47,1,0
BRDA:113,48,0,0
BRDA:113,48,1,0
BRDA:117,49,0,0
BRDA:117,49,1,0
BRDA:118,50,0,0
BRDA:118,50,1,0
BRDA:126,51,0,0
BRDA:126,51,1,0
BRDA:129,52,0,0
BRDA:129,52,1,0
BRDA:133,53,0,0
BRDA:133,53,1,0
BRDA:133,54,0,0
BRDA:133,54,1,0
BRDA:134,55,0,0
BRDA:134,55,1,0
BRDA:140,56,0,0
BRDA:140,56,1,0
BRDA:146,57,0,0
BRDA:146,57,1,0
BRDA:160,58,0,0
BRDA:160,58,1,0
BRDA:160,59,0,0
BRDA:160,59,1,0
BRDA:194,60,0,0
BRDA:194,60,1,0
BRDA:195,61,0,0
BRDA:195,61,1,0
BRDA:196,62,0,0
BRDA:196,62,1,0
BRDA:197,63,0,0
BRDA:197,63,1,0
BRDA:198,64,0,0
BRDA:198,64,1,0
BRDA:221,65,0,0
BRDA:221,65,1,0
BRDA:225,66,0,0
BRDA:230,67,0,0
BRDA:230,67,1,0
BRDA:236,68,0,0
BRDA:236,68,1,0
BRDA:242,69,0,0
BRDA:242,69,1,0
BRF:140
BRH:0
end_of_record
TN:
SF:src\services\notification.service.js
FN:6,(anonymous_0)
FN:10,(anonymous_1)
FN:14,(anonymous_2)
FN:21,(anonymous_3)
FN:26,(anonymous_4)
FN:33,(anonymous_5)
FN:66,(anonymous_6)
FN:79,(anonymous_7)
FN:102,(anonymous_8)
FN:115,(anonymous_9)
FN:128,(anonymous_10)
FN:141,(anonymous_11)
FNF:12
FNH:0
FNDA:0,(anonymous_0)
FNDA:0,(anonymous_1)
FNDA:0,(anonymous_2)
FNDA:0,(anonymous_3)
FNDA:0,(anonymous_4)
FNDA:0,(anonymous_5)
FNDA:0,(anonymous_6)
FNDA:0,(anonymous_7)
FNDA:0,(anonymous_8)
FNDA:0,(anonymous_9)
FNDA:0,(anonymous_10)
FNDA:0,(anonymous_11)
DA:1,2
DA:2,2
DA:3,2
DA:4,2
DA:6,2
DA:7,0
DA:10,2
DA:11,0
DA:14,2
DA:15,0
DA:16,0
DA:17,0
DA:18,0
DA:21,2
DA:22,0
DA:23,0
DA:26,2
DA:27,0
DA:28,0
DA:29,0
DA:30,0
DA:33,2
DA:34,0
DA:44,0
DA:45,0
DA:46,0
DA:47,0
DA:48,0
DA:59,0
DA:63,0
DA:66,2
DA:67,0
DA:79,2
DA:80,0
DA:90,0
DA:102,2
DA:103,0
DA:115,2
DA:116,0
DA:128,2
DA:129,0
DA:141,2
DA:142,0
DA:154,2
LF:44
LH:17
BRDA:6,0,0,0
BRDA:16,1,0,0
BRDA:16,1,1,0
BRDA:17,2,0,0
BRDA:17,2,1,0
BRDA:28,3,0,0
BRDA:28,3,1,0
BRDA:29,4,0,0
BRDA:29,4,1,0
BRDA:33,5,0,0
BRDA:44,6,0,0
BRDA:44,6,1,0
BRDA:47,7,0,0
BRDA:47,7,1,0
BRDA:66,8,0,0
BRDA:79,9,0,0
BRDA:95,10,0,0
BRDA:95,10,1,0
BRDA:102,11,0,0
BRDA:115,12,0,0
BRDA:128,13,0,0
BRDA:141,14,0,0
BRF:22
BRH:0
end_of_record
TN:
SF:src\utils\AppError.js
FN:2,(anonymous_0)
FNF:1
FNH:0
FNDA:0,(anonymous_0)
DA:3,0
DA:4,0
DA:5,0
DA:6,0
DA:10,2
LF:5
LH:1
BRF:0
BRH:0
end_of_record
TN:
SF:src\utils\asyncHandler.js
FN:1,(anonymous_0)
FN:1,(anonymous_1)
FNF:2
FNH:1
FNDA:72,(anonymous_0)
FNDA:0,(anonymous_1)
DA:1,72
DA:2,0
DA:5,2
LF:3
LH:2
BRF:0
BRH:0
end_of_record
TN:
SF:src\utils\auditLog.js
FN:3,(anonymous_0)
FN:25,(anonymous_1)
FN:28,(anonymous_2)
FN:31,(anonymous_3)
FN:34,(anonymous_4)
FN:37,(anonymous_5)
FN:40,(anonymous_6)
FN:43,(anonymous_7)
FN:78,(anonymous_8)
FN:88,(anonymous_9)
FN:110,(anonymous_10)
FN:127,(anonymous_11)
FN:136,(anonymous_12)
FNF:13
FNH:0
FNDA:0,(anonymous_0)
FNDA:0,(anonymous_1)
FNDA:0,(anonymous_2)
FNDA:0,(anonymous_3)
FNDA:0,(anonymous_4)
FNDA:0,(anonymous_5)
FNDA:0,(anonymous_6)
FNDA:0,(anonymous_7)
FNDA:0,(anonymous_8)
FNDA:0,(anonymous_9)
FNDA:0,(anonymous_10)
FNDA:0,(anonymous_11)
FNDA:0,(anonymous_12)
DA:1,2
DA:3,2
DA:4,0
DA:5,0
DA:20,0
DA:21,0
DA:25,2
DA:26,0
DA:28,2
DA:29,0
DA:31,2
DA:32,0
DA:34,2
DA:35,0
DA:37,2
DA:38,0
DA:40,2
DA:41,0
DA:43,2
DA:44,0
DA:45,0
DA:46,0
DA:48,0
DA:49,0
DA:50,0
DA:51,0
DA:52,0
DA:53,0
DA:54,0
DA:55,0
DA:56,0
DA:58,0
DA:59,0
DA:62,0
DA:75,0
DA:78,2
DA:79,0
DA:85,0
DA:88,2
DA:89,0
DA:90,0
DA:92,0
DA:94,0
DA:107,0
DA:110,2
DA:111,0
DA:112,0
DA:113,0
DA:114,0
DA:115,0
DA:116,0
DA:119,0
DA:127,0
DA:136,2
DA:137,0
DA:140,0
DA:143,2
LF:57
LH:14
BRDA:13,0,0,0
BRDA:13,0,1,0
BRDA:14,1,0,0
BRDA:14,1,1,0
BRDA:43,2,0,0
BRDA:43,3,0,0
BRDA:45,4,0,0
BRDA:45,5,0,0
BRDA:49,6,0,0
BRDA:49,6,1,0
BRDA:50,7,0,0
BRDA:50,7,1,0
BRDA:51,8,0,0
BRDA:51,8,1,0
BRDA:52,9,0,0
BRDA:52,9,1,0
BRDA:53,10,0,0
BRDA:53,10,1,0
BRDA:53,11,0,0
BRDA:53,11,1,0
BRDA:55,12,0,0
BRDA:55,12,1,0
BRDA:56,13,0,0
BRDA:56,13,1,0
BRDA:58,14,0,0
BRDA:58,14,1,0
BRDA:88,15,0,0
BRDA:89,16,0,0
BRDA:89,17,0,0
BRDA:110,18,0,0
BRDA:113,19,0,0
BRDA:113,19,1,0
BRDA:113,20,0,0
BRDA:113,20,1,0
BRDA:115,21,0,0
BRDA:115,21,1,0
BRDA:116,22,0,0
BRDA:116,22,1,0
BRF:38
BRH:0
end_of_record
TN:
SF:src\utils\codeGenerator.js
FN:4,generateQRCode
FN:20,generateQRCodeImage
FN:45,generateBarcodeImage
FN:51,generateCompositeBarcodeQR
FN:88,generateQRCodeAssetTagFormat
FN:102,generateBarcodeFromAPI
FN:114,generateQRCodeHighQuality
FN:146,generateQRCodeDataURL
FN:170,generateCode
FNF:9
FNH:0
FNDA:0,generateQRCode
FNDA:0,generateQRCodeImage
FNDA:0,generateBarcodeImage
FNDA:0,generateCompositeBarcodeQR
FNDA:0,generateQRCodeAssetTagFormat
FNDA:0,generateBarcodeFromAPI
FNDA:0,generateQRCodeHighQuality
FNDA:0,generateQRCodeDataURL
FNDA:0,generateCode
DA:1,2
DA:2,2
DA:5,0
DA:10,0
DA:21,0
DA:26,0
DA:27,0
DA:32,0
DA:38,0
DA:46,0
DA:47,0
DA:52,0
DA:53,0
DA:60,0
DA:61,0
DA:70,0
DA:81,0
DA:89,0
DA:95,0
DA:103,0
DA:110,0
DA:111,0
DA:115,0
DA:120,0
DA:121,0
DA:132,0
DA:139,0
DA:147,0
DA:148,0
DA:158,0
DA:163,0
DA:171,0
DA:172,0
DA:180,0
DA:182,0
DA:184,0
DA:187,0
DA:190,0
DA:193,0
DA:196,0
DA:200,2
LF:41
LH:3
BRDA:4,0,0,0
BRDA:20,1,0,0
BRDA:20,2,0,0
BRDA:45,3,0,0
BRDA:45,4,0,0
BRDA:45,5,0,0
BRDA:51,6,0,0
BRDA:88,7,0,0
BRDA:114,8,0,0
BRDA:114,9,0,0
BRDA:146,10,0,0
BRDA:170,11,0,0
BRDA:182,12,0,0
BRDA:182,12,1,0
BRDA:182,12,2,0
BRDA:182,12,3,0
BRDA:182,12,4,0
BRF:17
BRH:0
end_of_record
TN:
SF:src\utils\csvImporter.js
FN:34,validateCSVHeader
FN:35,(anonymous_1)
FN:36,(anonymous_2)
FN:46,parseDate
FN:52,parseNumber
FN:58,parseString
FN:63,processCSVFile
FN:90,validateAssetRecord
FN:152,normalizeAssetData
FN:177,importFromCSV
FN:240,createMockCSVTemplate
FN:242,(anonymous_11)
FN:243,(anonymous_12)
FN:278,validateImportMapping
FN:295,generateImportReport
FN:307,previewCSVRecords
FNF:16
FNH:0
FNDA:0,validateCSVHeader
FNDA:0,(anonymous_1)
FNDA:0,(anonymous_2)
FNDA:0,parseDate
FNDA:0,parseNumber
FNDA:0,parseString
FNDA:0,processCSVFile
FNDA:0,validateAssetRecord
FNDA:0,normalizeAssetData
FNDA:0,importFromCSV
FNDA:0,createMockCSVTemplate
FNDA:0,(anonymous_11)
FNDA:0,(anonymous_12)
FNDA:0,validateImportMapping
FNDA:0,generateImportReport
FNDA:0,previewCSVRecords
DA:1,2
DA:2,2
DA:3,2
DA:4,2
DA:6,2
DA:8,2
DA:18,2
DA:35,0
DA:36,0
DA:38,0
DA:47,0
DA:48,0
DA:49,0
DA:53,0
DA:54,0
DA:55,0
DA:59,0
DA:60,0
DA:64,0
DA:65,0
DA:66,0
DA:71,0
DA:72,0
DA:78,0
DA:83,0
DA:91,0
DA:92,0
DA:94,0
DA:96,0
DA:97,0
DA:98,0
DA:102,0
DA:103,0
DA:104,0
DA:105,0
DA:109,0
DA:110,0
DA:111,0
DA:112,0
DA:116,0
DA:117,0
DA:118,0
DA:120,0
DA:121,0
DA:122,0
DA:123,0
DA:127,0
DA:128,0
DA:131,0
DA:132,0
DA:135,0
DA:136,0
DA:137,0
DA:140,0
DA:141,0
DA:142,0
DA:145,0
DA:153,0
DA:178,0
DA:179,0
DA:180,0
DA:183,0
DA:185,0
DA:186,0
DA:187,0
DA:190,0
DA:191,0
DA:192,0
DA:194,0
DA:195,0
DA:197,0
DA:198,0
DA:199,0
DA:200,0
DA:203,0
DA:204,0
DA:210,0
DA:211,0
DA:215,0
DA:218,0
DA:219,0
DA:223,0
DA:226,0
DA:227,0
DA:228,0
DA:231,0
DA:241,0
DA:242,0
DA:243,0
DA:246,0
DA:271,0
DA:279,0
DA:281,0
DA:282,0
DA:285,0
DA:286,0
DA:289,0
DA:296,0
DA:308,0
DA:309,0
DA:310,0
DA:313,0
DA:315,0
DA:316,0
DA:317,0
DA:320,0
DA:322,0
DA:323,0
DA:325,0
DA:326,0
DA:327,0
DA:335,0
DA:343,2
LF:113
LH:8
BRDA:36,0,0,0
BRDA:36,0,1,0
BRDA:47,1,0,0
BRDA:47,1,1,0
BRDA:49,2,0,0
BRDA:49,2,1,0
BRDA:53,3,0,0
BRDA:53,3,1,0
BRDA:55,4,0,0
BRDA:55,4,1,0
BRDA:59,5,0,0
BRDA:59,5,1,0
BRDA:71,6,0,0
BRDA:71,6,1,0
BRDA:97,7,0,0
BRDA:97,7,1,0
BRDA:102,8,0,0
BRDA:102,8,1,0
BRDA:104,9,0,0
BRDA:104,9,1,0
BRDA:109,10,0,0
BRDA:109,10,1,0
BRDA:111,11,0,0
BRDA:111,11,1,0
BRDA:111,12,0,0
BRDA:111,12,1,0
BRDA:111,12,2,0
BRDA:116,13,0,0
BRDA:116,13,1,0
BRDA:116,14,0,0
BRDA:116,14,1,0
BRDA:120,15,0,0
BRDA:120,15,1,0
BRDA:122,16,0,0
BRDA:122,16,1,0
BRDA:122,17,0,0
BRDA:122,17,1,0
BRDA:127,18,0,0
BRDA:127,18,1,0
BRDA:127,19,0,0
BRDA:127,19,1,0
BRDA:131,20,0,0
BRDA:131,20,1,0
BRDA:131,21,0,0
BRDA:131,21,1,0
BRDA:136,22,0,0
BRDA:136,22,1,0
BRDA:136,23,0,0
BRDA:136,23,1,0
BRDA:141,24,0,0
BRDA:141,24,1,0
BRDA:141,25,0,0
BRDA:141,25,1,0
BRDA:154,26,0,0
BRDA:154,26,1,0
BRDA:168,27,0,0
BRDA:168,27,1,0
BRDA:169,28,0,0
BRDA:169,28,1,0
BRDA:170,29,0,0
BRDA:170,29,1,0
BRDA:177,30,0,0
BRDA:177,31,0,0
BRDA:179,32,0,0
BRDA:179,32,1,0
BRDA:186,33,0,0
BRDA:186,33,1,0
BRDA:198,34,0,0
BRDA:198,34,1,0
BRDA:203,35,0,0
BRDA:203,35,1,0
BRDA:210,36,0,0
BRDA:210,36,1,0
BRDA:210,37,0,0
BRDA:210,37,1,0
BRDA:218,38,0,0
BRDA:218,38,1,0
BRDA:218,39,0,0
BRDA:218,39,1,0
BRDA:235,40,0,0
BRDA:235,40,1,0
BRDA:281,41,0,0
BRDA:281,41,1,0
BRDA:281,42,0,0
BRDA:281,42,1,0
BRDA:285,43,0,0
BRDA:285,43,1,0
BRDA:285,44,0,0
BRDA:285,44,1,0
BRDA:303,45,0,0
BRDA:303,45,1,0
BRDA:309,46,0,0
BRDA:309,46,1,0
BRDA:316,47,0,0
BRDA:316,47,1,0
BRDA:329,48,0,0
BRDA:329,48,1,0
BRDA:330,49,0,0
BRDA:330,49,1,0
BRDA:331,50,0,0
BRDA:331,50,1,0
BRDA:339,51,0,0
BRDA:339,51,1,0
BRF:103
BRH:0
end_of_record
TN:
SF:src\utils\format.js
FN:61,(anonymous_0)
FN:63,employee
FN:74,department
FN:92,category
FN:112,assetFull
FN:132,assetList
FN:147,allocation
FNF:7
FNH:0
FNDA:0,(anonymous_0)
FNDA:0,employee
FNDA:0,department
FNDA:0,category
FNDA:0,assetFull
FNDA:0,assetList
FNDA:0,allocation
DA:1,2
DA:8,2
DA:15,2
DA:16,2
DA:17,2
DA:18,2
DA:20,2
DA:21,2
DA:23,2
DA:32,2
DA:41,2
DA:51,2
DA:61,2
DA:64,0
DA:75,0
DA:93,0
DA:113,0
DA:133,0
DA:148,0
DA:161,2
LF:20
LH:14
BRDA:61,0,0,0
BRDA:61,0,1,0
BRDA:80,1,0,0
BRDA:80,1,1,0
BRDA:98,2,0,0
BRDA:98,2,1,0
BRDA:106,3,0,0
BRDA:106,3,1,0
BRDA:140,4,0,0
BRDA:140,4,1,0
BRDA:154,5,0,0
BRDA:154,5,1,0
BRDA:157,6,0,0
BRDA:157,6,1,0
BRDA:157,7,0,0
BRDA:157,7,1,0
BRF:16
BRH:0
end_of_record
TN:
SF:src\utils\upload.js
FN:20,ensureUploadDir
FN:28,getFileExtension
FN:32,getMimeType
FN:49,validateFile
FN:76,processFileUpload
FN:90,(anonymous_5)
FN:92,(anonymous_6)
FN:97,(anonymous_7)
FN:113,processSingleFileUpload
FN:121,processMultipleFilesUpload
FN:133,(anonymous_10)
FN:135,(anonymous_11)
FN:140,(anonymous_12)
FN:156,deleteFile
FN:175,getFileUrl
FN:189,getFilteredExtensions
FN:204,(anonymous_16)
FN:206,(anonymous_17)
FN:213,compressImage
FNF:19
FNH:0
FNDA:0,ensureUploadDir
FNDA:0,getFileExtension
FNDA:0,getMimeType
FNDA:0,validateFile
FNDA:0,processFileUpload
FNDA:0,(anonymous_5)
FNDA:0,(anonymous_6)
FNDA:0,(anonymous_7)
FNDA:0,processSingleFileUpload
FNDA:0,processMultipleFilesUpload
FNDA:0,(anonymous_10)
FNDA:0,(anonymous_11)
FNDA:0,(anonymous_12)
FNDA:0,deleteFile
FNDA:0,getFileUrl
FNDA:0,getFilteredExtensions
FNDA:0,(anonymous_16)
FNDA:0,(anonymous_17)
FNDA:0,compressImage
DA:1,2
DA:2,2
DA:3,2
DA:5,2
DA:6,2
DA:7,2
DA:21,0
DA:22,0
DA:23,0
DA:25,0
DA:29,0
DA:33,0
DA:34,0
DA:46,0
DA:50,0
DA:52,0
DA:53,0
DA:54,0
DA:57,0
DA:58,0
DA:59,0
DA:62,0
DA:63,0
DA:66,0
DA:67,0
DA:70,0
DA:77,0
DA:79,0
DA:80,0
DA:81,0
DA:82,0
DA:85,0
DA:86,0
DA:87,0
DA:88,0
DA:90,0
DA:91,0
DA:92,0
DA:93,0
DA:96,0
DA:97,0
DA:98,0
DA:109,0
DA:114,0
DA:115,0
DA:118,0
DA:122,0
DA:123,0
DA:126,0
DA:127,0
DA:129,0
DA:130,0
DA:131,0
DA:133,0
DA:134,0
DA:135,0
DA:136,0
DA:139,0
DA:140,0
DA:141,0
DA:148,0
DA:153,0
DA:157,0
DA:158,0
DA:160,0
DA:161,0
DA:164,0
DA:165,0
DA:166,0
DA:167,0
DA:169,0
DA:171,0
DA:176,0
DA:177,0
DA:179,0
DA:180,0
DA:183,0
DA:184,0
DA:186,0
DA:190,0
DA:191,0
DA:203,0
DA:204,0
DA:205,0
DA:206,0
DA:210,0
DA:214,0
DA:216,0
DA:217,0
DA:220,0
DA:227,0
DA:231,2
LF:92
LH:7
BRDA:5,0,0,2
BRDA:5,0,1,2
BRDA:22,1,0,0
BRDA:22,1,1,0
BRDA:46,2,0,0
BRDA:46,2,1,0
BRDA:52,3,0,0
BRDA:52,3,1,0
BRDA:57,4,0,0
BRDA:57,4,1,0
BRDA:62,5,0,0
BRDA:62,5,1,0
BRDA:66,6,0,0
BRDA:66,6,1,0
BRDA:81,7,0,0
BRDA:81,7,1,0
BRDA:85,8,0,0
BRDA:85,8,1,0
BRDA:85,8,2,0
BRDA:114,9,0,0
BRDA:114,9,1,0
BRDA:122,10,0,0
BRDA:122,10,1,0
BRDA:122,11,0,0
BRDA:122,11,1,0
BRDA:122,11,2,0
BRDA:143,12,0,0
BRDA:143,12,1,0
BRDA:143,12,2,0
BRDA:160,13,0,0
BRDA:160,13,1,0
BRDA:165,14,0,0
BRDA:165,14,1,0
BRDA:179,15,0,0
BRDA:179,15,1,0
BRDA:189,16,0,0
BRDA:190,17,0,0
BRDA:190,17,1,0
BRDA:205,18,0,0
BRDA:205,18,1,0
BRDA:213,19,0,0
BRF:41
BRH:2
end_of_record
TN:
SF:src\validators\auth.validator.js
FNF:0
FNH:0
DA:1,2
DA:3,2
DA:16,2
DA:28,2
DA:40,2
DA:45,2
DA:49,2
DA:53,2
DA:57,2
DA:67,2
DA:77,2
DA:81,2
LF:12
LH:12
BRF:0
BRH:0
end_of_record
TN:
SF:src\validators\maintenance.validator.js
FNF:0
FNH:0
DA:1,2
DA:3,2
DA:4,2
DA:5,2
DA:6,2
DA:8,2
DA:25,2
DA:47,2
DA:57,2
DA:62,2
DA:70,2
DA:84,2
DA:98,2
DA:114,2
LF:14
LH:14
BRF:0
BRH:0
end_of_record
TN:
SF:src\validators\notification.validator.js
FNF:0
FNH:0
DA:1,2
DA:3,2
DA:10,2
DA:14,2
DA:18,2
DA:22,2
LF:6
LH:6
BRF:0
BRH:0
end_of_record
