{"C:\\Users\\dell\\Desktop\\odoo-hackathon\\src\\app.js": {"path":"C:\\Users\\dell\\Desktop\\odoo-hackathon\\src\\app.js","statementMap":{"0":{"start":{"line":1,"column":16},"end":{"line":1,"column":34}},"1":{"start":{"line":2,"column":15},"end":{"line":2,"column":32}},"2":{"start":{"line":3,"column":13},"end":{"line":3,"column":28}},"3":{"start":{"line":4,"column":13},"end":{"line":4,"column":28}},"4":{"start":{"line":6,"column":15},"end":{"line":6,"column":34}},"5":{"start":{"line":7,"column":15},"end":{"line":7,"column":34}},"6":{"start":{"line":8,"column":59},"end":{"line":8,"column":82}},"7":{"start":{"line":9,"column":17},"end":{"line":9,"column":44}},"8":{"start":{"line":10,"column":23},"end":{"line":10,"column":45}},"9":{"start":{"line":12,"column":12},"end":{"line":12,"column":21}},"10":{"start":{"line":14,"column":0},"end":{"line":14,"column":18}},"11":{"start":{"line":15,"column":0},"end":{"line":15,"column":16}},"12":{"start":{"line":16,"column":0},"end":{"line":16,"column":41}},"13":{"start":{"line":17,"column":0},"end":{"line":17,"column":48}},"14":{"start":{"line":18,"column":0},"end":{"line":18,"column":26}},"15":{"start":{"line":20,"column":0},"end":{"line":20,"column":70}},"16":{"start":{"line":22,"column":0},"end":{"line":22,"column":16}},"17":{"start":{"line":24,"column":0},"end":{"line":26,"column":3}},"18":{"start":{"line":25,"column":2},"end":{"line":25,"column":64}},"19":{"start":{"line":28,"column":0},"end":{"line":28,"column":24}},"20":{"start":{"line":29,"column":0},"end":{"line":29,"column":22}},"21":{"start":{"line":31,"column":0},"end":{"line":31,"column":21}}},"fnMap":{"0":{"name":"(anonymous_0)","decl":{"start":{"line":24,"column":8},"end":{"line":24,"column":9}},"loc":{"start":{"line":24,"column":28},"end":{"line":26,"column":1}},"line":24}},"branchMap":{},"s":{"0":0,"1":0,"2":0,"3":0,"4":0,"5":0,"6":0,"7":0,"8":0,"9":0,"10":0,"11":0,"12":0,"13":0,"14":0,"15":0,"16":0,"17":0,"18":0,"19":0,"20":0,"21":0},"f":{"0":0},"b":{}}
,"C:\\Users\\dell\\Desktop\\odoo-hackathon\\src\\config\\index.js": {"path":"C:\\Users\\dell\\Desktop\\odoo-hackathon\\src\\config\\index.js","statementMap":{"0":{"start":{"line":1,"column":15},"end":{"line":1,"column":32}},"1":{"start":{"line":2,"column":13},"end":{"line":2,"column":28}},"2":{"start":{"line":4,"column":0},"end":{"line":4,"column":63}},"3":{"start":{"line":6,"column":15},"end":{"line":35,"column":1}},"4":{"start":{"line":37,"column":0},"end":{"line":37,"column":24}}},"fnMap":{},"branchMap":{"0":{"loc":{"start":{"line":7,"column":7},"end":{"line":7,"column":44}},"type":"binary-expr","locations":[{"start":{"line":7,"column":7},"end":{"line":7,"column":27}},{"start":{"line":7,"column":31},"end":{"line":7,"column":44}}],"line":7},"1":{"loc":{"start":{"line":8,"column":8},"end":{"line":8,"column":46}},"type":"binary-expr","locations":[{"start":{"line":8,"column":8},"end":{"line":8,"column":38}},{"start":{"line":8,"column":42},"end":{"line":8,"column":46}}],"line":8},"2":{"loc":{"start":{"line":9,"column":13},"end":{"line":9,"column":48}},"type":"binary-expr","locations":[{"start":{"line":9,"column":13},"end":{"line":9,"column":35}},{"start":{"line":9,"column":39},"end":{"line":9,"column":48}}],"line":9},"3":{"loc":{"start":{"line":16,"column":12},"end":{"line":16,"column":54}},"type":"binary-expr","locations":[{"start":{"line":16,"column":12},"end":{"line":16,"column":34}},{"start":{"line":16,"column":38},"end":{"line":16,"column":54}}],"line":16},"4":{"loc":{"start":{"line":17,"column":15},"end":{"line":17,"column":49}},"type":"binary-expr","locations":[{"start":{"line":17,"column":15},"end":{"line":17,"column":41}},{"start":{"line":17,"column":45},"end":{"line":17,"column":49}}],"line":17},"5":{"loc":{"start":{"line":18,"column":19},"end":{"line":18,"column":77}},"type":"binary-expr","locations":[{"start":{"line":18,"column":19},"end":{"line":18,"column":49}},{"start":{"line":18,"column":53},"end":{"line":18,"column":77}}],"line":18},"6":{"loc":{"start":{"line":19,"column":22},"end":{"line":19,"column":65}},"type":"binary-expr","locations":[{"start":{"line":19,"column":22},"end":{"line":19,"column":56}},{"start":{"line":19,"column":60},"end":{"line":19,"column":65}}],"line":19},"7":{"loc":{"start":{"line":23,"column":16},"end":{"line":23,"column":66}},"type":"binary-expr","locations":[{"start":{"line":23,"column":16},"end":{"line":23,"column":60}},{"start":{"line":23,"column":64},"end":{"line":23,"column":66}}],"line":23},"8":{"loc":{"start":{"line":27,"column":17},"end":{"line":27,"column":67}},"type":"binary-expr","locations":[{"start":{"line":27,"column":17},"end":{"line":27,"column":56}},{"start":{"line":27,"column":60},"end":{"line":27,"column":67}}],"line":27},"9":{"loc":{"start":{"line":28,"column":10},"end":{"line":28,"column":48}},"type":"binary-expr","locations":[{"start":{"line":28,"column":10},"end":{"line":28,"column":33}},{"start":{"line":28,"column":37},"end":{"line":28,"column":48}}],"line":28},"10":{"loc":{"start":{"line":32,"column":11},"end":{"line":32,"column":43}},"type":"binary-expr","locations":[{"start":{"line":32,"column":11},"end":{"line":32,"column":32}},{"start":{"line":32,"column":36},"end":{"line":32,"column":43}}],"line":32},"11":{"loc":{"start":{"line":33,"column":14},"end":{"line":33,"column":51}},"type":"binary-expr","locations":[{"start":{"line":33,"column":14},"end":{"line":33,"column":39}},{"start":{"line":33,"column":43},"end":{"line":33,"column":51}}],"line":33}},"s":{"0":2,"1":2,"2":2,"3":2,"4":2},"f":{},"b":{"0":[2,0],"1":[2,0],"2":[2,0],"3":[2,0],"4":[2,0],"5":[2,0],"6":[2,0],"7":[2,0],"8":[2,0],"9":[2,0],"10":[2,0],"11":[2,0]},"_coverageSchema":"1a1c01bbd47fc00a2c39e90264f33305004495a9","hash":"31b9a8e2814a0c5458769e64c36d8bb3bc7e6e24"}
,"C:\\Users\\dell\\Desktop\\odoo-hackathon\\src\\config\\logger.js": {"path":"C:\\Users\\dell\\Desktop\\odoo-hackathon\\src\\config\\logger.js","statementMap":{"0":{"start":{"line":1,"column":16},"end":{"line":1,"column":34}},"1":{"start":{"line":2,"column":13},"end":{"line":2,"column":28}},"2":{"start":{"line":3,"column":15},"end":{"line":3,"column":33}},"3":{"start":{"line":5,"column":15},"end":{"line":5,"column":48}},"4":{"start":{"line":7,"column":29},"end":{"line":12,"column":2}},"5":{"start":{"line":8,"column":2},"end":{"line":10,"column":3}},"6":{"start":{"line":9,"column":4},"end":{"line":9,"column":49}},"7":{"start":{"line":11,"column":2},"end":{"line":11,"column":14}},"8":{"start":{"line":14,"column":15},"end":{"line":47,"column":2}},"9":{"start":{"line":24,"column":24},"end":{"line":26,"column":14}},"10":{"start":{"line":27,"column":8},"end":{"line":27,"column":62}},"11":{"start":{"line":49,"column":0},"end":{"line":49,"column":24}}},"fnMap":{"0":{"name":"(anonymous_0)","decl":{"start":{"line":7,"column":44},"end":{"line":7,"column":45}},"loc":{"start":{"line":7,"column":54},"end":{"line":12,"column":1}},"line":7},"1":{"name":"(anonymous_1)","decl":{"start":{"line":23,"column":6},"end":{"line":23,"column":7}},"loc":{"start":{"line":23,"column":50},"end":{"line":28,"column":7}},"line":23}},"branchMap":{"0":{"loc":{"start":{"line":8,"column":2},"end":{"line":10,"column":3}},"type":"if","locations":[{"start":{"line":8,"column":2},"end":{"line":10,"column":3}},{"start":{},"end":{}}],"line":8},"1":{"loc":{"start":{"line":15,"column":9},"end":{"line":15,"column":66}},"type":"cond-expr","locations":[{"start":{"line":15,"column":40},"end":{"line":15,"column":47}},{"start":{"line":15,"column":50},"end":{"line":15,"column":66}}],"line":15},"2":{"loc":{"start":{"line":18,"column":4},"end":{"line":20,"column":35}},"type":"cond-expr","locations":[{"start":{"line":19,"column":8},"end":{"line":19,"column":33}},{"start":{"line":20,"column":8},"end":{"line":20,"column":35}}],"line":18},"3":{"loc":{"start":{"line":24,"column":24},"end":{"line":26,"column":14}},"type":"cond-expr","locations":[{"start":{"line":25,"column":12},"end":{"line":25,"column":41}},{"start":{"line":26,"column":12},"end":{"line":26,"column":14}}],"line":24}},"s":{"0":0,"1":0,"2":0,"3":0,"4":0,"5":0,"6":0,"7":0,"8":0,"9":0,"10":0,"11":0},"f":{"0":0,"1":0},"b":{"0":[0,0],"1":[0,0],"2":[0,0],"3":[0,0]}}
,"C:\\Users\\dell\\Desktop\\odoo-hackathon\\src\\constants\\index.js": {"path":"C:\\Users\\dell\\Desktop\\odoo-hackathon\\src\\constants\\index.js","statementMap":{"0":{"start":{"line":1,"column":19},"end":{"line":19,"column":1}},"1":{"start":{"line":21,"column":17},"end":{"line":27,"column":2}},"2":{"start":{"line":29,"column":20},"end":{"line":35,"column":2}},"3":{"start":{"line":37,"column":22},"end":{"line":44,"column":2}},"4":{"start":{"line":46,"column":26},"end":{"line":51,"column":2}},"5":{"start":{"line":53,"column":0},"end":{"line":59,"column":2}}},"fnMap":{},"branchMap":{},"s":{"0":11,"1":11,"2":11,"3":11,"4":11,"5":11},"f":{},"b":{},"_coverageSchema":"1a1c01bbd47fc00a2c39e90264f33305004495a9","hash":"01bed56c71750a295715d1cfb239ab7bc397f255"}
,"C:\\Users\\dell\\Desktop\\odoo-hackathon\\src\\controllers\\assignmentController.js": {"path":"C:\\Users\\dell\\Desktop\\odoo-hackathon\\src\\controllers\\assignmentController.js","statementMap":{"0":{"start":{"line":1,"column":42},"end":{"line":1,"column":61}},"1":{"start":{"line":5,"column":4},"end":{"line":5,"column":47}},"2":{"start":{"line":8,"column":16},"end":{"line":14,"column":4}},"3":{"start":{"line":9,"column":23},"end":{"line":9,"column":73}},"4":{"start":{"line":10,"column":4},"end":{"line":13,"column":7}},"5":{"start":{"line":16,"column":21},"end":{"line":23,"column":4}},"6":{"start":{"line":17,"column":26},"end":{"line":17,"column":34}},"7":{"start":{"line":18,"column":23},"end":{"line":18,"column":107}},"8":{"start":{"line":19,"column":4},"end":{"line":22,"column":7}},"9":{"start":{"line":25,"column":21},"end":{"line":32,"column":4}},"10":{"start":{"line":26,"column":22},"end":{"line":26,"column":30}},"11":{"start":{"line":27,"column":23},"end":{"line":27,"column":103}},"12":{"start":{"line":28,"column":4},"end":{"line":31,"column":7}},"13":{"start":{"line":34,"column":16},"end":{"line":40,"column":4}},"14":{"start":{"line":35,"column":23},"end":{"line":35,"column":88}},"15":{"start":{"line":36,"column":4},"end":{"line":39,"column":7}},"16":{"start":{"line":42,"column":18},"end":{"line":48,"column":4}},"17":{"start":{"line":43,"column":23},"end":{"line":43,"column":75}},"18":{"start":{"line":44,"column":4},"end":{"line":47,"column":7}},"19":{"start":{"line":50,"column":15},"end":{"line":68,"column":4}},"20":{"start":{"line":51,"column":17},"end":{"line":51,"column":50}},"21":{"start":{"line":52,"column":18},"end":{"line":52,"column":53}},"22":{"start":{"line":53,"column":50},"end":{"line":53,"column":59}},"23":{"start":{"line":55,"column":19},"end":{"line":61,"column":6}},"24":{"start":{"line":63,"column":4},"end":{"line":67,"column":7}},"25":{"start":{"line":71,"column":0},"end":{"line":71,"column":38}}},"fnMap":{"0":{"name":"(anonymous_0)","decl":{"start":{"line":4,"column":2},"end":{"line":4,"column":3}},"loc":{"start":{"line":4,"column":33},"end":{"line":6,"column":3}},"line":4},"1":{"name":"(anonymous_1)","decl":{"start":{"line":8,"column":29},"end":{"line":8,"column":30}},"loc":{"start":{"line":8,"column":49},"end":{"line":14,"column":3}},"line":8},"2":{"name":"(anonymous_2)","decl":{"start":{"line":16,"column":34},"end":{"line":16,"column":35}},"loc":{"start":{"line":16,"column":54},"end":{"line":23,"column":3}},"line":16},"3":{"name":"(anonymous_3)","decl":{"start":{"line":25,"column":34},"end":{"line":25,"column":35}},"loc":{"start":{"line":25,"column":54},"end":{"line":32,"column":3}},"line":25},"4":{"name":"(anonymous_4)","decl":{"start":{"line":34,"column":29},"end":{"line":34,"column":30}},"loc":{"start":{"line":34,"column":49},"end":{"line":40,"column":3}},"line":34},"5":{"name":"(anonymous_5)","decl":{"start":{"line":42,"column":31},"end":{"line":42,"column":32}},"loc":{"start":{"line":42,"column":51},"end":{"line":48,"column":3}},"line":42},"6":{"name":"(anonymous_6)","decl":{"start":{"line":50,"column":28},"end":{"line":50,"column":29}},"loc":{"start":{"line":50,"column":48},"end":{"line":68,"column":3}},"line":50}},"branchMap":{"0":{"loc":{"start":{"line":51,"column":17},"end":{"line":51,"column":50}},"type":"binary-expr","locations":[{"start":{"line":51,"column":17},"end":{"line":51,"column":45}},{"start":{"line":51,"column":49},"end":{"line":51,"column":50}}],"line":51},"1":{"loc":{"start":{"line":52,"column":18},"end":{"line":52,"column":53}},"type":"binary-expr","locations":[{"start":{"line":52,"column":18},"end":{"line":52,"column":47}},{"start":{"line":52,"column":51},"end":{"line":52,"column":53}}],"line":52}},"s":{"0":0,"1":0,"2":0,"3":0,"4":0,"5":0,"6":0,"7":0,"8":0,"9":0,"10":0,"11":0,"12":0,"13":0,"14":0,"15":0,"16":0,"17":0,"18":0,"19":0,"20":0,"21":0,"22":0,"23":0,"24":0,"25":0},"f":{"0":0,"1":0,"2":0,"3":0,"4":0,"5":0,"6":0},"b":{"0":[0,0],"1":[0,0]}}
,"C:\\Users\\dell\\Desktop\\odoo-hackathon\\src\\controllers\\authController.js": {"path":"C:\\Users\\dell\\Desktop\\odoo-hackathon\\src\\controllers\\authController.js","statementMap":{"0":{"start":{"line":1,"column":28},"end":{"line":1,"column":47}},"1":{"start":{"line":2,"column":23},"end":{"line":2,"column":46}},"2":{"start":{"line":6,"column":4},"end":{"line":6,"column":35}},"3":{"start":{"line":9,"column":10},"end":{"line":13,"column":3}},"4":{"start":{"line":10,"column":32},"end":{"line":10,"column":40}},"5":{"start":{"line":11,"column":17},"end":{"line":11,"column":62}},"6":{"start":{"line":12,"column":4},"end":{"line":12,"column":87}},"7":{"start":{"line":15,"column":11},"end":{"line":19,"column":3}},"8":{"start":{"line":16,"column":38},"end":{"line":16,"column":46}},"9":{"start":{"line":17,"column":17},"end":{"line":17,"column":69}},"10":{"start":{"line":18,"column":4},"end":{"line":18,"column":104}},"11":{"start":{"line":21,"column":7},"end":{"line":24,"column":3}},"12":{"start":{"line":22,"column":17},"end":{"line":22,"column":63}},"13":{"start":{"line":23,"column":4},"end":{"line":23,"column":58}},"14":{"start":{"line":26,"column":19},"end":{"line":30,"column":3}},"15":{"start":{"line":27,"column":22},"end":{"line":27,"column":30}},"16":{"start":{"line":28,"column":17},"end":{"line":28,"column":61}},"17":{"start":{"line":29,"column":4},"end":{"line":29,"column":75}},"18":{"start":{"line":33,"column":0},"end":{"line":33,"column":32}}},"fnMap":{"0":{"name":"(anonymous_0)","decl":{"start":{"line":5,"column":2},"end":{"line":5,"column":3}},"loc":{"start":{"line":5,"column":27},"end":{"line":7,"column":3}},"line":5},"1":{"name":"(anonymous_1)","decl":{"start":{"line":9,"column":10},"end":{"line":9,"column":11}},"loc":{"start":{"line":9,"column":30},"end":{"line":13,"column":3}},"line":9},"2":{"name":"(anonymous_2)","decl":{"start":{"line":15,"column":11},"end":{"line":15,"column":12}},"loc":{"start":{"line":15,"column":31},"end":{"line":19,"column":3}},"line":15},"3":{"name":"(anonymous_3)","decl":{"start":{"line":21,"column":7},"end":{"line":21,"column":8}},"loc":{"start":{"line":21,"column":27},"end":{"line":24,"column":3}},"line":21},"4":{"name":"(anonymous_4)","decl":{"start":{"line":26,"column":19},"end":{"line":26,"column":20}},"loc":{"start":{"line":26,"column":39},"end":{"line":30,"column":3}},"line":26}},"branchMap":{},"s":{"0":0,"1":0,"2":0,"3":0,"4":0,"5":0,"6":0,"7":0,"8":0,"9":0,"10":0,"11":0,"12":0,"13":0,"14":0,"15":0,"16":0,"17":0,"18":0},"f":{"0":0,"1":0,"2":0,"3":0,"4":0},"b":{}}
,"C:\\Users\\dell\\Desktop\\odoo-hackathon\\src\\controllers\\dashboardController.js": {"path":"C:\\Users\\dell\\Desktop\\odoo-hackathon\\src\\controllers\\dashboardController.js","statementMap":{"0":{"start":{"line":1,"column":42},"end":{"line":1,"column":61}},"1":{"start":{"line":5,"column":4},"end":{"line":5,"column":45}},"2":{"start":{"line":8,"column":15},"end":{"line":14,"column":4}},"3":{"start":{"line":9,"column":20},"end":{"line":9,"column":60}},"4":{"start":{"line":10,"column":4},"end":{"line":13,"column":7}},"5":{"start":{"line":17,"column":0},"end":{"line":17,"column":37}}},"fnMap":{"0":{"name":"(anonymous_0)","decl":{"start":{"line":4,"column":2},"end":{"line":4,"column":3}},"loc":{"start":{"line":4,"column":32},"end":{"line":6,"column":3}},"line":4},"1":{"name":"(anonymous_1)","decl":{"start":{"line":8,"column":28},"end":{"line":8,"column":29}},"loc":{"start":{"line":8,"column":48},"end":{"line":14,"column":3}},"line":8}},"branchMap":{},"s":{"0":0,"1":0,"2":0,"3":0,"4":0,"5":0},"f":{"0":0,"1":0},"b":{}}
,"C:\\Users\\dell\\Desktop\\odoo-hackathon\\src\\controllers\\index.js": {"path":"C:\\Users\\dell\\Desktop\\odoo-hackathon\\src\\controllers\\index.js","statementMap":{"0":{"start":{"line":7,"column":4},"end":{"line":7,"column":26}},"1":{"start":{"line":9,"column":31},"end":{"line":9,"column":66}},"2":{"start":{"line":10,"column":29},"end":{"line":10,"column":62}},"3":{"start":{"line":11,"column":31},"end":{"line":11,"column":66}},"4":{"start":{"line":12,"column":28},"end":{"line":12,"column":60}},"5":{"start":{"line":13,"column":23},"end":{"line":13,"column":50}},"6":{"start":{"line":15,"column":31},"end":{"line":15,"column":78}},"7":{"start":{"line":16,"column":29},"end":{"line":16,"column":72}},"8":{"start":{"line":17,"column":31},"end":{"line":17,"column":78}},"9":{"start":{"line":18,"column":28},"end":{"line":18,"column":69}},"10":{"start":{"line":19,"column":23},"end":{"line":19,"column":54}},"11":{"start":{"line":21,"column":0},"end":{"line":32,"column":2}}},"fnMap":{},"branchMap":{},"s":{"0":0,"1":0,"2":0,"3":0,"4":0,"5":0,"6":0,"7":0,"8":0,"9":0,"10":0,"11":0},"f":{},"b":{}}
,"C:\\Users\\dell\\Desktop\\odoo-hackathon\\src\\controllers\\notificationController.js": {"path":"C:\\Users\\dell\\Desktop\\odoo-hackathon\\src\\controllers\\notificationController.js","statementMap":{"0":{"start":{"line":1,"column":42},"end":{"line":1,"column":61}},"1":{"start":{"line":5,"column":4},"end":{"line":5,"column":51}},"2":{"start":{"line":8,"column":23},"end":{"line":25,"column":4}},"3":{"start":{"line":9,"column":17},"end":{"line":9,"column":50}},"4":{"start":{"line":10,"column":18},"end":{"line":10,"column":53}},"5":{"start":{"line":11,"column":19},"end":{"line":11,"column":104}},"6":{"start":{"line":13,"column":19},"end":{"line":18,"column":6}},"7":{"start":{"line":20,"column":4},"end":{"line":24,"column":7}},"8":{"start":{"line":27,"column":15},"end":{"line":33,"column":4}},"9":{"start":{"line":28,"column":18},"end":{"line":28,"column":87}},"10":{"start":{"line":29,"column":4},"end":{"line":32,"column":7}},"11":{"start":{"line":35,"column":18},"end":{"line":40,"column":4}},"12":{"start":{"line":36,"column":4},"end":{"line":36,"column":62}},"13":{"start":{"line":37,"column":4},"end":{"line":39,"column":7}},"14":{"start":{"line":43,"column":0},"end":{"line":43,"column":40}}},"fnMap":{"0":{"name":"(anonymous_0)","decl":{"start":{"line":4,"column":2},"end":{"line":4,"column":3}},"loc":{"start":{"line":4,"column":35},"end":{"line":6,"column":3}},"line":4},"1":{"name":"(anonymous_1)","decl":{"start":{"line":8,"column":36},"end":{"line":8,"column":37}},"loc":{"start":{"line":8,"column":56},"end":{"line":25,"column":3}},"line":8},"2":{"name":"(anonymous_2)","decl":{"start":{"line":27,"column":28},"end":{"line":27,"column":29}},"loc":{"start":{"line":27,"column":48},"end":{"line":33,"column":3}},"line":27},"3":{"name":"(anonymous_3)","decl":{"start":{"line":35,"column":31},"end":{"line":35,"column":32}},"loc":{"start":{"line":35,"column":51},"end":{"line":40,"column":3}},"line":35}},"branchMap":{"0":{"loc":{"start":{"line":9,"column":17},"end":{"line":9,"column":50}},"type":"binary-expr","locations":[{"start":{"line":9,"column":17},"end":{"line":9,"column":45}},{"start":{"line":9,"column":49},"end":{"line":9,"column":50}}],"line":9},"1":{"loc":{"start":{"line":10,"column":18},"end":{"line":10,"column":53}},"type":"binary-expr","locations":[{"start":{"line":10,"column":18},"end":{"line":10,"column":47}},{"start":{"line":10,"column":51},"end":{"line":10,"column":53}}],"line":10},"2":{"loc":{"start":{"line":11,"column":19},"end":{"line":11,"column":104}},"type":"cond-expr","locations":[{"start":{"line":11,"column":49},"end":{"line":11,"column":53}},{"start":{"line":11,"column":56},"end":{"line":11,"column":104}}],"line":11},"3":{"loc":{"start":{"line":11,"column":56},"end":{"line":11,"column":104}},"type":"cond-expr","locations":[{"start":{"line":11,"column":87},"end":{"line":11,"column":92}},{"start":{"line":11,"column":95},"end":{"line":11,"column":104}}],"line":11}},"s":{"0":0,"1":0,"2":0,"3":0,"4":0,"5":0,"6":0,"7":0,"8":0,"9":0,"10":0,"11":0,"12":0,"13":0,"14":0},"f":{"0":0,"1":0,"2":0,"3":0},"b":{"0":[0,0],"1":[0,0],"2":[0,0],"3":[0,0]}}
,"C:\\Users\\dell\\Desktop\\odoo-hackathon\\src\\controllers\\organizationController.js": {"path":"C:\\Users\\dell\\Desktop\\odoo-hackathon\\src\\controllers\\organizationController.js","statementMap":{"0":{"start":{"line":1,"column":42},"end":{"line":1,"column":61}},"1":{"start":{"line":2,"column":17},"end":{"line":2,"column":45}},"2":{"start":{"line":6,"column":4},"end":{"line":6,"column":51}},"3":{"start":{"line":9,"column":23},"end":{"line":15,"column":4}},"4":{"start":{"line":10,"column":16},"end":{"line":10,"column":75}},"5":{"start":{"line":11,"column":4},"end":{"line":14,"column":7}},"6":{"start":{"line":17,"column":20},"end":{"line":23,"column":4}},"7":{"start":{"line":18,"column":16},"end":{"line":18,"column":81}},"8":{"start":{"line":19,"column":4},"end":{"line":22,"column":7}},"9":{"start":{"line":25,"column":23},"end":{"line":31,"column":4}},"10":{"start":{"line":26,"column":16},"end":{"line":26,"column":90}},"11":{"start":{"line":27,"column":4},"end":{"line":30,"column":7}},"12":{"start":{"line":33,"column":23},"end":{"line":37,"column":4}},"13":{"start":{"line":34,"column":17},"end":{"line":34,"column":42}},"14":{"start":{"line":35,"column":4},"end":{"line":35,"column":75}},"15":{"start":{"line":36,"column":4},"end":{"line":36,"column":42}},"16":{"start":{"line":39,"column":22},"end":{"line":56,"column":4}},"17":{"start":{"line":40,"column":17},"end":{"line":40,"column":50}},"18":{"start":{"line":41,"column":18},"end":{"line":41,"column":53}},"19":{"start":{"line":42,"column":17},"end":{"line":42,"column":46}},"20":{"start":{"line":43,"column":18},"end":{"line":43,"column":43}},"21":{"start":{"line":45,"column":19},"end":{"line":49,"column":6}},"22":{"start":{"line":51,"column":4},"end":{"line":55,"column":7}},"23":{"start":{"line":58,"column":15},"end":{"line":70,"column":4}},"24":{"start":{"line":59,"column":4},"end":{"line":61,"column":5}},"25":{"start":{"line":60,"column":6},"end":{"line":60,"column":57}},"26":{"start":{"line":63,"column":20},"end":{"line":63,"column":51}},"27":{"start":{"line":64,"column":16},"end":{"line":64,"column":81}},"28":{"start":{"line":66,"column":4},"end":{"line":69,"column":7}},"29":{"start":{"line":73,"column":0},"end":{"line":73,"column":40}}},"fnMap":{"0":{"name":"(anonymous_0)","decl":{"start":{"line":5,"column":2},"end":{"line":5,"column":3}},"loc":{"start":{"line":5,"column":35},"end":{"line":7,"column":3}},"line":5},"1":{"name":"(anonymous_1)","decl":{"start":{"line":9,"column":36},"end":{"line":9,"column":37}},"loc":{"start":{"line":9,"column":56},"end":{"line":15,"column":3}},"line":9},"2":{"name":"(anonymous_2)","decl":{"start":{"line":17,"column":33},"end":{"line":17,"column":34}},"loc":{"start":{"line":17,"column":53},"end":{"line":23,"column":3}},"line":17},"3":{"name":"(anonymous_3)","decl":{"start":{"line":25,"column":36},"end":{"line":25,"column":37}},"loc":{"start":{"line":25,"column":56},"end":{"line":31,"column":3}},"line":25},"4":{"name":"(anonymous_4)","decl":{"start":{"line":33,"column":36},"end":{"line":33,"column":37}},"loc":{"start":{"line":33,"column":56},"end":{"line":37,"column":3}},"line":33},"5":{"name":"(anonymous_5)","decl":{"start":{"line":39,"column":35},"end":{"line":39,"column":36}},"loc":{"start":{"line":39,"column":55},"end":{"line":56,"column":3}},"line":39},"6":{"name":"(anonymous_6)","decl":{"start":{"line":58,"column":28},"end":{"line":58,"column":29}},"loc":{"start":{"line":58,"column":48},"end":{"line":70,"column":3}},"line":58}},"branchMap":{"0":{"loc":{"start":{"line":40,"column":17},"end":{"line":40,"column":50}},"type":"binary-expr","locations":[{"start":{"line":40,"column":17},"end":{"line":40,"column":45}},{"start":{"line":40,"column":49},"end":{"line":40,"column":50}}],"line":40},"1":{"loc":{"start":{"line":41,"column":18},"end":{"line":41,"column":53}},"type":"binary-expr","locations":[{"start":{"line":41,"column":18},"end":{"line":41,"column":47}},{"start":{"line":41,"column":51},"end":{"line":41,"column":53}}],"line":41},"2":{"loc":{"start":{"line":42,"column":17},"end":{"line":42,"column":46}},"type":"binary-expr","locations":[{"start":{"line":42,"column":17},"end":{"line":42,"column":31}},{"start":{"line":42,"column":35},"end":{"line":42,"column":46}}],"line":42},"3":{"loc":{"start":{"line":43,"column":18},"end":{"line":43,"column":43}},"type":"binary-expr","locations":[{"start":{"line":43,"column":18},"end":{"line":43,"column":33}},{"start":{"line":43,"column":37},"end":{"line":43,"column":43}}],"line":43},"4":{"loc":{"start":{"line":59,"column":4},"end":{"line":61,"column":5}},"type":"if","locations":[{"start":{"line":59,"column":4},"end":{"line":61,"column":5}},{"start":{},"end":{}}],"line":59}},"s":{"0":0,"1":0,"2":0,"3":0,"4":0,"5":0,"6":0,"7":0,"8":0,"9":0,"10":0,"11":0,"12":0,"13":0,"14":0,"15":0,"16":0,"17":0,"18":0,"19":0,"20":0,"21":0,"22":0,"23":0,"24":0,"25":0,"26":0,"27":0,"28":0,"29":0},"f":{"0":0,"1":0,"2":0,"3":0,"4":0,"5":0,"6":0},"b":{"0":[0,0],"1":[0,0],"2":[0,0],"3":[0,0],"4":[0,0]}}
,"C:\\Users\\dell\\Desktop\\odoo-hackathon\\src\\middleware\\auth.js": {"path":"C:\\Users\\dell\\Desktop\\odoo-hackathon\\src\\middleware\\auth.js","statementMap":{"0":{"start":{"line":1,"column":12},"end":{"line":1,"column":35}},"1":{"start":{"line":2,"column":15},"end":{"line":2,"column":35}},"2":{"start":{"line":3,"column":35},"end":{"line":3,"column":54}},"3":{"start":{"line":5,"column":21},"end":{"line":24,"column":2}},"4":{"start":{"line":6,"column":21},"end":{"line":6,"column":46}},"5":{"start":{"line":8,"column":2},"end":{"line":10,"column":3}},"6":{"start":{"line":9,"column":4},"end":{"line":9,"column":60}},"7":{"start":{"line":12,"column":16},"end":{"line":12,"column":40}},"8":{"start":{"line":14,"column":2},"end":{"line":23,"column":3}},"9":{"start":{"line":15,"column":20},"end":{"line":15,"column":56}},"10":{"start":{"line":16,"column":4},"end":{"line":16,"column":23}},"11":{"start":{"line":17,"column":4},"end":{"line":17,"column":11}},"12":{"start":{"line":19,"column":4},"end":{"line":21,"column":5}},"13":{"start":{"line":20,"column":6},"end":{"line":20,"column":62}},"14":{"start":{"line":22,"column":4},"end":{"line":22,"column":56}},"15":{"start":{"line":26,"column":18},"end":{"line":36,"column":1}},"16":{"start":{"line":27,"column":2},"end":{"line":35,"column":4}},"17":{"start":{"line":28,"column":4},"end":{"line":30,"column":5}},"18":{"start":{"line":29,"column":6},"end":{"line":29,"column":61}},"19":{"start":{"line":31,"column":4},"end":{"line":33,"column":5}},"20":{"start":{"line":32,"column":6},"end":{"line":32,"column":84}},"21":{"start":{"line":34,"column":4},"end":{"line":34,"column":11}},"22":{"start":{"line":38,"column":0},"end":{"line":38,"column":45}}},"fnMap":{"0":{"name":"(anonymous_0)","decl":{"start":{"line":5,"column":34},"end":{"line":5,"column":35}},"loc":{"start":{"line":5,"column":60},"end":{"line":24,"column":1}},"line":5},"1":{"name":"(anonymous_1)","decl":{"start":{"line":26,"column":18},"end":{"line":26,"column":19}},"loc":{"start":{"line":26,"column":32},"end":{"line":36,"column":1}},"line":26},"2":{"name":"(anonymous_2)","decl":{"start":{"line":27,"column":9},"end":{"line":27,"column":10}},"loc":{"start":{"line":27,"column":29},"end":{"line":35,"column":3}},"line":27}},"branchMap":{"0":{"loc":{"start":{"line":8,"column":2},"end":{"line":10,"column":3}},"type":"if","locations":[{"start":{"line":8,"column":2},"end":{"line":10,"column":3}},{"start":{},"end":{}}],"line":8},"1":{"loc":{"start":{"line":8,"column":6},"end":{"line":8,"column":54}},"type":"binary-expr","locations":[{"start":{"line":8,"column":6},"end":{"line":8,"column":17}},{"start":{"line":8,"column":21},"end":{"line":8,"column":54}}],"line":8},"2":{"loc":{"start":{"line":19,"column":4},"end":{"line":21,"column":5}},"type":"if","locations":[{"start":{"line":19,"column":4},"end":{"line":21,"column":5}},{"start":{},"end":{}}],"line":19},"3":{"loc":{"start":{"line":28,"column":4},"end":{"line":30,"column":5}},"type":"if","locations":[{"start":{"line":28,"column":4},"end":{"line":30,"column":5}},{"start":{},"end":{}}],"line":28},"4":{"loc":{"start":{"line":31,"column":4},"end":{"line":33,"column":5}},"type":"if","locations":[{"start":{"line":31,"column":4},"end":{"line":33,"column":5}},{"start":{},"end":{}}],"line":31}},"s":{"0":1,"1":1,"2":1,"3":1,"4":2,"5":2,"6":0,"7":2,"8":2,"9":2,"10":2,"11":2,"12":0,"13":0,"14":0,"15":1,"16":8,"17":8,"18":0,"19":8,"20":0,"21":8,"22":1},"f":{"0":2,"1":8,"2":8},"b":{"0":[0,2],"1":[2,2],"2":[0,0],"3":[0,8],"4":[0,8]},"_coverageSchema":"1a1c01bbd47fc00a2c39e90264f33305004495a9","hash":"79721d03ec3db72d54a1b23c387fbf5eb00263f4"}
,"C:\\Users\\dell\\Desktop\\odoo-hackathon\\src\\middleware\\errorHandler.js": {"path":"C:\\Users\\dell\\Desktop\\odoo-hackathon\\src\\middleware\\errorHandler.js","statementMap":{"0":{"start":{"line":1,"column":15},"end":{"line":1,"column":35}},"1":{"start":{"line":2,"column":15},"end":{"line":2,"column":42}},"2":{"start":{"line":3,"column":17},"end":{"line":3,"column":45}},"3":{"start":{"line":4,"column":23},"end":{"line":4,"column":46}},"4":{"start":{"line":6,"column":23},"end":{"line":22,"column":1}},"5":{"start":{"line":7,"column":14},"end":{"line":7,"column":17}},"6":{"start":{"line":9,"column":2},"end":{"line":19,"column":3}},"7":{"start":{"line":11,"column":6},"end":{"line":13,"column":43}},"8":{"start":{"line":15,"column":20},"end":{"line":15,"column":60}},"9":{"start":{"line":16,"column":20},"end":{"line":16,"column":67}},"10":{"start":{"line":18,"column":4},"end":{"line":18,"column":55}},"11":{"start":{"line":21,"column":2},"end":{"line":21,"column":14}},"12":{"start":{"line":24,"column":21},"end":{"line":44,"column":1}},"13":{"start":{"line":25,"column":43},"end":{"line":25,"column":46}},"14":{"start":{"line":27,"column":2},"end":{"line":34,"column":5}},"15":{"start":{"line":36,"column":19},"end":{"line":41,"column":3}},"16":{"start":{"line":43,"column":2},"end":{"line":43,"column":40}},"17":{"start":{"line":46,"column":0},"end":{"line":46,"column":50}}},"fnMap":{"0":{"name":"(anonymous_0)","decl":{"start":{"line":6,"column":23},"end":{"line":6,"column":24}},"loc":{"start":{"line":6,"column":48},"end":{"line":22,"column":1}},"line":6},"1":{"name":"(anonymous_1)","decl":{"start":{"line":24,"column":21},"end":{"line":24,"column":22}},"loc":{"start":{"line":24,"column":46},"end":{"line":44,"column":1}},"line":24}},"branchMap":{"0":{"loc":{"start":{"line":9,"column":2},"end":{"line":19,"column":3}},"type":"if","locations":[{"start":{"line":9,"column":2},"end":{"line":19,"column":3}},{"start":{},"end":{}}],"line":9},"1":{"loc":{"start":{"line":11,"column":6},"end":{"line":13,"column":43}},"type":"binary-expr","locations":[{"start":{"line":11,"column":6},"end":{"line":11,"column":22}},{"start":{"line":11,"column":27},"end":{"line":13,"column":42}}],"line":11},"2":{"loc":{"start":{"line":11,"column":27},"end":{"line":13,"column":42}},"type":"cond-expr","locations":[{"start":{"line":12,"column":10},"end":{"line":12,"column":41}},{"start":{"line":13,"column":10},"end":{"line":13,"column":42}}],"line":11},"3":{"loc":{"start":{"line":15,"column":20},"end":{"line":15,"column":60}},"type":"binary-expr","locations":[{"start":{"line":15,"column":20},"end":{"line":15,"column":33}},{"start":{"line":15,"column":37},"end":{"line":15,"column":60}}],"line":15},"4":{"loc":{"start":{"line":16,"column":20},"end":{"line":16,"column":67}},"type":"cond-expr","locations":[{"start":{"line":16,"column":48},"end":{"line":16,"column":60}},{"start":{"line":16,"column":63},"end":{"line":16,"column":67}}],"line":16},"5":{"loc":{"start":{"line":33,"column":11},"end":{"line":33,"column":63}},"type":"cond-expr","locations":[{"start":{"line":33,"column":42},"end":{"line":33,"column":51}},{"start":{"line":33,"column":54},"end":{"line":33,"column":63}}],"line":33},"6":{"loc":{"start":{"line":39,"column":8},"end":{"line":39,"column":30}},"type":"binary-expr","locations":[{"start":{"line":39,"column":8},"end":{"line":39,"column":15}},{"start":{"line":39,"column":19},"end":{"line":39,"column":30}}],"line":39},"7":{"loc":{"start":{"line":40,"column":8},"end":{"line":40,"column":60}},"type":"binary-expr","locations":[{"start":{"line":40,"column":8},"end":{"line":40,"column":36}},{"start":{"line":40,"column":40},"end":{"line":40,"column":60}}],"line":40}},"s":{"0":0,"1":0,"2":0,"3":0,"4":0,"5":0,"6":0,"7":0,"8":0,"9":0,"10":0,"11":0,"12":0,"13":0,"14":0,"15":0,"16":0,"17":0},"f":{"0":0,"1":0},"b":{"0":[0,0],"1":[0,0],"2":[0,0],"3":[0,0],"4":[0,0],"5":[0,0],"6":[0,0],"7":[0,0]}}
,"C:\\Users\\dell\\Desktop\\odoo-hackathon\\src\\middleware\\index.js": {"path":"C:\\Users\\dell\\Desktop\\odoo-hackathon\\src\\middleware\\index.js","statementMap":{"0":{"start":{"line":1,"column":41},"end":{"line":1,"column":66}},"1":{"start":{"line":2,"column":36},"end":{"line":2,"column":53}},"2":{"start":{"line":3,"column":17},"end":{"line":3,"column":38}},"3":{"start":{"line":4,"column":15},"end":{"line":4,"column":34}},"4":{"start":{"line":5,"column":25},"end":{"line":5,"column":44}},"5":{"start":{"line":7,"column":0},"end":{"line":15,"column":2}}},"fnMap":{},"branchMap":{},"s":{"0":0,"1":0,"2":0,"3":0,"4":0,"5":0},"f":{},"b":{}}
,"C:\\Users\\dell\\Desktop\\odoo-hackathon\\src\\middleware\\upload.js": {"path":"C:\\Users\\dell\\Desktop\\odoo-hackathon\\src\\middleware\\upload.js","statementMap":{"0":{"start":{"line":1,"column":15},"end":{"line":1,"column":32}},"1":{"start":{"line":2,"column":13},"end":{"line":2,"column":28}},"2":{"start":{"line":3,"column":15},"end":{"line":3,"column":35}},"3":{"start":{"line":4,"column":17},"end":{"line":4,"column":45}},"4":{"start":{"line":6,"column":16},"end":{"line":15,"column":2}},"5":{"start":{"line":8,"column":4},"end":{"line":8,"column":33}},"6":{"start":{"line":11,"column":25},"end":{"line":11,"column":75}},"7":{"start":{"line":12,"column":16},"end":{"line":12,"column":47}},"8":{"start":{"line":13,"column":4},"end":{"line":13,"column":56}},"9":{"start":{"line":17,"column":19},"end":{"line":36,"column":1}},"10":{"start":{"line":18,"column":23},"end":{"line":29,"column":3}},"11":{"start":{"line":31,"column":2},"end":{"line":35,"column":3}},"12":{"start":{"line":32,"column":4},"end":{"line":32,"column":19}},"13":{"start":{"line":34,"column":4},"end":{"line":34,"column":78}},"14":{"start":{"line":38,"column":15},"end":{"line":42,"column":2}},"15":{"start":{"line":44,"column":0},"end":{"line":44,"column":24}}},"fnMap":{"0":{"name":"(anonymous_0)","decl":{"start":{"line":7,"column":15},"end":{"line":7,"column":16}},"loc":{"start":{"line":7,"column":34},"end":{"line":9,"column":3}},"line":7},"1":{"name":"(anonymous_1)","decl":{"start":{"line":10,"column":12},"end":{"line":10,"column":13}},"loc":{"start":{"line":10,"column":31},"end":{"line":14,"column":3}},"line":10},"2":{"name":"(anonymous_2)","decl":{"start":{"line":17,"column":19},"end":{"line":17,"column":20}},"loc":{"start":{"line":17,"column":38},"end":{"line":36,"column":1}},"line":17}},"branchMap":{"0":{"loc":{"start":{"line":31,"column":2},"end":{"line":35,"column":3}},"type":"if","locations":[{"start":{"line":31,"column":2},"end":{"line":35,"column":3}},{"start":{"line":33,"column":9},"end":{"line":35,"column":3}}],"line":31}},"s":{"0":0,"1":0,"2":0,"3":0,"4":0,"5":0,"6":0,"7":0,"8":0,"9":0,"10":0,"11":0,"12":0,"13":0,"14":0,"15":0},"f":{"0":0,"1":0,"2":0},"b":{"0":[0,0]}}
,"C:\\Users\\dell\\Desktop\\odoo-hackathon\\src\\middleware\\validate.js": {"path":"C:\\Users\\dell\\Desktop\\odoo-hackathon\\src\\middleware\\validate.js","statementMap":{"0":{"start":{"line":1,"column":35},"end":{"line":1,"column":54}},"1":{"start":{"line":2,"column":23},"end":{"line":2,"column":46}},"2":{"start":{"line":4,"column":17},"end":{"line":31,"column":1}},"3":{"start":{"line":5,"column":2},"end":{"line":30,"column":5}},"4":{"start":{"line":6,"column":27},"end":{"line":6,"column":38}},"5":{"start":{"line":8,"column":4},"end":{"line":10,"column":5}},"6":{"start":{"line":9,"column":6},"end":{"line":9,"column":83}},"7":{"start":{"line":12,"column":19},"end":{"line":12,"column":51}},"8":{"start":{"line":14,"column":4},"end":{"line":26,"column":5}},"9":{"start":{"line":15,"column":30},"end":{"line":19,"column":9}},"10":{"start":{"line":15,"column":64},"end":{"line":19,"column":7}},"11":{"start":{"line":21,"column":6},"end":{"line":25,"column":8}},"12":{"start":{"line":28,"column":4},"end":{"line":28,"column":30}},"13":{"start":{"line":29,"column":4},"end":{"line":29,"column":11}},"14":{"start":{"line":33,"column":0},"end":{"line":33,"column":26}}},"fnMap":{"0":{"name":"(anonymous_0)","decl":{"start":{"line":4,"column":17},"end":{"line":4,"column":18}},"loc":{"start":{"line":4,"column":46},"end":{"line":31,"column":1}},"line":4},"1":{"name":"(anonymous_1)","decl":{"start":{"line":5,"column":22},"end":{"line":5,"column":23}},"loc":{"start":{"line":5,"column":42},"end":{"line":30,"column":3}},"line":5},"2":{"name":"(anonymous_2)","decl":{"start":{"line":15,"column":54},"end":{"line":15,"column":55}},"loc":{"start":{"line":15,"column":64},"end":{"line":19,"column":7}},"line":15}},"branchMap":{"0":{"loc":{"start":{"line":4,"column":26},"end":{"line":4,"column":41}},"type":"default-arg","locations":[{"start":{"line":4,"column":35},"end":{"line":4,"column":41}}],"line":4},"1":{"loc":{"start":{"line":8,"column":4},"end":{"line":10,"column":5}},"type":"if","locations":[{"start":{"line":8,"column":4},"end":{"line":10,"column":5}},{"start":{},"end":{}}],"line":8},"2":{"loc":{"start":{"line":14,"column":4},"end":{"line":26,"column":5}},"type":"if","locations":[{"start":{"line":14,"column":4},"end":{"line":26,"column":5}},{"start":{},"end":{}}],"line":14}},"s":{"0":0,"1":0,"2":0,"3":0,"4":0,"5":0,"6":0,"7":0,"8":0,"9":0,"10":0,"11":0,"12":0,"13":0,"14":0},"f":{"0":0,"1":0,"2":0},"b":{"0":[0],"1":[0,0],"2":[0,0]}}
,"C:\\Users\\dell\\Desktop\\odoo-hackathon\\src\\repositories\\assignmentRepository.js": {"path":"C:\\Users\\dell\\Desktop\\odoo-hackathon\\src\\repositories\\assignmentRepository.js","statementMap":{"0":{"start":{"line":1,"column":15},"end":{"line":1,"column":44}},"1":{"start":{"line":2,"column":23},"end":{"line":2,"column":50}},"2":{"start":{"line":6,"column":4},"end":{"line":6,"column":29}},"3":{"start":{"line":7,"column":4},"end":{"line":7,"column":23}},"4":{"start":{"line":8,"column":4},"end":{"line":8,"column":42}},"5":{"start":{"line":12,"column":4},"end":{"line":24,"column":7}},"6":{"start":{"line":28,"column":72},"end":{"line":28,"column":78}},"7":{"start":{"line":29,"column":18},"end":{"line":29,"column":20}},"8":{"start":{"line":30,"column":4},"end":{"line":30,"column":41}},"9":{"start":{"line":30,"column":17},"end":{"line":30,"column":41}},"10":{"start":{"line":31,"column":4},"end":{"line":31,"column":38}},"11":{"start":{"line":31,"column":16},"end":{"line":31,"column":38}},"12":{"start":{"line":32,"column":4},"end":{"line":32,"column":68}},"13":{"start":{"line":32,"column":26},"end":{"line":32,"column":68}},"14":{"start":{"line":34,"column":4},"end":{"line":43,"column":7}},"15":{"start":{"line":47,"column":0},"end":{"line":47,"column":38}}},"fnMap":{"0":{"name":"(anonymous_0)","decl":{"start":{"line":5,"column":2},"end":{"line":5,"column":3}},"loc":{"start":{"line":5,"column":33},"end":{"line":9,"column":3}},"line":5},"1":{"name":"(anonymous_1)","decl":{"start":{"line":11,"column":2},"end":{"line":11,"column":3}},"loc":{"start":{"line":11,"column":38},"end":{"line":25,"column":3}},"line":11},"2":{"name":"(anonymous_2)","decl":{"start":{"line":27,"column":2},"end":{"line":27,"column":3}},"loc":{"start":{"line":27,"column":33},"end":{"line":44,"column":3}},"line":27}},"branchMap":{"0":{"loc":{"start":{"line":5,"column":14},"end":{"line":5,"column":31}},"type":"default-arg","locations":[{"start":{"line":5,"column":25},"end":{"line":5,"column":31}}],"line":5},"1":{"loc":{"start":{"line":27,"column":20},"end":{"line":27,"column":31}},"type":"default-arg","locations":[{"start":{"line":27,"column":29},"end":{"line":27,"column":31}}],"line":27},"2":{"loc":{"start":{"line":28,"column":12},"end":{"line":28,"column":20}},"type":"default-arg","locations":[{"start":{"line":28,"column":19},"end":{"line":28,"column":20}}],"line":28},"3":{"loc":{"start":{"line":28,"column":22},"end":{"line":28,"column":32}},"type":"default-arg","locations":[{"start":{"line":28,"column":30},"end":{"line":28,"column":32}}],"line":28},"4":{"loc":{"start":{"line":30,"column":4},"end":{"line":30,"column":41}},"type":"if","locations":[{"start":{"line":30,"column":4},"end":{"line":30,"column":41}},{"start":{},"end":{}}],"line":30},"5":{"loc":{"start":{"line":31,"column":4},"end":{"line":31,"column":38}},"type":"if","locations":[{"start":{"line":31,"column":4},"end":{"line":31,"column":38}},{"start":{},"end":{}}],"line":31},"6":{"loc":{"start":{"line":32,"column":4},"end":{"line":32,"column":68}},"type":"if","locations":[{"start":{"line":32,"column":4},"end":{"line":32,"column":68}},{"start":{},"end":{}}],"line":32}},"s":{"0":2,"1":2,"2":9,"3":9,"4":9,"5":2,"6":7,"7":7,"8":7,"9":2,"10":7,"11":2,"12":7,"13":2,"14":7,"15":2},"f":{"0":9,"1":2,"2":7},"b":{"0":[9],"1":[0],"2":[6],"3":[6],"4":[2,5],"5":[2,5],"6":[2,5]},"_coverageSchema":"1a1c01bbd47fc00a2c39e90264f33305004495a9","hash":"5aa757d3929629e1898b10f345a085e3ac484646"}
,"C:\\Users\\dell\\Desktop\\odoo-hackathon\\src\\repositories\\baseRepository.js": {"path":"C:\\Users\\dell\\Desktop\\odoo-hackathon\\src\\repositories\\baseRepository.js","statementMap":{"0":{"start":{"line":1,"column":15},"end":{"line":1,"column":44}},"1":{"start":{"line":5,"column":4},"end":{"line":5,"column":35}},"2":{"start":{"line":9,"column":4},"end":{"line":9,"column":52}},"3":{"start":{"line":13,"column":4},"end":{"line":13,"column":43}},"4":{"start":{"line":17,"column":4},"end":{"line":17,"column":39}},"5":{"start":{"line":21,"column":4},"end":{"line":21,"column":39}},"6":{"start":{"line":25,"column":4},"end":{"line":25,"column":54}},"7":{"start":{"line":29,"column":4},"end":{"line":29,"column":48}},"8":{"start":{"line":33,"column":4},"end":{"line":33,"column":39}},"9":{"start":{"line":37,"column":91},"end":{"line":37,"column":97}},"10":{"start":{"line":38,"column":17},"end":{"line":38,"column":35}},"11":{"start":{"line":40,"column":26},"end":{"line":49,"column":6}},"12":{"start":{"line":51,"column":4},"end":{"line":61,"column":6}},"13":{"start":{"line":65,"column":0},"end":{"line":65,"column":32}}},"fnMap":{"0":{"name":"(anonymous_0)","decl":{"start":{"line":4,"column":2},"end":{"line":4,"column":3}},"loc":{"start":{"line":4,"column":25},"end":{"line":6,"column":3}},"line":4},"1":{"name":"(anonymous_1)","decl":{"start":{"line":8,"column":2},"end":{"line":8,"column":3}},"loc":{"start":{"line":8,"column":21},"end":{"line":10,"column":3}},"line":8},"2":{"name":"(anonymous_2)","decl":{"start":{"line":12,"column":2},"end":{"line":12,"column":3}},"loc":{"start":{"line":12,"column":23},"end":{"line":14,"column":3}},"line":12},"3":{"name":"(anonymous_3)","decl":{"start":{"line":16,"column":2},"end":{"line":16,"column":3}},"loc":{"start":{"line":16,"column":30},"end":{"line":18,"column":3}},"line":16},"4":{"name":"(anonymous_4)","decl":{"start":{"line":20,"column":2},"end":{"line":20,"column":3}},"loc":{"start":{"line":20,"column":21},"end":{"line":22,"column":3}},"line":20},"5":{"name":"(anonymous_5)","decl":{"start":{"line":24,"column":2},"end":{"line":24,"column":3}},"loc":{"start":{"line":24,"column":25},"end":{"line":26,"column":3}},"line":24},"6":{"name":"(anonymous_6)","decl":{"start":{"line":28,"column":2},"end":{"line":28,"column":3}},"loc":{"start":{"line":28,"column":19},"end":{"line":30,"column":3}},"line":28},"7":{"name":"(anonymous_7)","decl":{"start":{"line":32,"column":2},"end":{"line":32,"column":3}},"loc":{"start":{"line":32,"column":26},"end":{"line":34,"column":3}},"line":32},"8":{"name":"(anonymous_8)","decl":{"start":{"line":36,"column":2},"end":{"line":36,"column":3}},"loc":{"start":{"line":36,"column":40},"end":{"line":62,"column":3}},"line":36}},"branchMap":{"0":{"loc":{"start":{"line":16,"column":17},"end":{"line":16,"column":28}},"type":"default-arg","locations":[{"start":{"line":16,"column":26},"end":{"line":16,"column":28}}],"line":16},"1":{"loc":{"start":{"line":32,"column":14},"end":{"line":32,"column":24}},"type":"default-arg","locations":[{"start":{"line":32,"column":22},"end":{"line":32,"column":24}}],"line":32},"2":{"loc":{"start":{"line":36,"column":27},"end":{"line":36,"column":38}},"type":"default-arg","locations":[{"start":{"line":36,"column":36},"end":{"line":36,"column":38}}],"line":36},"3":{"loc":{"start":{"line":37,"column":12},"end":{"line":37,"column":20}},"type":"default-arg","locations":[{"start":{"line":37,"column":19},"end":{"line":37,"column":20}}],"line":37},"4":{"loc":{"start":{"line":37,"column":22},"end":{"line":37,"column":32}},"type":"default-arg","locations":[{"start":{"line":37,"column":30},"end":{"line":37,"column":32}}],"line":37},"5":{"loc":{"start":{"line":37,"column":34},"end":{"line":37,"column":44}},"type":"default-arg","locations":[{"start":{"line":37,"column":42},"end":{"line":37,"column":44}}],"line":37},"6":{"loc":{"start":{"line":37,"column":46},"end":{"line":37,"column":77}},"type":"default-arg","locations":[{"start":{"line":37,"column":56},"end":{"line":37,"column":77}}],"line":37}},"s":{"0":4,"1":51,"2":2,"3":2,"4":2,"5":1,"6":1,"7":1,"8":2,"9":15,"10":15,"11":15,"12":15,"13":4},"f":{"0":51,"1":2,"2":2,"3":2,"4":1,"5":1,"6":1,"7":2,"8":15},"b":{"0":[1],"1":[1],"2":[1],"3":[3],"4":[3],"5":[4],"6":[6]},"_coverageSchema":"1a1c01bbd47fc00a2c39e90264f33305004495a9","hash":"487112b648d672fd8043f0d21474f7a5f1f6f85a"}
,"C:\\Users\\dell\\Desktop\\odoo-hackathon\\src\\repositories\\dashboardRepository.js": {"path":"C:\\Users\\dell\\Desktop\\odoo-hackathon\\src\\repositories\\dashboardRepository.js","statementMap":{"0":{"start":{"line":1,"column":15},"end":{"line":1,"column":44}},"1":{"start":{"line":5,"column":4},"end":{"line":5,"column":23}},"2":{"start":{"line":9,"column":16},"end":{"line":9,"column":26}},"3":{"start":{"line":10,"column":21},"end":{"line":10,"column":31}},"4":{"start":{"line":11,"column":4},"end":{"line":11,"column":41}},"5":{"start":{"line":26,"column":8},"end":{"line":121,"column":6}},"6":{"start":{"line":123,"column":4},"end":{"line":135,"column":6}},"7":{"start":{"line":139,"column":0},"end":{"line":139,"column":37}}},"fnMap":{"0":{"name":"(anonymous_0)","decl":{"start":{"line":4,"column":2},"end":{"line":4,"column":3}},"loc":{"start":{"line":4,"column":33},"end":{"line":6,"column":3}},"line":4},"1":{"name":"(anonymous_1)","decl":{"start":{"line":8,"column":2},"end":{"line":8,"column":3}},"loc":{"start":{"line":8,"column":30},"end":{"line":136,"column":3}},"line":8}},"branchMap":{"0":{"loc":{"start":{"line":4,"column":14},"end":{"line":4,"column":31}},"type":"default-arg","locations":[{"start":{"line":4,"column":25},"end":{"line":4,"column":31}}],"line":4}},"s":{"0":2,"1":9,"2":9,"3":9,"4":9,"5":9,"6":9,"7":2},"f":{"0":9,"1":9},"b":{"0":[9]},"_coverageSchema":"1a1c01bbd47fc00a2c39e90264f33305004495a9","hash":"cdcf81b646731aefe8c358b0e5b78041d4857f0e"}
,"C:\\Users\\dell\\Desktop\\odoo-hackathon\\src\\repositories\\index.js": {"path":"C:\\Users\\dell\\Desktop\\odoo-hackathon\\src\\repositories\\index.js","statementMap":{"0":{"start":{"line":1,"column":23},"end":{"line":1,"column":50}},"1":{"start":{"line":2,"column":31},"end":{"line":2,"column":66}},"2":{"start":{"line":3,"column":29},"end":{"line":3,"column":62}},"3":{"start":{"line":4,"column":31},"end":{"line":4,"column":66}},"4":{"start":{"line":5,"column":28},"end":{"line":5,"column":60}},"5":{"start":{"line":7,"column":0},"end":{"line":13,"column":2}}},"fnMap":{},"branchMap":{},"s":{"0":1,"1":1,"2":1,"3":1,"4":1,"5":1},"f":{},"b":{},"_coverageSchema":"1a1c01bbd47fc00a2c39e90264f33305004495a9","hash":"bbd0aaeaf5c6cb88017da7c0e80d42c6e591bc97"}
,"C:\\Users\\dell\\Desktop\\odoo-hackathon\\src\\repositories\\notificationRepository.js": {"path":"C:\\Users\\dell\\Desktop\\odoo-hackathon\\src\\repositories\\notificationRepository.js","statementMap":{"0":{"start":{"line":1,"column":15},"end":{"line":1,"column":44}},"1":{"start":{"line":2,"column":23},"end":{"line":2,"column":50}},"2":{"start":{"line":6,"column":4},"end":{"line":6,"column":26}},"3":{"start":{"line":7,"column":4},"end":{"line":7,"column":23}},"4":{"start":{"line":8,"column":4},"end":{"line":8,"column":39}},"5":{"start":{"line":12,"column":53},"end":{"line":12,"column":59}},"6":{"start":{"line":13,"column":18},"end":{"line":13,"column":28}},"7":{"start":{"line":14,"column":4},"end":{"line":16,"column":5}},"8":{"start":{"line":15,"column":6},"end":{"line":15,"column":28}},"9":{"start":{"line":18,"column":4},"end":{"line":23,"column":7}},"10":{"start":{"line":27,"column":4},"end":{"line":30,"column":7}},"11":{"start":{"line":34,"column":4},"end":{"line":37,"column":7}},"12":{"start":{"line":41,"column":0},"end":{"line":41,"column":40}}},"fnMap":{"0":{"name":"(anonymous_0)","decl":{"start":{"line":5,"column":2},"end":{"line":5,"column":3}},"loc":{"start":{"line":5,"column":33},"end":{"line":9,"column":3}},"line":5},"1":{"name":"(anonymous_1)","decl":{"start":{"line":11,"column":2},"end":{"line":11,"column":3}},"loc":{"start":{"line":11,"column":43},"end":{"line":24,"column":3}},"line":11},"2":{"name":"(anonymous_2)","decl":{"start":{"line":26,"column":2},"end":{"line":26,"column":3}},"loc":{"start":{"line":26,"column":31},"end":{"line":31,"column":3}},"line":26},"3":{"name":"(anonymous_3)","decl":{"start":{"line":33,"column":2},"end":{"line":33,"column":3}},"loc":{"start":{"line":33,"column":30},"end":{"line":38,"column":3}},"line":33}},"branchMap":{"0":{"loc":{"start":{"line":5,"column":14},"end":{"line":5,"column":31}},"type":"default-arg","locations":[{"start":{"line":5,"column":25},"end":{"line":5,"column":31}}],"line":5},"1":{"loc":{"start":{"line":11,"column":30},"end":{"line":11,"column":41}},"type":"default-arg","locations":[{"start":{"line":11,"column":39},"end":{"line":11,"column":41}}],"line":11},"2":{"loc":{"start":{"line":12,"column":28},"end":{"line":12,"column":36}},"type":"default-arg","locations":[{"start":{"line":12,"column":35},"end":{"line":12,"column":36}}],"line":12},"3":{"loc":{"start":{"line":12,"column":38},"end":{"line":12,"column":48}},"type":"default-arg","locations":[{"start":{"line":12,"column":46},"end":{"line":12,"column":48}}],"line":12},"4":{"loc":{"start":{"line":14,"column":4},"end":{"line":16,"column":5}},"type":"if","locations":[{"start":{"line":14,"column":4},"end":{"line":16,"column":5}},{"start":{},"end":{}}],"line":14}},"s":{"0":1,"1":1,"2":0,"3":0,"4":0,"5":0,"6":0,"7":0,"8":0,"9":0,"10":0,"11":0,"12":1},"f":{"0":0,"1":0,"2":0,"3":0},"b":{"0":[0],"1":[0],"2":[0],"3":[0],"4":[0,0]},"_coverageSchema":"1a1c01bbd47fc00a2c39e90264f33305004495a9","hash":"2c9beb7122f654b5b2deac52c4a930de77df92ce"}
,"C:\\Users\\dell\\Desktop\\odoo-hackathon\\src\\repositories\\organizationRepository.js": {"path":"C:\\Users\\dell\\Desktop\\odoo-hackathon\\src\\repositories\\organizationRepository.js","statementMap":{"0":{"start":{"line":1,"column":15},"end":{"line":1,"column":44}},"1":{"start":{"line":2,"column":23},"end":{"line":2,"column":50}},"2":{"start":{"line":6,"column":4},"end":{"line":6,"column":26}},"3":{"start":{"line":7,"column":4},"end":{"line":7,"column":23}},"4":{"start":{"line":8,"column":4},"end":{"line":8,"column":39}},"5":{"start":{"line":12,"column":4},"end":{"line":15,"column":7}},"6":{"start":{"line":19,"column":4},"end":{"line":21,"column":7}},"7":{"start":{"line":25,"column":36},"end":{"line":25,"column":42}},"8":{"start":{"line":26,"column":4},"end":{"line":32,"column":7}},"9":{"start":{"line":36,"column":0},"end":{"line":36,"column":40}}},"fnMap":{"0":{"name":"(anonymous_0)","decl":{"start":{"line":5,"column":2},"end":{"line":5,"column":3}},"loc":{"start":{"line":5,"column":33},"end":{"line":9,"column":3}},"line":5},"1":{"name":"(anonymous_1)","decl":{"start":{"line":11,"column":2},"end":{"line":11,"column":3}},"loc":{"start":{"line":11,"column":23},"end":{"line":16,"column":3}},"line":11},"2":{"name":"(anonymous_2)","decl":{"start":{"line":18,"column":2},"end":{"line":18,"column":3}},"loc":{"start":{"line":18,"column":27},"end":{"line":22,"column":3}},"line":18},"3":{"name":"(anonymous_3)","decl":{"start":{"line":24,"column":2},"end":{"line":24,"column":3}},"loc":{"start":{"line":24,"column":46},"end":{"line":33,"column":3}},"line":24}},"branchMap":{"0":{"loc":{"start":{"line":5,"column":14},"end":{"line":5,"column":31}},"type":"default-arg","locations":[{"start":{"line":5,"column":25},"end":{"line":5,"column":31}}],"line":5},"1":{"loc":{"start":{"line":24,"column":33},"end":{"line":24,"column":44}},"type":"default-arg","locations":[{"start":{"line":24,"column":42},"end":{"line":24,"column":44}}],"line":24},"2":{"loc":{"start":{"line":25,"column":12},"end":{"line":25,"column":22}},"type":"default-arg","locations":[{"start":{"line":25,"column":20},"end":{"line":25,"column":22}}],"line":25}},"s":{"0":2,"1":2,"2":6,"3":6,"4":6,"5":1,"6":2,"7":3,"8":3,"9":2},"f":{"0":6,"1":1,"2":2,"3":3},"b":{"0":[6],"1":[0],"2":[2]},"_coverageSchema":"1a1c01bbd47fc00a2c39e90264f33305004495a9","hash":"d006e68fca1c9019ae86e68502e9a646d2721ccc"}
,"C:\\Users\\dell\\Desktop\\odoo-hackathon\\src\\routes\\index.js": {"path":"C:\\Users\\dell\\Desktop\\odoo-hackathon\\src\\routes\\index.js","statementMap":{"0":{"start":{"line":1,"column":16},"end":{"line":1,"column":34}},"1":{"start":{"line":2,"column":15},"end":{"line":2,"column":35}},"2":{"start":{"line":3,"column":17},"end":{"line":3,"column":32}},"3":{"start":{"line":5,"column":15},"end":{"line":5,"column":31}},"4":{"start":{"line":7,"column":0},"end":{"line":7,"column":39}},"5":{"start":{"line":9,"column":0},"end":{"line":9,"column":24}}},"fnMap":{},"branchMap":{},"s":{"0":0,"1":0,"2":0,"3":0,"4":0,"5":0},"f":{},"b":{}}
,"C:\\Users\\dell\\Desktop\\odoo-hackathon\\src\\routes\\v1\\assignmentRoutes.js": {"path":"C:\\Users\\dell\\Desktop\\odoo-hackathon\\src\\routes\\v1\\assignmentRoutes.js","statementMap":{"0":{"start":{"line":1,"column":16},"end":{"line":1,"column":34}},"1":{"start":{"line":2,"column":33},"end":{"line":2,"column":61}},"2":{"start":{"line":3,"column":36},"end":{"line":3,"column":68}},"3":{"start":{"line":4,"column":17},"end":{"line":4,"column":53}},"4":{"start":{"line":11,"column":4},"end":{"line":11,"column":31}},"5":{"start":{"line":12,"column":21},"end":{"line":12,"column":47}},"6":{"start":{"line":14,"column":15},"end":{"line":14,"column":31}},"7":{"start":{"line":16,"column":0},"end":{"line":22,"column":2}},"8":{"start":{"line":24,"column":0},"end":{"line":30,"column":2}},"9":{"start":{"line":32,"column":0},"end":{"line":37,"column":2}},"10":{"start":{"line":39,"column":0},"end":{"line":44,"column":2}},"11":{"start":{"line":46,"column":0},"end":{"line":51,"column":2}},"12":{"start":{"line":53,"column":0},"end":{"line":59,"column":2}},"13":{"start":{"line":61,"column":0},"end":{"line":61,"column":24}}},"fnMap":{},"branchMap":{},"s":{"0":0,"1":0,"2":0,"3":0,"4":0,"5":0,"6":0,"7":0,"8":0,"9":0,"10":0,"11":0,"12":0,"13":0},"f":{},"b":{}}
,"C:\\Users\\dell\\Desktop\\odoo-hackathon\\src\\routes\\v1\\authRoutes.js": {"path":"C:\\Users\\dell\\Desktop\\odoo-hackathon\\src\\routes\\v1\\authRoutes.js","statementMap":{"0":{"start":{"line":1,"column":16},"end":{"line":1,"column":34}},"1":{"start":{"line":2,"column":27},"end":{"line":2,"column":55}},"2":{"start":{"line":3,"column":25},"end":{"line":3,"column":57}},"3":{"start":{"line":4,"column":17},"end":{"line":4,"column":53}},"4":{"start":{"line":5,"column":60},"end":{"line":5,"column":87}},"5":{"start":{"line":7,"column":15},"end":{"line":7,"column":31}},"6":{"start":{"line":9,"column":0},"end":{"line":9,"column":67}},"7":{"start":{"line":10,"column":0},"end":{"line":10,"column":70}},"8":{"start":{"line":11,"column":0},"end":{"line":11,"column":51}},"9":{"start":{"line":12,"column":0},"end":{"line":12,"column":95}},"10":{"start":{"line":14,"column":0},"end":{"line":14,"column":24}}},"fnMap":{},"branchMap":{},"s":{"0":0,"1":0,"2":0,"3":0,"4":0,"5":0,"6":0,"7":0,"8":0,"9":0,"10":0},"f":{},"b":{}}
,"C:\\Users\\dell\\Desktop\\odoo-hackathon\\src\\routes\\v1\\dashboardRoutes.js": {"path":"C:\\Users\\dell\\Desktop\\odoo-hackathon\\src\\routes\\v1\\dashboardRoutes.js","statementMap":{"0":{"start":{"line":1,"column":16},"end":{"line":1,"column":34}},"1":{"start":{"line":2,"column":32},"end":{"line":2,"column":60}},"2":{"start":{"line":3,"column":25},"end":{"line":3,"column":57}},"3":{"start":{"line":5,"column":15},"end":{"line":5,"column":31}},"4":{"start":{"line":7,"column":0},"end":{"line":7,"column":62}},"5":{"start":{"line":9,"column":0},"end":{"line":9,"column":24}}},"fnMap":{},"branchMap":{},"s":{"0":0,"1":0,"2":0,"3":0,"4":0,"5":0},"f":{},"b":{}}
,"C:\\Users\\dell\\Desktop\\odoo-hackathon\\src\\routes\\v1\\index.js": {"path":"C:\\Users\\dell\\Desktop\\odoo-hackathon\\src\\routes\\v1\\index.js","statementMap":{"0":{"start":{"line":1,"column":16},"end":{"line":1,"column":34}},"1":{"start":{"line":2,"column":28},"end":{"line":2,"column":50}},"2":{"start":{"line":4,"column":27},"end":{"line":4,"column":58}},"3":{"start":{"line":5,"column":25},"end":{"line":5,"column":54}},"4":{"start":{"line":6,"column":27},"end":{"line":6,"column":58}},"5":{"start":{"line":7,"column":24},"end":{"line":7,"column":52}},"6":{"start":{"line":8,"column":19},"end":{"line":8,"column":42}},"7":{"start":{"line":10,"column":15},"end":{"line":10,"column":31}},"8":{"start":{"line":12,"column":0},"end":{"line":21,"column":3}},"9":{"start":{"line":13,"column":2},"end":{"line":20,"column":5}},"10":{"start":{"line":23,"column":0},"end":{"line":23,"column":32}},"11":{"start":{"line":24,"column":0},"end":{"line":24,"column":49}},"12":{"start":{"line":25,"column":0},"end":{"line":25,"column":45}},"13":{"start":{"line":26,"column":0},"end":{"line":26,"column":49}},"14":{"start":{"line":27,"column":0},"end":{"line":27,"column":42}},"15":{"start":{"line":29,"column":0},"end":{"line":29,"column":24}}},"fnMap":{"0":{"name":"(anonymous_0)","decl":{"start":{"line":12,"column":22},"end":{"line":12,"column":23}},"loc":{"start":{"line":12,"column":36},"end":{"line":21,"column":1}},"line":12}},"branchMap":{"0":{"loc":{"start":{"line":18,"column":19},"end":{"line":18,"column":56}},"type":"binary-expr","locations":[{"start":{"line":18,"column":19},"end":{"line":18,"column":39}},{"start":{"line":18,"column":43},"end":{"line":18,"column":56}}],"line":18}},"s":{"0":0,"1":0,"2":0,"3":0,"4":0,"5":0,"6":0,"7":0,"8":0,"9":0,"10":0,"11":0,"12":0,"13":0,"14":0,"15":0},"f":{"0":0},"b":{"0":[0,0]}}
,"C:\\Users\\dell\\Desktop\\odoo-hackathon\\src\\routes\\v1\\notificationRoutes.js": {"path":"C:\\Users\\dell\\Desktop\\odoo-hackathon\\src\\routes\\v1\\notificationRoutes.js","statementMap":{"0":{"start":{"line":1,"column":16},"end":{"line":1,"column":34}},"1":{"start":{"line":2,"column":35},"end":{"line":2,"column":63}},"2":{"start":{"line":3,"column":25},"end":{"line":3,"column":57}},"3":{"start":{"line":5,"column":15},"end":{"line":5,"column":31}},"4":{"start":{"line":7,"column":0},"end":{"line":7,"column":73}},"5":{"start":{"line":8,"column":0},"end":{"line":8,"column":81}},"6":{"start":{"line":9,"column":0},"end":{"line":9,"column":73}},"7":{"start":{"line":11,"column":0},"end":{"line":11,"column":24}}},"fnMap":{},"branchMap":{},"s":{"0":0,"1":0,"2":0,"3":0,"4":0,"5":0,"6":0,"7":0},"f":{},"b":{}}
,"C:\\Users\\dell\\Desktop\\odoo-hackathon\\src\\routes\\v1\\organizationRoutes.js": {"path":"C:\\Users\\dell\\Desktop\\odoo-hackathon\\src\\routes\\v1\\organizationRoutes.js","statementMap":{"0":{"start":{"line":1,"column":16},"end":{"line":1,"column":34}},"1":{"start":{"line":2,"column":35},"end":{"line":2,"column":63}},"2":{"start":{"line":3,"column":36},"end":{"line":3,"column":68}},"3":{"start":{"line":4,"column":17},"end":{"line":4,"column":53}},"4":{"start":{"line":5,"column":15},"end":{"line":5,"column":49}},"5":{"start":{"line":6,"column":63},"end":{"line":6,"column":90}},"6":{"start":{"line":7,"column":21},"end":{"line":7,"column":47}},"7":{"start":{"line":9,"column":15},"end":{"line":9,"column":31}},"8":{"start":{"line":11,"column":0},"end":{"line":22,"column":4}},"9":{"start":{"line":24,"column":0},"end":{"line":39,"column":4}},"10":{"start":{"line":41,"column":0},"end":{"line":47,"column":2}},"11":{"start":{"line":49,"column":0},"end":{"line":49,"column":24}}},"fnMap":{},"branchMap":{},"s":{"0":0,"1":0,"2":0,"3":0,"4":0,"5":0,"6":0,"7":0,"8":0,"9":0,"10":0,"11":0},"f":{},"b":{}}
,"C:\\Users\\dell\\Desktop\\odoo-hackathon\\src\\services\\assignmentService.js": {"path":"C:\\Users\\dell\\Desktop\\odoo-hackathon\\src\\services\\assignmentService.js","statementMap":{"0":{"start":{"line":1,"column":17},"end":{"line":1,"column":45}},"1":{"start":{"line":2,"column":15},"end":{"line":2,"column":44}},"2":{"start":{"line":6,"column":4},"end":{"line":6,"column":53}},"3":{"start":{"line":7,"column":4},"end":{"line":7,"column":51}},"4":{"start":{"line":8,"column":4},"end":{"line":8,"column":23}},"5":{"start":{"line":11,"column":16},"end":{"line":50,"column":3}},"6":{"start":{"line":12,"column":4},"end":{"line":49,"column":7}},"7":{"start":{"line":13,"column":20},"end":{"line":13,"column":78}},"8":{"start":{"line":14,"column":6},"end":{"line":16,"column":7}},"9":{"start":{"line":15,"column":8},"end":{"line":15,"column":51}},"10":{"start":{"line":18,"column":6},"end":{"line":20,"column":7}},"11":{"start":{"line":19,"column":8},"end":{"line":19,"column":73}},"12":{"start":{"line":22,"column":19},"end":{"line":22,"column":75}},"13":{"start":{"line":23,"column":6},"end":{"line":25,"column":7}},"14":{"start":{"line":24,"column":8},"end":{"line":24,"column":50}},"15":{"start":{"line":27,"column":25},"end":{"line":35,"column":8}},"16":{"start":{"line":37,"column":6},"end":{"line":40,"column":9}},"17":{"start":{"line":42,"column":6},"end":{"line":46,"column":8}},"18":{"start":{"line":48,"column":6},"end":{"line":48,"column":24}},"19":{"start":{"line":52,"column":21},"end":{"line":93,"column":3}},"20":{"start":{"line":53,"column":4},"end":{"line":92,"column":7}},"21":{"start":{"line":54,"column":25},"end":{"line":57,"column":8}},"22":{"start":{"line":59,"column":6},"end":{"line":61,"column":7}},"23":{"start":{"line":60,"column":8},"end":{"line":60,"column":63}},"24":{"start":{"line":63,"column":6},"end":{"line":65,"column":7}},"25":{"start":{"line":64,"column":8},"end":{"line":64,"column":89}},"26":{"start":{"line":67,"column":6},"end":{"line":69,"column":7}},"27":{"start":{"line":68,"column":8},"end":{"line":68,"column":105}},"28":{"start":{"line":71,"column":22},"end":{"line":78,"column":8}},"29":{"start":{"line":80,"column":6},"end":{"line":83,"column":9}},"30":{"start":{"line":85,"column":6},"end":{"line":89,"column":8}},"31":{"start":{"line":91,"column":6},"end":{"line":91,"column":21}},"32":{"start":{"line":95,"column":21},"end":{"line":135,"column":3}},"33":{"start":{"line":96,"column":4},"end":{"line":134,"column":7}},"34":{"start":{"line":97,"column":25},"end":{"line":100,"column":8}},"35":{"start":{"line":102,"column":6},"end":{"line":104,"column":7}},"36":{"start":{"line":103,"column":8},"end":{"line":103,"column":63}},"37":{"start":{"line":106,"column":6},"end":{"line":108,"column":7}},"38":{"start":{"line":107,"column":8},"end":{"line":107,"column":89}},"39":{"start":{"line":110,"column":6},"end":{"line":112,"column":7}},"40":{"start":{"line":111,"column":8},"end":{"line":111,"column":105}},"41":{"start":{"line":114,"column":22},"end":{"line":120,"column":8}},"42":{"start":{"line":122,"column":6},"end":{"line":125,"column":9}},"43":{"start":{"line":127,"column":6},"end":{"line":131,"column":8}},"44":{"start":{"line":133,"column":6},"end":{"line":133,"column":21}},"45":{"start":{"line":137,"column":16},"end":{"line":182,"column":3}},"46":{"start":{"line":138,"column":4},"end":{"line":181,"column":7}},"47":{"start":{"line":139,"column":25},"end":{"line":142,"column":8}},"48":{"start":{"line":144,"column":6},"end":{"line":146,"column":7}},"49":{"start":{"line":145,"column":8},"end":{"line":145,"column":63}},"50":{"start":{"line":148,"column":6},"end":{"line":150,"column":7}},"51":{"start":{"line":149,"column":8},"end":{"line":149,"column":85}},"52":{"start":{"line":152,"column":6},"end":{"line":154,"column":7}},"53":{"start":{"line":153,"column":8},"end":{"line":153,"column":69}},"54":{"start":{"line":156,"column":29},"end":{"line":156,"column":85}},"55":{"start":{"line":158,"column":22},"end":{"line":164,"column":8}},"56":{"start":{"line":166,"column":6},"end":{"line":172,"column":9}},"57":{"start":{"line":174,"column":6},"end":{"line":178,"column":8}},"58":{"start":{"line":180,"column":6},"end":{"line":180,"column":21}},"59":{"start":{"line":184,"column":18},"end":{"line":253,"column":3}},"60":{"start":{"line":185,"column":4},"end":{"line":252,"column":7}},"61":{"start":{"line":186,"column":20},"end":{"line":186,"column":78}},"62":{"start":{"line":187,"column":6},"end":{"line":189,"column":7}},"63":{"start":{"line":188,"column":8},"end":{"line":188,"column":51}},"64":{"start":{"line":191,"column":21},"end":{"line":191,"column":79}},"65":{"start":{"line":192,"column":6},"end":{"line":194,"column":7}},"66":{"start":{"line":193,"column":8},"end":{"line":193,"column":62}},"67":{"start":{"line":196,"column":23},"end":{"line":196,"column":83}},"68":{"start":{"line":197,"column":6},"end":{"line":199,"column":7}},"69":{"start":{"line":198,"column":8},"end":{"line":198,"column":57}},"70":{"start":{"line":201,"column":31},"end":{"line":208,"column":8}},"71":{"start":{"line":210,"column":6},"end":{"line":212,"column":7}},"72":{"start":{"line":211,"column":8},"end":{"line":211,"column":102}},"73":{"start":{"line":214,"column":6},"end":{"line":220,"column":9}},"74":{"start":{"line":222,"column":28},"end":{"line":229,"column":8}},"75":{"start":{"line":231,"column":6},"end":{"line":237,"column":9}},"76":{"start":{"line":239,"column":6},"end":{"line":243,"column":8}},"77":{"start":{"line":245,"column":6},"end":{"line":249,"column":8}},"78":{"start":{"line":251,"column":6},"end":{"line":251,"column":27}},"79":{"start":{"line":255,"column":15},"end":{"line":257,"column":3}},"80":{"start":{"line":256,"column":4},"end":{"line":256,"column":57}},"81":{"start":{"line":260,"column":0},"end":{"line":260,"column":35}}},"fnMap":{"0":{"name":"(anonymous_0)","decl":{"start":{"line":5,"column":2},"end":{"line":5,"column":3}},"loc":{"start":{"line":5,"column":76},"end":{"line":9,"column":3}},"line":5},"1":{"name":"(anonymous_1)","decl":{"start":{"line":11,"column":16},"end":{"line":11,"column":17}},"loc":{"start":{"line":11,"column":32},"end":{"line":50,"column":3}},"line":11},"2":{"name":"(anonymous_2)","decl":{"start":{"line":12,"column":32},"end":{"line":12,"column":33}},"loc":{"start":{"line":12,"column":46},"end":{"line":49,"column":5}},"line":12},"3":{"name":"(anonymous_3)","decl":{"start":{"line":52,"column":21},"end":{"line":52,"column":22}},"loc":{"start":{"line":52,"column":54},"end":{"line":93,"column":3}},"line":52},"4":{"name":"(anonymous_4)","decl":{"start":{"line":53,"column":32},"end":{"line":53,"column":33}},"loc":{"start":{"line":53,"column":46},"end":{"line":92,"column":5}},"line":53},"5":{"name":"(anonymous_5)","decl":{"start":{"line":95,"column":21},"end":{"line":95,"column":22}},"loc":{"start":{"line":95,"column":50},"end":{"line":135,"column":3}},"line":95},"6":{"name":"(anonymous_6)","decl":{"start":{"line":96,"column":32},"end":{"line":96,"column":33}},"loc":{"start":{"line":96,"column":46},"end":{"line":134,"column":5}},"line":96},"7":{"name":"(anonymous_7)","decl":{"start":{"line":137,"column":16},"end":{"line":137,"column":17}},"loc":{"start":{"line":137,"column":36},"end":{"line":182,"column":3}},"line":137},"8":{"name":"(anonymous_8)","decl":{"start":{"line":138,"column":32},"end":{"line":138,"column":33}},"loc":{"start":{"line":138,"column":46},"end":{"line":181,"column":5}},"line":138},"9":{"name":"(anonymous_9)","decl":{"start":{"line":184,"column":18},"end":{"line":184,"column":19}},"loc":{"start":{"line":184,"column":34},"end":{"line":253,"column":3}},"line":184},"10":{"name":"(anonymous_10)","decl":{"start":{"line":185,"column":32},"end":{"line":185,"column":33}},"loc":{"start":{"line":185,"column":46},"end":{"line":252,"column":5}},"line":185},"11":{"name":"(anonymous_11)","decl":{"start":{"line":255,"column":15},"end":{"line":255,"column":16}},"loc":{"start":{"line":255,"column":33},"end":{"line":257,"column":3}},"line":255}},"branchMap":{"0":{"loc":{"start":{"line":5,"column":57},"end":{"line":5,"column":74}},"type":"default-arg","locations":[{"start":{"line":5,"column":68},"end":{"line":5,"column":74}}],"line":5},"1":{"loc":{"start":{"line":14,"column":6},"end":{"line":16,"column":7}},"type":"if","locations":[{"start":{"line":14,"column":6},"end":{"line":16,"column":7}},{"start":{},"end":{}}],"line":14},"2":{"loc":{"start":{"line":18,"column":6},"end":{"line":20,"column":7}},"type":"if","locations":[{"start":{"line":18,"column":6},"end":{"line":20,"column":7}},{"start":{},"end":{}}],"line":18},"3":{"loc":{"start":{"line":23,"column":6},"end":{"line":25,"column":7}},"type":"if","locations":[{"start":{"line":23,"column":6},"end":{"line":25,"column":7}},{"start":{},"end":{}}],"line":23},"4":{"loc":{"start":{"line":32,"column":22},"end":{"line":32,"column":78}},"type":"cond-expr","locations":[{"start":{"line":32,"column":40},"end":{"line":32,"column":65}},{"start":{"line":32,"column":68},"end":{"line":32,"column":78}}],"line":32},"5":{"loc":{"start":{"line":59,"column":6},"end":{"line":61,"column":7}},"type":"if","locations":[{"start":{"line":59,"column":6},"end":{"line":61,"column":7}},{"start":{},"end":{}}],"line":59},"6":{"loc":{"start":{"line":63,"column":6},"end":{"line":65,"column":7}},"type":"if","locations":[{"start":{"line":63,"column":6},"end":{"line":65,"column":7}},{"start":{},"end":{}}],"line":63},"7":{"loc":{"start":{"line":67,"column":6},"end":{"line":69,"column":7}},"type":"if","locations":[{"start":{"line":67,"column":6},"end":{"line":69,"column":7}},{"start":{},"end":{}}],"line":67},"8":{"loc":{"start":{"line":102,"column":6},"end":{"line":104,"column":7}},"type":"if","locations":[{"start":{"line":102,"column":6},"end":{"line":104,"column":7}},{"start":{},"end":{}}],"line":102},"9":{"loc":{"start":{"line":106,"column":6},"end":{"line":108,"column":7}},"type":"if","locations":[{"start":{"line":106,"column":6},"end":{"line":108,"column":7}},{"start":{},"end":{}}],"line":106},"10":{"loc":{"start":{"line":110,"column":6},"end":{"line":112,"column":7}},"type":"if","locations":[{"start":{"line":110,"column":6},"end":{"line":112,"column":7}},{"start":{},"end":{}}],"line":110},"11":{"loc":{"start":{"line":118,"column":17},"end":{"line":118,"column":42}},"type":"binary-expr","locations":[{"start":{"line":118,"column":17},"end":{"line":118,"column":22}},{"start":{"line":118,"column":26},"end":{"line":118,"column":42}}],"line":118},"12":{"loc":{"start":{"line":144,"column":6},"end":{"line":146,"column":7}},"type":"if","locations":[{"start":{"line":144,"column":6},"end":{"line":146,"column":7}},{"start":{},"end":{}}],"line":144},"13":{"loc":{"start":{"line":148,"column":6},"end":{"line":150,"column":7}},"type":"if","locations":[{"start":{"line":148,"column":6},"end":{"line":150,"column":7}},{"start":{},"end":{}}],"line":148},"14":{"loc":{"start":{"line":152,"column":6},"end":{"line":154,"column":7}},"type":"if","locations":[{"start":{"line":152,"column":6},"end":{"line":154,"column":7}},{"start":{},"end":{}}],"line":152},"15":{"loc":{"start":{"line":156,"column":29},"end":{"line":156,"column":85}},"type":"cond-expr","locations":[{"start":{"line":156,"column":47},"end":{"line":156,"column":72}},{"start":{"line":156,"column":75},"end":{"line":156,"column":85}}],"line":156},"16":{"loc":{"start":{"line":162,"column":17},"end":{"line":162,"column":105}},"type":"cond-expr","locations":[{"start":{"line":162,"column":30},"end":{"line":162,"column":86}},{"start":{"line":162,"column":89},"end":{"line":162,"column":105}}],"line":162},"17":{"loc":{"start":{"line":162,"column":33},"end":{"line":162,"column":55}},"type":"binary-expr","locations":[{"start":{"line":162,"column":33},"end":{"line":162,"column":49}},{"start":{"line":162,"column":53},"end":{"line":162,"column":55}}],"line":162},"18":{"loc":{"start":{"line":187,"column":6},"end":{"line":189,"column":7}},"type":"if","locations":[{"start":{"line":187,"column":6},"end":{"line":189,"column":7}},{"start":{},"end":{}}],"line":187},"19":{"loc":{"start":{"line":192,"column":6},"end":{"line":194,"column":7}},"type":"if","locations":[{"start":{"line":192,"column":6},"end":{"line":194,"column":7}},{"start":{},"end":{}}],"line":192},"20":{"loc":{"start":{"line":197,"column":6},"end":{"line":199,"column":7}},"type":"if","locations":[{"start":{"line":197,"column":6},"end":{"line":199,"column":7}},{"start":{},"end":{}}],"line":197},"21":{"loc":{"start":{"line":210,"column":6},"end":{"line":212,"column":7}},"type":"if","locations":[{"start":{"line":210,"column":6},"end":{"line":212,"column":7}},{"start":{},"end":{}}],"line":210},"22":{"loc":{"start":{"line":218,"column":20},"end":{"line":218,"column":48}},"type":"binary-expr","locations":[{"start":{"line":218,"column":20},"end":{"line":218,"column":42}},{"start":{"line":218,"column":46},"end":{"line":218,"column":48}}],"line":218},"23":{"loc":{"start":{"line":226,"column":17},"end":{"line":226,"column":178}},"type":"cond-expr","locations":[{"start":{"line":226,"column":30},"end":{"line":226,"column":113}},{"start":{"line":226,"column":116},"end":{"line":226,"column":178}}],"line":226}},"s":{"0":1,"1":1,"2":17,"3":17,"4":17,"5":17,"6":7,"7":7,"8":7,"9":2,"10":5,"11":2,"12":3,"13":3,"14":1,"15":2,"16":2,"17":2,"18":2,"19":17,"20":6,"21":6,"22":6,"23":1,"24":5,"25":2,"26":3,"27":2,"28":1,"29":1,"30":1,"31":1,"32":17,"33":2,"34":2,"35":2,"36":0,"37":2,"38":0,"39":2,"40":0,"41":2,"42":2,"43":2,"44":2,"45":17,"46":5,"47":5,"48":5,"49":0,"50":5,"51":2,"52":3,"53":2,"54":1,"55":1,"56":1,"57":1,"58":1,"59":17,"60":2,"61":2,"62":2,"63":0,"64":2,"65":2,"66":0,"67":2,"68":2,"69":0,"70":2,"71":2,"72":1,"73":1,"74":1,"75":1,"76":1,"77":1,"78":1,"79":17,"80":1,"81":1},"f":{"0":17,"1":7,"2":7,"3":6,"4":6,"5":2,"6":2,"7":5,"8":5,"9":2,"10":2,"11":1},"b":{"0":[0],"1":[2,5],"2":[2,3],"3":[1,2],"4":[1,1],"5":[1,5],"6":[2,3],"7":[2,1],"8":[0,2],"9":[0,2],"10":[0,2],"11":[2,1],"12":[0,5],"13":[2,3],"14":[2,1],"15":[0,1],"16":[1,0],"17":[1,0],"18":[0,2],"19":[0,2],"20":[0,2],"21":[1,1],"22":[1,0],"23":[0,1]},"_coverageSchema":"1a1c01bbd47fc00a2c39e90264f33305004495a9","hash":"10329f94c986e463f4ce5b8b4ef3ba5a9f76eeef"}
,"C:\\Users\\dell\\Desktop\\odoo-hackathon\\src\\services\\authService.js": {"path":"C:\\Users\\dell\\Desktop\\odoo-hackathon\\src\\services\\authService.js","statementMap":{"0":{"start":{"line":1,"column":15},"end":{"line":1,"column":32}},"1":{"start":{"line":2,"column":12},"end":{"line":2,"column":35}},"2":{"start":{"line":3,"column":27},"end":{"line":3,"column":53}},"3":{"start":{"line":4,"column":15},"end":{"line":4,"column":35}},"4":{"start":{"line":5,"column":21},"end":{"line":5,"column":40}},"5":{"start":{"line":6,"column":21},"end":{"line":6,"column":44}},"6":{"start":{"line":10,"column":4},"end":{"line":10,"column":47}},"7":{"start":{"line":14,"column":17},"end":{"line":14,"column":55}},"8":{"start":{"line":15,"column":4},"end":{"line":17,"column":5}},"9":{"start":{"line":16,"column":6},"end":{"line":16,"column":63}},"10":{"start":{"line":18,"column":4},"end":{"line":20,"column":5}},"11":{"start":{"line":19,"column":6},"end":{"line":19,"column":57}},"12":{"start":{"line":22,"column":20},"end":{"line":22,"column":65}},"13":{"start":{"line":23,"column":4},"end":{"line":25,"column":5}},"14":{"start":{"line":24,"column":6},"end":{"line":24,"column":63}},"15":{"start":{"line":27,"column":4},"end":{"line":27,"column":69}},"16":{"start":{"line":29,"column":18},"end":{"line":33,"column":5}},"17":{"start":{"line":35,"column":4},"end":{"line":42,"column":6}},"18":{"start":{"line":46,"column":21},"end":{"line":46,"column":59}},"19":{"start":{"line":47,"column":4},"end":{"line":49,"column":5}},"20":{"start":{"line":48,"column":6},"end":{"line":48,"column":58}},"21":{"start":{"line":51,"column":22},"end":{"line":51,"column":46}},"22":{"start":{"line":52,"column":22},"end":{"line":52,"column":34}},"23":{"start":{"line":53,"column":21},"end":{"line":53,"column":55}},"24":{"start":{"line":55,"column":27},"end":{"line":55,"column":80}},"25":{"start":{"line":56,"column":23},"end":{"line":56,"column":41}},"26":{"start":{"line":58,"column":17},"end":{"line":65,"column":6}},"27":{"start":{"line":67,"column":18},"end":{"line":71,"column":5}},"28":{"start":{"line":73,"column":4},"end":{"line":80,"column":6}},"29":{"start":{"line":84,"column":17},"end":{"line":84,"column":53}},"30":{"start":{"line":85,"column":4},"end":{"line":87,"column":5}},"31":{"start":{"line":86,"column":6},"end":{"line":86,"column":48}},"32":{"start":{"line":88,"column":4},"end":{"line":98,"column":6}},"33":{"start":{"line":102,"column":17},"end":{"line":102,"column":55}},"34":{"start":{"line":103,"column":4},"end":{"line":105,"column":5}},"35":{"start":{"line":104,"column":6},"end":{"line":104,"column":77}},"36":{"start":{"line":106,"column":4},"end":{"line":106,"column":75}},"37":{"start":{"line":110,"column":0},"end":{"line":110,"column":29}}},"fnMap":{"0":{"name":"(anonymous_0)","decl":{"start":{"line":9,"column":2},"end":{"line":9,"column":3}},"loc":{"start":{"line":9,"column":16},"end":{"line":11,"column":3}},"line":9},"1":{"name":"(anonymous_1)","decl":{"start":{"line":13,"column":2},"end":{"line":13,"column":3}},"loc":{"start":{"line":13,"column":31},"end":{"line":43,"column":3}},"line":13},"2":{"name":"(anonymous_2)","decl":{"start":{"line":45,"column":2},"end":{"line":45,"column":3}},"loc":{"start":{"line":45,"column":38},"end":{"line":81,"column":3}},"line":45},"3":{"name":"(anonymous_3)","decl":{"start":{"line":83,"column":2},"end":{"line":83,"column":3}},"loc":{"start":{"line":83,"column":27},"end":{"line":99,"column":3}},"line":83},"4":{"name":"(anonymous_4)","decl":{"start":{"line":101,"column":2},"end":{"line":101,"column":3}},"loc":{"start":{"line":101,"column":30},"end":{"line":107,"column":3}},"line":101}},"branchMap":{"0":{"loc":{"start":{"line":15,"column":4},"end":{"line":17,"column":5}},"type":"if","locations":[{"start":{"line":15,"column":4},"end":{"line":17,"column":5}},{"start":{},"end":{}}],"line":15},"1":{"loc":{"start":{"line":18,"column":4},"end":{"line":20,"column":5}},"type":"if","locations":[{"start":{"line":18,"column":4},"end":{"line":20,"column":5}},{"start":{},"end":{}}],"line":18},"2":{"loc":{"start":{"line":23,"column":4},"end":{"line":25,"column":5}},"type":"if","locations":[{"start":{"line":23,"column":4},"end":{"line":25,"column":5}},{"start":{},"end":{}}],"line":23},"3":{"loc":{"start":{"line":47,"column":4},"end":{"line":49,"column":5}},"type":"if","locations":[{"start":{"line":47,"column":4},"end":{"line":49,"column":5}},{"start":{},"end":{}}],"line":47},"4":{"loc":{"start":{"line":53,"column":21},"end":{"line":53,"column":55}},"type":"binary-expr","location
[...]
,"C:\\Users\\dell\\Desktop\\odoo-hackathon\\src\\services\\organizationService.js": {"path":"C:\\Users\\dell\\Desktop\\odoo-hackathon\\src\\services\\organizationService.js","statementMap":{"0":{"start":{"line":1,"column":17},"end":{"line":1,"column":45}},"1":{"start":{"line":5,"column":4},"end":{"line":5,"column":57}},"2":{"start":{"line":8,"column":23},"end":{"line":17,"column":3}},"3":{"start":{"line":9,"column":21},"end":{"line":12,"column":6}},"4":{"start":{"line":13,"column":4},"end":{"line":15,"column":5}},"5":{"start":{"line":14,"column":6},"end":{"line":14,"column":86}},"6":{"start":{"line":16,"column":4},"end":{"line":16,"column":52}},"7":{"start":{"line":19,"column":24},"end":{"line":25,"column":3}},"8":{"start":{"line":20,"column":16},"end":{"line":20,"column":68}},"9":{"start":{"line":21,"column":4},"end":{"line":23,"column":5}},"10":{"start":{"line":22,"column":6},"end":{"line":22,"column":72}},"11":{"start":{"line":24,"column":4},"end":{"line":24,"column":15}},"12":{"start":{"line":27,"column":23},"end":{"line":44,"column":3}},"13":{"start":{"line":28,"column":16},"end":{"line":28,"column":50}},"14":{"start":{"line":30,"column":4},"end":{"line":41,"column":5}},"15":{"start":{"line":31,"column":23},"end":{"line":37,"column":8}},"16":{"start":{"line":38,"column":6},"end":{"line":40,"column":7}},"17":{"start":{"line":39,"column":8},"end":{"line":39,"column":88}},"18":{"start":{"line":43,"column":4},"end":{"line":43,"column":56}},"19":{"start":{"line":46,"column":23},"end":{"line":52,"column":3}},"20":{"start":{"line":47,"column":4},"end":{"line":47,"column":39}},"21":{"start":{"line":48,"column":4},"end":{"line":50,"column":5}},"22":{"start":{"line":49,"column":6},"end":{"line":49,"column":56}},"23":{"start":{"line":51,"column":4},"end":{"line":51,"column":50}},"24":{"start":{"line":54,"column":22},"end":{"line":56,"column":3}},"25":{"start":{"line":55,"column":4},"end":{"line":55,"column":72}},"26":{"start":{"line":58,"column":15},"end":{"line":61,"column":3}},"27":{"start":{"line":59,"column":4},"end":{"line":59,"column":39}},"28":{"start":{"line":60,"column":4},"end":{"line":60,"column":70}},"29":{"start":{"line":64,"column":0},"end":{"line":64,"column":37}}},"fnMap":{"0":{"name":"(anonymous_0)","decl":{"start":{"line":4,"column":2},"end":{"line":4,"column":3}},"loc":{"start":{"line":4,"column":38},"end":{"line":6,"column":3}},"line":4},"1":{"name":"(anonymous_1)","decl":{"start":{"line":8,"column":23},"end":{"line":8,"column":24}},"loc":{"start":{"line":8,"column":39},"end":{"line":17,"column":3}},"line":8},"2":{"name":"(anonymous_2)","decl":{"start":{"line":19,"column":24},"end":{"line":19,"column":25}},"loc":{"start":{"line":19,"column":38},"end":{"line":25,"column":3}},"line":19},"3":{"name":"(anonymous_3)","decl":{"start":{"line":27,"column":23},"end":{"line":27,"column":24}},"loc":{"start":{"line":27,"column":43},"end":{"line":44,"column":3}},"line":27},"4":{"name":"(anonymous_4)","decl":{"start":{"line":46,"column":23},"end":{"line":46,"column":24}},"loc":{"start":{"line":46,"column":50},"end":{"line":52,"column":3}},"line":46},"5":{"name":"(anonymous_5)","decl":{"start":{"line":54,"column":22},"end":{"line":54,"column":23}},"loc":{"start":{"line":54,"column":40},"end":{"line":56,"column":3}},"line":54},"6":{"name":"(anonymous_6)","decl":{"start":{"line":58,"column":15},"end":{"line":58,"column":16}},"loc":{"start":{"line":58,"column":39},"end":{"line":61,"column":3}},"line":58}},"branchMap":{"0":{"loc":{"start":{"line":13,"column":4},"end":{"line":15,"column":5}},"type":"if","locations":[{"start":{"line":13,"column":4},"end":{"line":15,"column":5}},{"start":{},"end":{}}],"line":13},"1":{"loc":{"start":{"line":21,"column":4},"end":{"line":23,"column":5}},"type":"if","locations":[{"start":{"line":21,"column":4},"end":{"line":23,"column":5}},{"start":{},"end":{}}],"line":21},"2":{"loc":{"start":{"line":30,"column":4},"end":{"line":41,"column":5}},"type":"if","locations":[{"start":{"line":30,"column":4},"end":{"line":41,"column":5}},{"start":{},"end":{}}],"line":30},"3":{"loc":{"start":{"line":30,"column":8},"end":{"line":30,"column":43}},"type":"binary-expr","locations":[{"start":{"line":30,"column":8},"end":{"line":30,"column":17}},{"start":{"line":30,"column":21},"end":{"line":30,"column":43}}],"line":30},"4":{"loc":{"start":{"line":38,"column":6},"end":{"line":40,"column":7}},"type":"if","locations":[{"start":{"line":38,"column":6},"end":{"line":40,"column":7}},{"start":{},"end":{}}],"line":38},"5":{"loc":{"start":{"line":46,"column":34},"end":{"line":46,"column":45}},"type":"default-arg","locations":[{"start":{"line":46,"column":41},"end":{"line":46,"column":45}}],"line":46},"6":{"loc":{"start":{"line":48,"column":4},"end":{"line":50,"column":5}},"type":"if","locations":[{"start":{"line":48,"column":4},"end":{"line":50,"column":5}},{"start":{},"end":{}}],"line":48}},"s":{"0":1,"1":14,"2":14,"3":3,"4":3,"5":2,"6":1,"7":14,"8":12,"9":12,"10":4,"11":8,"12":14,"13":4,"14":4,"15":2,"16":2,"17":2,"18":2,"19":14,"20":3,"21":2,"22":1,"23":1,"24":14,"25":2,"26":14,"27":2,"28":1,"29":1},"f":{"0":14,"1":3,"2":12,"3":4,"4":3,"5":2,"6":2},"b":{"0":[2,1],"1":[4,8],"2":[2,2],"3":[4,3],"4":[2,0],"5":[2],"6":[1,1]},"_coverageSchema":"1a1c01bbd47fc00a2c39e90264f33305004495a9","hash":"b53010db15afb78daae8b798f9d1a64df9271da3"}
,"C:\\Users\\dell\\Desktop\\odoo-hackathon\\src\\types\\index.js": {"path":"C:\\Users\\dell\\Desktop\\odoo-hackathon\\src\\types\\index.js","statementMap":{"0":{"start":{"line":36,"column":0},"end":{"line":36,"column":20}}},"fnMap":{},"branchMap":{},"s":{"0":0},"f":{},"b":{}}
,"C:\\Users\\dell\\Desktop\\odoo-hackathon\\src\\utils\\ApiError.js": {"path":"C:\\Users\\dell\\Desktop\\odoo-hackathon\\src\\utils\\ApiError.js","statementMap":{"0":{"start":{"line":1,"column":23},"end":{"line":1,"column":46}},"1":{"start":{"line":5,"column":4},"end":{"line":5,"column":19}},"2":{"start":{"line":6,"column":4},"end":{"line":6,"column":33}},"3":{"start":{"line":7,"column":4},"end":{"line":7,"column":27}},"4":{"start":{"line":8,"column":4},"end":{"line":8,"column":27}},"5":{"start":{"line":9,"column":4},"end":{"line":9,"column":30}},"6":{"start":{"line":10,"column":4},"end":{"line":10,"column":52}},"7":{"start":{"line":14,"column":4},"end":{"line":14,"column":66}},"8":{"start":{"line":18,"column":4},"end":{"line":18,"column":67}},"9":{"start":{"line":22,"column":4},"end":{"line":22,"column":64}},"10":{"start":{"line":26,"column":4},"end":{"line":26,"column":64}},"11":{"start":{"line":30,"column":4},"end":{"line":30,"column":63}},"12":{"start":{"line":34,"column":4},"end":{"line":34,"column":75}},"13":{"start":{"line":38,"column":4},"end":{"line":38,"column":76}},"14":{"start":{"line":42,"column":0},"end":{"line":42,"column":26}}},"fnMap":{"0":{"name":"(anonymous_0)","decl":{"start":{"line":4,"column":2},"end":{"line":4,"column":3}},"loc":{"start":{"line":4,"column":51},"end":{"line":11,"column":3}},"line":4},"1":{"name":"(anonymous_1)","decl":{"start":{"line":13,"column":2},"end":{"line":13,"column":3}},"loc":{"start":{"line":13,"column":61},"end":{"line":15,"column":3}},"line":13},"2":{"name":"(anonymous_2)","decl":{"start":{"line":17,"column":2},"end":{"line":17,"column":3}},"loc":{"start":{"line":17,"column":64},"end":{"line":19,"column":3}},"line":17},"3":{"name":"(anonymous_3)","decl":{"start":{"line":21,"column":2},"end":{"line":21,"column":3}},"loc":{"start":{"line":21,"column":58},"end":{"line":23,"column":3}},"line":21},"4":{"name":"(anonymous_4)","decl":{"start":{"line":25,"column":2},"end":{"line":25,"column":3}},"loc":{"start":{"line":25,"column":66},"end":{"line":27,"column":3}},"line":25},"5":{"name":"(anonymous_5)","decl":{"start":{"line":29,"column":2},"end":{"line":29,"column":3}},"loc":{"start":{"line":29,"column":71},"end":{"line":31,"column":3}},"line":29},"6":{"name":"(anonymous_6)","decl":{"start":{"line":33,"column":2},"end":{"line":33,"column":3}},"loc":{"start":{"line":33,"column":73},"end":{"line":35,"column":3}},"line":33},"7":{"name":"(anonymous_7)","decl":{"start":{"line":37,"column":2},"end":{"line":37,"column":3}},"loc":{"start":{"line":37,"column":69},"end":{"line":39,"column":3}},"line":37}},"branchMap":{"0":{"loc":{"start":{"line":4,"column":35},"end":{"line":4,"column":49}},"type":"default-arg","locations":[{"start":{"line":4,"column":45},"end":{"line":4,"column":49}}],"line":4},"1":{"loc":{"start":{"line":13,"column":20},"end":{"line":13,"column":43}},"type":"default-arg","locations":[{"start":{"line":13,"column":30},"end":{"line":13,"column":43}}],"line":13},"2":{"loc":{"start":{"line":13,"column":45},"end":{"line":13,"column":59}},"type":"default-arg","locations":[{"start":{"line":13,"column":55},"end":{"line":13,"column":59}}],"line":13},"3":{"loc":{"start":{"line":17,"column":22},"end":{"line":17,"column":46}},"type":"default-arg","locations":[{"start":{"line":17,"column":32},"end":{"line":17,"column":46}}],"line":17},"4":{"loc":{"start":{"line":17,"column":48},"end":{"line":17,"column":62}},"type":"default-arg","locations":[{"start":{"line":17,"column":58},"end":{"line":17,"column":62}}],"line":17},"5":{"loc":{"start":{"line":21,"column":19},"end":{"line":21,"column":40}},"type":"default-arg","locations":[{"start":{"line":21,"column":29},"end":{"line":21,"column":40}}],"line":21},"6":{"loc":{"start":{"line":21,"column":42},"end":{"line":21,"column":56}},"type":"default-arg","locations":[{"start":{"line":21,"column":52},"end":{"line":21,"column":56}}],"line":21},"7":{"loc":{"start":{"line":25,"column":18},"end":{"line":25,"column":48}},"type":"default-arg","locations":[{"start":{"line":25,"column":28},"end":{"line":25,"column":48}}],"line":25},"8":{"loc":{"start":{"line":25,"column":50},"end":{"line":25,"column":64}},"type":"default-arg","locations":[{"start":{"line":25,"column":60},"end":{"line":25,"column":64}}],"line":25},"9":{"loc":{"start":{"line":29,"column":18},"end":{"line":29,"column":53}},"type":"default-arg","locations":[{"start":{"line":29,"column":28},"end":{"line":29,"column":53}}],"line":29},"10":{"loc":{"start":{"line":29,"column":55},"end":{"line":29,"column":69}},"type":"default-arg","locations":[{"start":{"line":29,"column":65},"end":{"line":29,"column":69}}],"line":29},"11":{"loc":{"start":{"line":33,"column":23},"end":{"line":33,"column":55}},"type":"default-arg","locations":[{"start":{"line":33,"column":33},"end":{"line":33,"column":55}}],"line":33},"12":{"loc":{"start":{"line":33,"column":57},"end":{"line":33,"column":71}},"type":"default-arg","locations":[{"start":{"line":33,"column":67},"end":{"line":33,"column":71}}],"line":33},"13":{"loc":{"start":{"line":37,"column":18},"end":{"line":37,"column":51}},"type":"default-arg","locations":[{"start":{"line":37,"column":28},"end":{"line":37,"column":51}}],"line":37},"14":{"loc":{"start":{"line":37,"column":53},"end":{"line":37,"column":67}},"type":"default-arg","locations":[{"start":{"line":37,"column":63},"end":{"line":37,"column":67}}],"line":37}},"s":{"0":7,"1":45,"2":45,"3":45,"4":45,"5":45,"6":45,"7":8,"8":5,"9":5,"10":13,"11":9,"12":1,"13":1,"14":7},"f":{"0":45,"1":8,"2":5,"3":5,"4":13,"5":9,"6":1,"7":1},"b":{"0":[3],"1":[0],"2":[8],"3":[0],"4":[5],"5":[0],"6":[5],"7":[0],"8":[13],"9":[0],"10":[9],"11":[0],"12":[1],"13":[0],"14":[1]},"_coverageSchema":"1a1c01bbd47fc00a2c39e90264f33305004495a9","hash":"734af19e053a0c118b38743fa9f2a8571cea0f94"}
,"C:\\Users\\dell\\Desktop\\odoo-hackathon\\src\\utils\\asyncHandler.js": {"path":"C:\\Users\\dell\\Desktop\\odoo-hackathon\\src\\utils\\asyncHandler.js","statementMap":{"0":{"start":{"line":1,"column":21},"end":{"line":3,"column":1}},"1":{"start":{"line":1,"column":29},"end":{"line":3,"column":1}},"2":{"start":{"line":2,"column":2},"end":{"line":2,"column":50}},"3":{"start":{"line":5,"column":0},"end":{"line":5,"column":30}}},"fnMap":{"0":{"name":"(anonymous_0)","decl":{"start":{"line":1,"column":21},"end":{"line":1,"column":22}},"loc":{"start":{"line":1,"column":29},"end":{"line":3,"column":1}},"line":1},"1":{"name":"(anonymous_1)","decl":{"start":{"line":1,"column":29},"end":{"line":1,"column":30}},"loc":{"start":{"line":1,"column":49},"end":{"line":3,"column":1}},"line":1}},"branchMap":{},"s":{"0":3,"1":1,"2":2,"3":3},"f":{"0":1,"1":2},"b":{},"_coverageSchema":"1a1c01bbd47fc00a2c39e90264f33305004495a9","hash":"7cfd1a23a41b8042a83f873a75a2ef67d9bc446f"}
,"C:\\Users\\dell\\Desktop\\odoo-hackathon\\src\\utils\\index.js": {"path":"C:\\Users\\dell\\Desktop\\odoo-hackathon\\src\\utils\\index.js","statementMap":{"0":{"start":{"line":1,"column":21},"end":{"line":1,"column":46}},"1":{"start":{"line":2,"column":24},"end":{"line":2,"column":52}},"2":{"start":{"line":3,"column":17},"end":{"line":3,"column":38}},"3":{"start":{"line":5,"column":0},"end":{"line":9,"column":2}}},"fnMap":{},"branchMap":{},"s":{"0":3,"1":3,"2":3,"3":3},"f":{},"b":{},"_coverageSchema":"1a1c01bbd47fc00a2c39e90264f33305004495a9","hash":"cf547cf161682275cea41f5a65560e7b795a8596"}
,"C:\\Users\\dell\\Desktop\\odoo-hackathon\\src\\utils\\responseWrapper.js": {"path":"C:\\Users\\dell\\Desktop\\odoo-hackathon\\src\\utils\\responseWrapper.js","statementMap":{"0":{"start":{"line":1,"column":23},"end":{"line":1,"column":46}},"1":{"start":{"line":5,"column":21},"end":{"line":9,"column":5}},"2":{"start":{"line":10,"column":4},"end":{"line":12,"column":5}},"3":{"start":{"line":11,"column":6},"end":{"line":11,"column":27}},"4":{"start":{"line":13,"column":4},"end":{"line":13,"column":49}},"5":{"start":{"line":17,"column":4},"end":{"line":21,"column":7}},"6":{"start":{"line":25,"column":4},"end":{"line":25,"column":51}},"7":{"start":{"line":29,"column":4},"end":{"line":29,"column":65}},"8":{"start":{"line":33,"column":0},"end":{"line":33,"column":33}}},"fnMap":{"0":{"name":"(anonymous_0)","decl":{"start":{"line":4,"column":2},"end":{"line":4,"column":3}},"loc":{"start":{"line":4,"column":101},"end":{"line":14,"column":3}},"line":4},"1":{"name":"(anonymous_1)","decl":{"start":{"line":16,"column":2},"end":{"line":16,"column":3}},"loc":{"start":{"line":16,"column":73},"end":{"line":22,"column":3}},"line":16},"2":{"name":"(anonymous_2)","decl":{"start":{"line":24,"column":2},"end":{"line":24,"column":3}},"loc":{"start":{"line":24,"column":24},"end":{"line":26,"column":3}},"line":24},"3":{"name":"(anonymous_3)","decl":{"start":{"line":28,"column":2},"end":{"line":28,"column":3}},"loc":{"start":{"line":28,"column":66},"end":{"line":30,"column":3}},"line":28}},"branchMap":{"0":{"loc":{"start":{"line":4,"column":24},"end":{"line":4,"column":35}},"type":"default-arg","locations":[{"start":{"line":4,"column":31},"end":{"line":4,"column":35}}],"line":4},"1":{"loc":{"start":{"line":4,"column":37},"end":{"line":4,"column":56}},"type":"default-arg","locations":[{"start":{"line":4,"column":47},"end":{"line":4,"column":56}}],"line":4},"2":{"loc":{"start":{"line":4,"column":58},"end":{"line":4,"column":84}},"type":"default-arg","locations":[{"start":{"line":4,"column":71},"end":{"line":4,"column":84}}],"line":4},"3":{"loc":{"start":{"line":4,"column":86},"end":{"line":4,"column":97}},"type":"default-arg","locations":[{"start":{"line":4,"column":93},"end":{"line":4,"column":97}}],"line":4},"4":{"loc":{"start":{"line":10,"column":4},"end":{"line":12,"column":5}},"type":"if","locations":[{"start":{"line":10,"column":4},"end":{"line":12,"column":5}},{"start":{},"end":{}}],"line":10},"5":{"loc":{"start":{"line":16,"column":24},"end":{"line":16,"column":35}},"type":"default-arg","locations":[{"start":{"line":16,"column":31},"end":{"line":16,"column":35}}],"line":16},"6":{"loc":{"start":{"line":16,"column":37},"end":{"line":16,"column":69}},"type":"default-arg","locations":[{"start":{"line":16,"column":47},"end":{"line":16,"column":69}}],"line":16},"7":{"loc":{"start":{"line":28,"column":26},"end":{"line":28,"column":35}},"type":"default-arg","locations":[{"start":{"line":28,"column":33},"end":{"line":28,"column":35}}],"line":28},"8":{"loc":{"start":{"line":28,"column":37},"end":{"line":28,"column":56}},"type":"default-arg","locations":[{"start":{"line":28,"column":47},"end":{"line":28,"column":56}}],"line":28}},"s":{"0":3,"1":10,"2":10,"3":3,"4":10,"5":2,"6":1,"7":3,"8":3},"f":{"0":10,"1":2,"2":1,"3":3},"b":{"0":[1],"1":[3],"2":[7],"3":[7],"4":[3,7],"5":[0],"6":[1],"7":[0],"8":[1]},"_coverageSchema":"1a1c01bbd47fc00a2c39e90264f33305004495a9","hash":"f907f378e40cd486bd69a323ab5fc3fd38a47b5d"}
,"C:\\Users\\dell\\Desktop\\odoo-hackathon\\src\\validators\\assignment.js": {"path":"C:\\Users\\dell\\Desktop\\odoo-hackathon\\src\\validators\\assignment.js","statementMap":{"0":{"start":{"line":1,"column":14},"end":{"line":1,"column":28}},"1":{"start":{"line":3,"column":26},"end":{"line":12,"column":2}},"2":{"start":{"line":14,"column":31},"end":{"line":18,"column":2}},"3":{"start":{"line":20,"column":31},"end":{"line":24,"column":2}},"4":{"start":{"line":26,"column":26},"end":{"line":29,"column":2}},"5":{"start":{"line":31,"column":28},"end":{"line":42,"column":2}},"6":{"start":{"line":44,"column":0},"end":{"line":50,"column":2}}},"fnMap":{},"branchMap":{},"s":{"0":0,"1":0,"2":0,"3":0,"4":0,"5":0,"6":0},"f":{},"b":{}}
,"C:\\Users\\dell\\Desktop\\odoo-hackathon\\src\\validators\\auth.js": {"path":"C:\\Users\\dell\\Desktop\\odoo-hackathon\\src\\validators\\auth.js","statementMap":{"0":{"start":{"line":1,"column":14},"end":{"line":1,"column":28}},"1":{"start":{"line":3,"column":20},"end":{"line":6,"column":2}},"2":{"start":{"line":8,"column":21},"end":{"line":12,"column":2}},"3":{"start":{"line":14,"column":29},"end":{"line":16,"column":2}},"4":{"start":{"line":18,"column":0},"end":{"line":22,"column":2}}},"fnMap":{},"branchMap":{},"s":{"0":0,"1":0,"2":0,"3":0,"4":0},"f":{},"b":{}}
,"C:\\Users\\dell\\Desktop\\odoo-hackathon\\src\\validators\\index.js": {"path":"C:\\Users\\dell\\Desktop\\odoo-hackathon\\src\\validators\\index.js","statementMap":{"0":{"start":{"line":1,"column":14},"end":{"line":1,"column":28}},"1":{"start":{"line":2,"column":63},"end":{"line":2,"column":88}},"2":{"start":{"line":9,"column":4},"end":{"line":9,"column":27}},"3":{"start":{"line":10,"column":60},"end":{"line":10,"column":77}},"4":{"start":{"line":12,"column":25},"end":{"line":17,"column":2}},"5":{"start":{"line":19,"column":0},"end":{"line":31,"column":2}}},"fnMap":{},"branchMap":{},"s":{"0":0,"1":0,"2":0,"3":0,"4":0,"5":0},"f":{},"b":{}}
,"C:\\Users\\dell\\Desktop\\odoo-hackathon\\src\\validators\\organization.js": {"path":"C:\\Users\\dell\\Desktop\\odoo-hackathon\\src\\validators\\organization.js","statementMap":{"0":{"start":{"line":1,"column":14},"end":{"line":1,"column":28}},"1":{"start":{"line":3,"column":33},"end":{"line":18,"column":2}},"2":{"start":{"line":20,"column":33},"end":{"line":20,"column":67}},"3":{"start":{"line":22,"column":0},"end":{"line":25,"column":2}}},"fnMap":{},"branchMap":{},"s":{"0":0,"1":0,"2":0,"3":0},"f":{},"b":{}}
}
