TN:
SF:src\app.js
FN:24,(anonymous_0)
FNF:1
FNH:0
FNDA:0,(anonymous_0)
DA:1,0
DA:2,0
DA:3,0
DA:4,0
DA:6,0
DA:7,0
DA:8,0
DA:9,0
DA:10,0
DA:12,0
DA:14,0
DA:15,0
DA:16,0
DA:17,0
DA:18,0
DA:20,0
DA:22,0
DA:24,0
DA:25,0
DA:28,0
DA:29,0
DA:31,0
LF:22
LH:0
BRF:0
BRH:0
end_of_record
TN:
SF:src\config\index.js
FNF:0
FNH:0
DA:1,2
DA:2,2
DA:4,2
DA:6,2
DA:37,2
LF:5
LH:5
BRDA:7,0,0,2
BRDA:7,0,1,0
BRDA:8,1,0,2
BRDA:8,1,1,0
BRDA:9,2,0,2
BRDA:9,2,1,0
BRDA:16,3,0,2
BRDA:16,3,1,0
BRDA:17,4,0,2
BRDA:17,4,1,0
BRDA:18,5,0,2
BRDA:18,5,1,0
BRDA:19,6,0,2
BRDA:19,6,1,0
BRDA:23,7,0,2
BRDA:23,7,1,0
BRDA:27,8,0,2
BRDA:27,8,1,0
BRDA:28,9,0,2
BRDA:28,9,1,0
BRDA:32,10,0,2
BRDA:32,10,1,0
BRDA:33,11,0,2
BRDA:33,11,1,0
BRF:24
BRH:12
end_of_record
TN:
SF:src\config\logger.js
FN:7,(anonymous_0)
FN:23,(anonymous_1)
FNF:2
FNH:0
FNDA:0,(anonymous_0)
FNDA:0,(anonymous_1)
DA:1,0
DA:2,0
DA:3,0
DA:5,0
DA:7,0
DA:8,0
DA:9,0
DA:11,0
DA:14,0
DA:24,0
DA:27,0
DA:49,0
LF:12
LH:0
BRDA:8,0,0,0
BRDA:8,0,1,0
BRDA:15,1,0,0
BRDA:15,1,1,0
BRDA:18,2,0,0
BRDA:18,2,1,0
BRDA:24,3,0,0
BRDA:24,3,1,0
BRF:8
BRH:0
end_of_record
TN:
SF:src\constants\index.js
FNF:0
FNH:0
DA:1,11
DA:21,11
DA:29,11
DA:37,11
DA:46,11
DA:53,11
LF:6
LH:6
BRF:0
BRH:0
end_of_record
TN:
SF:src\controllers\assignmentController.js
FN:4,(anonymous_0)
FN:8,(anonymous_1)
FN:16,(anonymous_2)
FN:25,(anonymous_3)
FN:34,(anonymous_4)
FN:42,(anonymous_5)
FN:50,(anonymous_6)
FNF:7
FNH:0
FNDA:0,(anonymous_0)
FNDA:0,(anonymous_1)
FNDA:0,(anonymous_2)
FNDA:0,(anonymous_3)
FNDA:0,(anonymous_4)
FNDA:0,(anonymous_5)
FNDA:0,(anonymous_6)
DA:1,0
DA:5,0
DA:8,0
DA:9,0
DA:10,0
DA:16,0
DA:17,0
DA:18,0
DA:19,0
DA:25,0
DA:26,0
DA:27,0
DA:28,0
DA:34,0
DA:35,0
DA:36,0
DA:42,0
DA:43,0
DA:44,0
DA:50,0
DA:51,0
DA:52,0
DA:53,0
DA:55,0
DA:63,0
DA:71,0
LF:26
LH:0
BRDA:51,0,0,0
BRDA:51,0,1,0
BRDA:52,1,0,0
BRDA:52,1,1,0
BRF:4
BRH:0
end_of_record
TN:
SF:src\controllers\authController.js
FN:5,(anonymous_0)
FN:9,(anonymous_1)
FN:15,(anonymous_2)
FN:21,(anonymous_3)
FN:26,(anonymous_4)
FNF:5
FNH:0
FNDA:0,(anonymous_0)
FNDA:0,(anonymous_1)
FNDA:0,(anonymous_2)
FNDA:0,(anonymous_3)
FNDA:0,(anonymous_4)
DA:1,0
DA:2,0
DA:6,0
DA:9,0
DA:10,0
DA:11,0
DA:12,0
DA:15,0
DA:16,0
DA:17,0
DA:18,0
DA:21,0
DA:22,0
DA:23,0
DA:26,0
DA:27,0
DA:28,0
DA:29,0
DA:33,0
LF:19
LH:0
BRF:0
BRH:0
end_of_record
TN:
SF:src\controllers\dashboardController.js
FN:4,(anonymous_0)
FN:8,(anonymous_1)
FNF:2
FNH:0
FNDA:0,(anonymous_0)
FNDA:0,(anonymous_1)
DA:1,0
DA:5,0
DA:8,0
DA:9,0
DA:10,0
DA:17,0
LF:6
LH:0
BRF:0
BRH:0
end_of_record
TN:
SF:src\controllers\index.js
FNF:0
FNH:0
DA:7,0
DA:9,0
DA:10,0
DA:11,0
DA:12,0
DA:13,0
DA:15,0
DA:16,0
DA:17,0
DA:18,0
DA:19,0
DA:21,0
LF:12
LH:0
BRF:0
BRH:0
end_of_record
TN:
SF:src\controllers\notificationController.js
FN:4,(anonymous_0)
FN:8,(anonymous_1)
FN:27,(anonymous_2)
FN:35,(anonymous_3)
FNF:4
FNH:0
FNDA:0,(anonymous_0)
FNDA:0,(anonymous_1)
FNDA:0,(anonymous_2)
FNDA:0,(anonymous_3)
DA:1,0
DA:5,0
DA:8,0
DA:9,0
DA:10,0
DA:11,0
DA:13,0
DA:20,0
DA:27,0
DA:28,0
DA:29,0
DA:35,0
DA:36,0
DA:37,0
DA:43,0
LF:15
LH:0
BRDA:9,0,0,0
BRDA:9,0,1,0
BRDA:10,1,0,0
BRDA:10,1,1,0
BRDA:11,2,0,0
BRDA:11,2,1,0
BRDA:11,3,0,0
BRDA:11,3,1,0
BRF:8
BRH:0
end_of_record
TN:
SF:src\controllers\organizationController.js
FN:5,(anonymous_0)
FN:9,(anonymous_1)
FN:17,(anonymous_2)
FN:25,(anonymous_3)
FN:33,(anonymous_4)
FN:39,(anonymous_5)
FN:58,(anonymous_6)
FNF:7
FNH:0
FNDA:0,(anonymous_0)
FNDA:0,(anonymous_1)
FNDA:0,(anonymous_2)
FNDA:0,(anonymous_3)
FNDA:0,(anonymous_4)
FNDA:0,(anonymous_5)
FNDA:0,(anonymous_6)
DA:1,0
DA:2,0
DA:6,0
DA:9,0
DA:10,0
DA:11,0
DA:17,0
DA:18,0
DA:19,0
DA:25,0
DA:26,0
DA:27,0
DA:33,0
DA:34,0
DA:35,0
DA:36,0
DA:39,0
DA:40,0
DA:41,0
DA:42,0
DA:43,0
DA:45,0
DA:51,0
DA:58,0
DA:59,0
DA:60,0
DA:63,0
DA:64,0
DA:66,0
DA:73,0
LF:30
LH:0
BRDA:40,0,0,0
BRDA:40,0,1,0
BRDA:41,1,0,0
BRDA:41,1,1,0
BRDA:42,2,0,0
BRDA:42,2,1,0
BRDA:43,3,0,0
BRDA:43,3,1,0
BRDA:59,4,0,0
BRDA:59,4,1,0
BRF:10
BRH:0
end_of_record
TN:
SF:src\middleware\auth.js
FN:5,(anonymous_0)
FN:26,(anonymous_1)
FN:27,(anonymous_2)
FNF:3
FNH:3
FNDA:2,(anonymous_0)
FNDA:8,(anonymous_1)
FNDA:8,(anonymous_2)
DA:1,1
DA:2,1
DA:3,1
DA:5,1
DA:6,2
DA:8,2
DA:9,0
DA:12,2
DA:14,2
DA:15,2
DA:16,2
DA:17,2
DA:19,0
DA:20,0
DA:22,0
DA:26,1
DA:27,8
DA:28,8
DA:29,0
DA:31,8
DA:32,0
DA:34,8
DA:38,1
LF:23
LH:17
BRDA:8,0,0,0
BRDA:8,0,1,2
BRDA:8,1,0,2
BRDA:8,1,1,2
BRDA:19,2,0,0
BRDA:19,2,1,0
BRDA:28,3,0,0
BRDA:28,3,1,8
BRDA:31,4,0,0
BRDA:31,4,1,8
BRF:10
BRH:5
end_of_record
TN:
SF:src\middleware\errorHandler.js
FN:6,(anonymous_0)
FN:24,(anonymous_1)
FNF:2
FNH:0
FNDA:0,(anonymous_0)
FNDA:0,(anonymous_1)
DA:1,0
DA:2,0
DA:3,0
DA:4,0
DA:6,0
DA:7,0
DA:9,0
DA:11,0
DA:15,0
DA:16,0
DA:18,0
DA:21,0
DA:24,0
DA:25,0
DA:27,0
DA:36,0
DA:43,0
DA:46,0
LF:18
LH:0
BRDA:9,0,0,0
BRDA:9,0,1,0
BRDA:11,1,0,0
BRDA:11,1,1,0
BRDA:11,2,0,0
BRDA:11,2,1,0
BRDA:15,3,0,0
BRDA:15,3,1,0
BRDA:16,4,0,0
BRDA:16,4,1,0
BRDA:33,5,0,0
BRDA:33,5,1,0
BRDA:39,6,0,0
BRDA:39,6,1,0
BRDA:40,7,0,0
BRDA:40,7,1,0
BRF:16
BRH:0
end_of_record
TN:
SF:src\middleware\index.js
FNF:0
FNH:0
DA:1,0
DA:2,0
DA:3,0
DA:4,0
DA:5,0
DA:7,0
LF:6
LH:0
BRF:0
BRH:0
end_of_record
TN:
SF:src\middleware\upload.js
FN:7,(anonymous_0)
FN:10,(anonymous_1)
FN:17,(anonymous_2)
FNF:3
FNH:0
FNDA:0,(anonymous_0)
FNDA:0,(anonymous_1)
FNDA:0,(anonymous_2)
DA:1,0
DA:2,0
DA:3,0
DA:4,0
DA:6,0
DA:8,0
DA:11,0
DA:12,0
DA:13,0
DA:17,0
DA:18,0
DA:31,0
DA:32,0
DA:34,0
DA:38,0
DA:44,0
LF:16
LH:0
BRDA:31,0,0,0
BRDA:31,0,1,0
BRF:2
BRH:0
end_of_record
TN:
SF:src\middleware\validate.js
FN:4,(anonymous_0)
FN:5,(anonymous_1)
FN:15,(anonymous_2)
FNF:3
FNH:0
FNDA:0,(anonymous_0)
FNDA:0,(anonymous_1)
FNDA:0,(anonymous_2)
DA:1,0
DA:2,0
DA:4,0
DA:5,0
DA:6,0
DA:8,0
DA:9,0
DA:12,0
DA:14,0
DA:15,0
DA:21,0
DA:28,0
DA:29,0
DA:33,0
LF:14
LH:0
BRDA:4,0,0,0
BRDA:8,1,0,0
BRDA:8,1,1,0
BRDA:14,2,0,0
BRDA:14,2,1,0
BRF:5
BRH:0
end_of_record
TN:
SF:src\repositories\assignmentRepository.js
FN:5,(anonymous_0)
FN:11,(anonymous_1)
FN:27,(anonymous_2)
FNF:3
FNH:3
FNDA:9,(anonymous_0)
FNDA:2,(anonymous_1)
FNDA:7,(anonymous_2)
DA:1,2
DA:2,2
DA:6,9
DA:7,9
DA:8,9
DA:12,2
DA:28,7
DA:29,7
DA:30,7
DA:31,7
DA:32,7
DA:34,7
DA:47,2
LF:13
LH:13
BRDA:5,0,0,9
BRDA:27,1,0,0
BRDA:28,2,0,6
BRDA:28,3,0,6
BRDA:30,4,0,2
BRDA:30,4,1,5
BRDA:31,5,0,2
BRDA:31,5,1,5
BRDA:32,6,0,2
BRDA:32,6,1,5
BRF:10
BRH:9
end_of_record
TN:
SF:src\repositories\baseRepository.js
FN:4,(anonymous_0)
FN:8,(anonymous_1)
FN:12,(anonymous_2)
FN:16,(anonymous_3)
FN:20,(anonymous_4)
FN:24,(anonymous_5)
FN:28,(anonymous_6)
FN:32,(anonymous_7)
FN:36,(anonymous_8)
FNF:9
FNH:9
FNDA:51,(anonymous_0)
FNDA:2,(anonymous_1)
FNDA:2,(anonymous_2)
FNDA:2,(anonymous_3)
FNDA:1,(anonymous_4)
FNDA:1,(anonymous_5)
FNDA:1,(anonymous_6)
FNDA:2,(anonymous_7)
FNDA:15,(anonymous_8)
DA:1,4
DA:5,51
DA:9,2
DA:13,2
DA:17,2
DA:21,1
DA:25,1
DA:29,1
DA:33,2
DA:37,15
DA:38,15
DA:40,15
DA:51,15
DA:65,4
LF:14
LH:14
BRDA:16,0,0,1
BRDA:32,1,0,1
BRDA:36,2,0,1
BRDA:37,3,0,3
BRDA:37,4,0,3
BRDA:37,5,0,4
BRDA:37,6,0,6
BRF:7
BRH:7
end_of_record
TN:
SF:src\repositories\dashboardRepository.js
FN:4,(anonymous_0)
FN:8,(anonymous_1)
FNF:2
FNH:2
FNDA:9,(anonymous_0)
FNDA:9,(anonymous_1)
DA:1,2
DA:5,9
DA:9,9
DA:10,9
DA:11,9
DA:26,9
DA:123,9
DA:139,2
LF:8
LH:8
BRDA:4,0,0,9
BRF:1
BRH:1
end_of_record
TN:
SF:src\repositories\index.js
FNF:0
FNH:0
DA:1,1
DA:2,1
DA:3,1
DA:4,1
DA:5,1
DA:7,1
LF:6
LH:6
BRF:0
BRH:0
end_of_record
TN:
SF:src\repositories\notificationRepository.js
FN:5,(anonymous_0)
FN:11,(anonymous_1)
FN:26,(anonymous_2)
FN:33,(anonymous_3)
FNF:4
FNH:0
FNDA:0,(anonymous_0)
FNDA:0,(anonymous_1)
FNDA:0,(anonymous_2)
FNDA:0,(anonymous_3)
DA:1,1
DA:2,1
DA:6,0
DA:7,0
DA:8,0
DA:12,0
DA:13,0
DA:14,0
DA:15,0
DA:18,0
DA:27,0
DA:34,0
DA:41,1
LF:13
LH:3
BRDA:5,0,0,0
BRDA:11,1,0,0
BRDA:12,2,0,0
BRDA:12,3,0,0
BRDA:14,4,0,0
BRDA:14,4,1,0
BRF:6
BRH:0
end_of_record
TN:
SF:src\repositories\organizationRepository.js
FN:5,(anonymous_0)
FN:11,(anonymous_1)
FN:18,(anonymous_2)
FN:24,(anonymous_3)
FNF:4
FNH:4
FNDA:6,(anonymous_0)
FNDA:1,(anonymous_1)
FNDA:2,(anonymous_2)
FNDA:3,(anonymous_3)
DA:1,2
DA:2,2
DA:6,6
DA:7,6
DA:8,6
DA:12,1
DA:19,2
DA:25,3
DA:26,3
DA:36,2
LF:10
LH:10
BRDA:5,0,0,6
BRDA:24,1,0,0
BRDA:25,2,0,2
BRF:3
BRH:2
end_of_record
TN:
SF:src\routes\index.js
FNF:0
FNH:0
DA:1,0
DA:2,0
DA:3,0
DA:5,0
DA:7,0
DA:9,0
LF:6
LH:0
BRF:0
BRH:0
end_of_record
TN:
SF:src\routes\v1\assignmentRoutes.js
FNF:0
FNH:0
DA:1,0
DA:2,0
DA:3,0
DA:4,0
DA:11,0
DA:12,0
DA:14,0
DA:16,0
DA:24,0
DA:32,0
DA:39,0
DA:46,0
DA:53,0
DA:61,0
LF:14
LH:0
BRF:0
BRH:0
end_of_record
TN:
SF:src\routes\v1\authRoutes.js
FNF:0
FNH:0
DA:1,0
DA:2,0
DA:3,0
DA:4,0
DA:5,0
DA:7,0
DA:9,0
DA:10,0
DA:11,0
DA:12,0
DA:14,0
LF:11
LH:0
BRF:0
BRH:0
end_of_record
TN:
SF:src\routes\v1\dashboardRoutes.js
FNF:0
FNH:0
DA:1,0
DA:2,0
DA:3,0
DA:5,0
DA:7,0
DA:9,0
LF:6
LH:0
BRF:0
BRH:0
end_of_record
TN:
SF:src\routes\v1\index.js
FN:12,(anonymous_0)
FNF:1
FNH:0
FNDA:0,(anonymous_0)
DA:1,0
DA:2,0
DA:4,0
DA:5,0
DA:6,0
DA:7,0
DA:8,0
DA:10,0
DA:12,0
DA:13,0
DA:23,0
DA:24,0
DA:25,0
DA:26,0
DA:27,0
DA:29,0
LF:16
LH:0
BRDA:18,0,0,0
BRDA:18,0,1,0
BRF:2
BRH:0
end_of_record
TN:
SF:src\routes\v1\notificationRoutes.js
FNF:0
FNH:0
DA:1,0
DA:2,0
DA:3,0
DA:5,0
DA:7,0
DA:8,0
DA:9,0
DA:11,0
LF:8
LH:0
BRF:0
BRH:0
end_of_record
TN:
SF:src\routes\v1\organizationRoutes.js
FNF:0
FNH:0
DA:1,0
DA:2,0
DA:3,0
DA:4,0
DA:5,0
DA:6,0
DA:7,0
DA:9,0
DA:11,0
DA:24,0
DA:41,0
DA:49,0
LF:12
LH:0
BRF:0
BRH:0
end_of_record
TN:
SF:src\services\assignmentService.js
FN:5,(anonymous_0)
FN:11,(anonymous_1)
FN:12,(anonymous_2)
FN:52,(anonymous_3)
FN:53,(anonymous_4)
FN:95,(anonymous_5)
FN:96,(anonymous_6)
FN:137,(anonymous_7)
FN:138,(anonymous_8)
FN:184,(anonymous_9)
FN:185,(anonymous_10)
FN:255,(anonymous_11)
FNF:12
FNH:12
FNDA:17,(anonymous_0)
FNDA:7,(anonymous_1)
FNDA:7,(anonymous_2)
FNDA:6,(anonymous_3)
FNDA:6,(anonymous_4)
FNDA:2,(anonymous_5)
FNDA:2,(anonymous_6)
FNDA:5,(anonymous_7)
FNDA:5,(anonymous_8)
FNDA:2,(anonymous_9)
FNDA:2,(anonymous_10)
FNDA:1,(anonymous_11)
DA:1,1
DA:2,1
DA:6,17
DA:7,17
DA:8,17
DA:11,17
DA:12,7
DA:13,7
DA:14,7
DA:15,2
DA:18,5
DA:19,2
DA:22,3
DA:23,3
DA:24,1
DA:27,2
DA:37,2
DA:42,2
DA:48,2
DA:52,17
DA:53,6
DA:54,6
DA:59,6
DA:60,1
DA:63,5
DA:64,2
DA:67,3
DA:68,2
DA:71,1
DA:80,1
DA:85,1
DA:91,1
DA:95,17
DA:96,2
DA:97,2
DA:102,2
DA:103,0
DA:106,2
DA:107,0
DA:110,2
DA:111,0
DA:114,2
DA:122,2
DA:127,2
DA:133,2
DA:137,17
DA:138,5
DA:139,5
DA:144,5
DA:145,0
DA:148,5
DA:149,2
DA:152,3
DA:153,2
DA:156,1
DA:158,1
DA:166,1
DA:174,1
DA:180,1
DA:184,17
DA:185,2
DA:186,2
DA:187,2
DA:188,0
DA:191,2
DA:192,2
DA:193,0
DA:196,2
DA:197,2
DA:198,0
DA:201,2
DA:210,2
DA:211,1
DA:214,1
DA:222,1
DA:231,1
DA:239,1
DA:245,1
DA:251,1
DA:255,17
DA:256,1
DA:260,1
LF:82
LH:75
BRDA:5,0,0,0
BRDA:14,1,0,2
BRDA:14,1,1,5
BRDA:18,2,0,2
BRDA:18,2,1,3
BRDA:23,3,0,1
BRDA:23,3,1,2
BRDA:32,4,0,1
BRDA:32,4,1,1
BRDA:59,5,0,1
BRDA:59,5,1,5
BRDA:63,6,0,2
BRDA:63,6,1,3
BRDA:67,7,0,2
BRDA:67,7,1,1
BRDA:102,8,0,0
BRDA:102,8,1,2
BRDA:106,9,0,0
BRDA:106,9,1,2
BRDA:110,10,0,0
BRDA:110,10,1,2
BRDA:118,11,0,2
BRDA:118,11,1,1
BRDA:144,12,0,0
BRDA:144,12,1,5
BRDA:148,13,0,2
BRDA:148,13,1,3
BRDA:152,14,0,2
BRDA:152,14,1,1
BRDA:156,15,0,0
BRDA:156,15,1,1
BRDA:162,16,0,1
BRDA:162,16,1,0
BRDA:162,17,0,1
BRDA:162,17,1,0
BRDA:187,18,0,0
BRDA:187,18,1,2
BRDA:192,19,0,0
BRDA:192,19,1,2
BRDA:197,20,0,0
BRDA:197,20,1,2
BRDA:210,21,0,1
BRDA:210,21,1,1
BRDA:218,22,0,1
BRDA:218,22,1,0
BRDA:226,23,0,0
BRDA:226,23,1,1
BRF:47
BRH:34
end_of_record
TN:
SF:src\services\authService.js
FN:9,(anonymous_0)
FN:13,(anonymous_1)
FN:45,(anonymous_2)
FN:83,(anonymous_3)
FN:101,(anonymous_4)
FNF:5
FNH:5
FNDA:20,(anonymous_0)
FNDA:8,(anonymous_1)
FNDA:10,(anonymous_2)
FNDA:4,(anonymous_3)
FNDA:3,(anonymous_4)
DA:1,1
DA:2,1
DA:3,1
DA:4,1
DA:5,1
DA:6,1
DA:10,20
DA:14,8
DA:15,8
DA:16,2
DA:18,6
DA:19,2
DA:22,4
DA:23,4
DA:24,2
DA:27,2
DA:29,2
DA:35,2
DA:46,10
DA:47,10
DA:48,2
DA:51,8
DA:52,8
DA:53,8
DA:55,8
DA:56,8
DA:58,8
DA:67,8
DA:73,8
DA:84,4
DA:85,4
DA:86,2
DA:88,2
DA:102,3
DA:103,3
DA:104,2
DA:106,1
DA:110,1
LF:38
LH:38
BRDA:15,0,0,2
BRDA:15,0,1,6
BRDA:18,1,0,2
BRDA:18,1,1,4
BRDA:23,2,0,2
BRDA:23,2,1,2
BRDA:47,3,0,2
BRDA:47,3,1,8
BRDA:53,4,0,8
BRDA:53,4,1,1
BRDA:85,5,0,2
BRDA:85,5,1,2
BRDA:103,6,0,2
BRDA:103,6,1,1
BRF:14
BRH:14
end_of_record
TN:
SF:src\services\dashboardService.js
FN:4,(anonymous_0)
FN:8,(anonymous_1)
FN:13,(anonymous_2)
FN:19,(anonymous_3)
FN:20,(anonymous_4)
FN:30,(anonymous_5)
FN:43,(anonymous_6)
FN:53,(anonymous_7)
FN:60,(anonymous_8)
FN:85,(anonymous_9)
FN:93,(anonymous_10)
FN:101,(anonymous_11)
FN:111,(anonymous_12)
FNF:13
FNH:13
FNDA:11,(anonymous_0)
FNDA:11,(anonymous_1)
FNDA:3,(anonymous_2)
FNDA:2,(anonymous_3)
FNDA:3,(anonymous_4)
FNDA:3,(anonymous_5)
FNDA:4,(anonymous_6)
FNDA:121,(anonymous_7)
FNDA:4,(anonymous_8)
FNDA:2,(anonymous_9)
FNDA:18,(anonymous_10)
FNDA:2,(anonymous_11)
FNDA:46,(anonymous_12)
DA:1,1
DA:5,11
DA:8,11
DA:9,11
DA:10,11
DA:13,11
DA:19,11
DA:20,11
DA:21,3
DA:22,3
DA:30,11
DA:36,11
DA:37,11
DA:38,132
DA:39,132
DA:40,132
DA:43,11
DA:44,4
DA:45,4
DA:46,4
DA:47,1
DA:48,1
DA:49,1
DA:53,121
DA:56,11
DA:57,11
DA:58,11
DA:60,11
DA:61,4
DA:62,4
DA:64,4
DA:65,4
DA:66,1
DA:68,3
DA:69,3
DA:70,1
DA:72,2
DA:73,2
DA:78,11
DA:85,11
DA:91,11
DA:93,11
DA:94,18
DA:101,11
DA:102,2
DA:103,2
DA:110,11
DA:111,46
DA:114,11
DA:129,1
LF:50
LH:50
BRDA:21,0,0,2
BRDA:21,0,1,1
BRDA:23,1,0,2
BRDA:23,1,1,1
BRDA:24,2,0,2
BRDA:24,2,1,1
BRDA:31,3,0,3
BRDA:31,3,1,1
BRDA:46,4,0,1
BRDA:46,4,1,3
BRDA:47,5,0,1
BRDA:47,5,1,0
BRDA:61,6,0,4
BRDA:61,6,1,0
BRDA:65,7,0,1
BRDA:65,7,1,3
BRDA:69,8,0,1
BRDA:69,8,1,2
BRDA:87,9,0,2
BRDA:87,9,1,1
BRDA:102,10,0,1
BRDA:102,10,1,1
BRF:22
BRH:20
end_of_record
TN:
SF:src\services\index.js
FNF:0
FNH:0
DA:6,0
DA:8,0
DA:9,0
DA:10,0
DA:11,0
DA:12,0
DA:14,0
DA:15,0
DA:17,0
DA:18,0
DA:20,0
DA:21,0
DA:23,0
DA:24,0
DA:26,0
DA:28,0
LF:16
LH:0
BRF:0
BRH:0
end_of_record
TN:
SF:src\services\notificationService.js
FN:4,(anonymous_0)
FN:8,(anonymous_1)
FN:16,(anonymous_2)
FN:20,(anonymous_3)
FN:31,(anonymous_4)
FNF:5
FNH:0
FNDA:0,(anonymous_0)
FNDA:0,(anonymous_1)
FNDA:0,(anonymous_2)
FNDA:0,(anonymous_3)
FNDA:0,(anonymous_4)
DA:1,0
DA:5,0
DA:8,0
DA:9,0
DA:16,0
DA:17,0
DA:20,0
DA:21,0
DA:22,0
DA:23,0
DA:25,0
DA:26,0
DA:28,0
DA:31,0
DA:32,0
DA:36,0
LF:16
LH:0
BRDA:22,0,0,0
BRDA:22,0,1,0
BRDA:25,1,0,0
BRDA:25,1,1,0
BRF:4
BRH:0
end_of_record
TN:
SF:src\services\organizationService.js
FN:4,(anonymous_0)
FN:8,(anonymous_1)
FN:19,(anonymous_2)
FN:27,(anonymous_3)
FN:46,(anonymous_4)
FN:54,(anonymous_5)
FN:58,(anonymous_6)
FNF:7
FNH:7
FNDA:14,(anonymous_0)
FNDA:3,(anonymous_1)
FNDA:12,(anonymous_2)
FNDA:4,(anonymous_3)
FNDA:3,(anonymous_4)
FNDA:2,(anonymous_5)
FNDA:2,(anonymous_6)
DA:1,1
DA:5,14
DA:8,14
DA:9,3
DA:13,3
DA:14,2
DA:16,1
DA:19,14
DA:20,12
DA:21,12
DA:22,4
DA:24,8
DA:27,14
DA:28,4
DA:30,4
DA:31,2
DA:38,2
DA:39,2
DA:43,2
DA:46,14
DA:47,3
DA:48,2
DA:49,1
DA:51,1
DA:54,14
DA:55,2
DA:58,14
DA:59,2
DA:60,1
DA:64,1
LF:30
LH:30
BRDA:13,0,0,2
BRDA:13,0,1,1
BRDA:21,1,0,4
BRDA:21,1,1,8
BRDA:30,2,0,2
BRDA:30,2,1,2
BRDA:30,3,0,4
BRDA:30,3,1,3
BRDA:38,4,0,2
BRDA:38,4,1,0
BRDA:46,5,0,2
BRDA:48,6,0,1
BRDA:48,6,1,1
BRF:13
BRH:12
end_of_record
TN:
SF:src\types\index.js
FNF:0
FNH:0
DA:36,0
LF:1
LH:0
BRF:0
BRH:0
end_of_record
TN:
SF:src\utils\ApiError.js
FN:4,(anonymous_0)
FN:13,(anonymous_1)
FN:17,(anonymous_2)
FN:21,(anonymous_3)
FN:25,(anonymous_4)
FN:29,(anonymous_5)
FN:33,(anonymous_6)
FN:37,(anonymous_7)
FNF:8
FNH:8
FNDA:45,(anonymous_0)
FNDA:8,(anonymous_1)
FNDA:5,(anonymous_2)
FNDA:5,(anonymous_3)
FNDA:13,(anonymous_4)
FNDA:9,(anonymous_5)
FNDA:1,(anonymous_6)
FNDA:1,(anonymous_7)
DA:1,7
DA:5,45
DA:6,45
DA:7,45
DA:8,45
DA:9,45
DA:10,45
DA:14,8
DA:18,5
DA:22,5
DA:26,13
DA:30,9
DA:34,1
DA:38,1
DA:42,7
LF:15
LH:15
BRDA:4,0,0,3
BRDA:13,1,0,0
BRDA:13,2,0,8
BRDA:17,3,0,0
BRDA:17,4,0,5
BRDA:21,5,0,0
BRDA:21,6,0,5
BRDA:25,7,0,0
BRDA:25,8,0,13
BRDA:29,9,0,0
BRDA:29,10,0,9
BRDA:33,11,0,0
BRDA:33,12,0,1
BRDA:37,13,0,0
BRDA:37,14,0,1
BRF:15
BRH:8
end_of_record
TN:
SF:src\utils\asyncHandler.js
FN:1,(anonymous_0)
FN:1,(anonymous_1)
FNF:2
FNH:2
FNDA:1,(anonymous_0)
FNDA:2,(anonymous_1)
DA:1,3
DA:2,2
DA:5,3
LF:3
LH:3
BRF:0
BRH:0
end_of_record
TN:
SF:src\utils\index.js
FNF:0
FNH:0
DA:1,3
DA:2,3
DA:3,3
DA:5,3
LF:4
LH:4
BRF:0
BRH:0
end_of_record
TN:
SF:src\utils\responseWrapper.js
FN:4,(anonymous_0)
FN:16,(anonymous_1)
FN:24,(anonymous_2)
FN:28,(anonymous_3)
FNF:4
FNH:4
FNDA:10,(anonymous_0)
FNDA:2,(anonymous_1)
FNDA:1,(anonymous_2)
FNDA:3,(anonymous_3)
DA:1,3
DA:5,10
DA:10,10
DA:11,3
DA:13,10
DA:17,2
DA:25,1
DA:29,3
DA:33,3
LF:9
LH:9
BRDA:4,0,0,1
BRDA:4,1,0,3
BRDA:4,2,0,7
BRDA:4,3,0,7
BRDA:10,4,0,3
BRDA:10,4,1,7
BRDA:16,5,0,0
BRDA:16,6,0,1
BRDA:28,7,0,0
BRDA:28,8,0,1
BRF:10
BRH:8
end_of_record
TN:
SF:src\validators\assignment.js
FNF:0
FNH:0
DA:1,0
DA:3,0
DA:14,0
DA:20,0
DA:26,0
DA:31,0
DA:44,0
LF:7
LH:0
BRF:0
BRH:0
end_of_record
TN:
SF:src\validators\auth.js
FNF:0
FNH:0
DA:1,0
DA:3,0
DA:8,0
DA:14,0
DA:18,0
LF:5
LH:0
BRF:0
BRH:0
end_of_record
TN:
SF:src\validators\index.js
FNF:0
FNH:0
DA:1,0
DA:2,0
DA:9,0
DA:10,0
DA:12,0
DA:19,0
LF:6
LH:0
BRF:0
BRH:0
end_of_record
TN:
SF:src\validators\organization.js
FNF:0
FNH:0
DA:1,0
DA:3,0
DA:20,0
DA:22,0
LF:4
LH:0
BRF:0
BRH:0
end_of_record
